[1.097s] Invoking command in '/home/naynn/Documents/fc2025/fc2025/src/pose': PYTHONPATH=/home/naynn/Documents/fc2025/fc2025/src/build/pose/prefix_override:/usr/lib/python3/dist-packages/colcon_core/task/python/colcon_distutils_commands:/home/naynn/Documents/fc2025/fc2025/src/install/pose/lib/python3.10/site-packages:${PYTHONPATH} /usr/bin/python3 -W ignore:setup.py install is deprecated -W ignore:easy_install command is deprecated setup.py egg_info --egg-base ../build/pose build --build-base /home/naynn/Documents/fc2025/fc2025/src/build/pose/build install --record /home/naynn/Documents/fc2025/fc2025/src/build/pose/install.log --single-version-externally-managed install_data
[1.258s] running egg_info
[1.268s] writing ../build/pose/pose.egg-info/PKG-INFO
[1.268s] writing dependency_links to ../build/pose/pose.egg-info/dependency_links.txt
[1.268s] writing entry points to ../build/pose/pose.egg-info/entry_points.txt
[1.268s] writing requirements to ../build/pose/pose.egg-info/requires.txt
[1.268s] writing top-level names to ../build/pose/pose.egg-info/top_level.txt
[1.352s] reading manifest file '../build/pose/pose.egg-info/SOURCES.txt'
[1.353s] adding license file 'LICENSE'
[1.353s] writing manifest file '../build/pose/pose.egg-info/SOURCES.txt'
[1.353s] running build
[1.354s] running build_py
[1.354s] copying pose/__init__.py -> /home/naynn/Documents/fc2025/fc2025/src/build/pose/build/lib/pose
[1.354s] copying pose/nodepose.py -> /home/naynn/Documents/fc2025/fc2025/src/build/pose/build/lib/pose
[1.354s] running install
[1.358s] running install_lib
[1.371s] running install_data
[1.371s] copying resource/pose -> /home/naynn/Documents/fc2025/fc2025/src/install/pose/share/ament_index/resource_index/packages
[1.371s] copying package.xml -> /home/naynn/Documents/fc2025/fc2025/src/install/pose/share/pose
[1.372s] running install_egg_info
[1.383s] removing '/home/naynn/Documents/fc2025/fc2025/src/install/pose/lib/python3.10/site-packages/pose-0.0.0-py3.10.egg-info' (and everything under it)
[1.383s] Copying ../build/pose/pose.egg-info to /home/naynn/Documents/fc2025/fc2025/src/install/pose/lib/python3.10/site-packages/pose-0.0.0-py3.10.egg-info
[1.383s] running install_scripts
[1.413s] Installing node script to /home/naynn/Documents/fc2025/fc2025/src/install/pose/lib/pose
[1.413s] writing list of installed files to '/home/naynn/Documents/fc2025/fc2025/src/build/pose/install.log'
[1.433s] Invoked command in '/home/naynn/Documents/fc2025/fc2025/src/pose' returned '0': PYTHONPATH=/home/naynn/Documents/fc2025/fc2025/src/build/pose/prefix_override:/usr/lib/python3/dist-packages/colcon_core/task/python/colcon_distutils_commands:/home/naynn/Documents/fc2025/fc2025/src/install/pose/lib/python3.10/site-packages:${PYTHONPATH} /usr/bin/python3 -W ignore:setup.py install is deprecated -W ignore:easy_install command is deprecated setup.py egg_info --egg-base ../build/pose build --build-base /home/naynn/Documents/fc2025/fc2025/src/build/pose/build install --record /home/naynn/Documents/fc2025/fc2025/src/build/pose/install.log --single-version-externally-managed install_data
