[1.061s] Invoking command in '/home/naynn/Documents/fc2025/fc2025/src/waypoint_gen': PYTHONPATH=/home/naynn/Documents/fc2025/fc2025/src/build/waypoint_gen/prefix_override:/usr/lib/python3/dist-packages/colcon_core/task/python/colcon_distutils_commands:/home/naynn/Documents/fc2025/fc2025/src/install/waypoint_gen/lib/python3.10/site-packages:${PYTHONPATH} /usr/bin/python3 -W ignore:setup.py install is deprecated -W ignore:easy_install command is deprecated setup.py egg_info --egg-base ../build/waypoint_gen build --build-base /home/naynn/Documents/fc2025/fc2025/src/build/waypoint_gen/build install --record /home/naynn/Documents/fc2025/fc2025/src/build/waypoint_gen/install.log --single-version-externally-managed install_data
[1.224s] running egg_info
[1.233s] writing ../build/waypoint_gen/waypoint_gen.egg-info/PKG-INFO
[1.234s] writing dependency_links to ../build/waypoint_gen/waypoint_gen.egg-info/dependency_links.txt
[1.234s] writing entry points to ../build/waypoint_gen/waypoint_gen.egg-info/entry_points.txt
[1.234s] writing requirements to ../build/waypoint_gen/waypoint_gen.egg-info/requires.txt
[1.234s] writing top-level names to ../build/waypoint_gen/waypoint_gen.egg-info/top_level.txt
[1.320s] reading manifest file '../build/waypoint_gen/waypoint_gen.egg-info/SOURCES.txt'
[1.320s] adding license file 'LICENSE'
[1.321s] writing manifest file '../build/waypoint_gen/waypoint_gen.egg-info/SOURCES.txt'
[1.322s] running build
[1.322s] running build_py
[1.322s] copying waypoint_gen/__init__.py -> /home/naynn/Documents/fc2025/fc2025/src/build/waypoint_gen/build/lib/waypoint_gen
[1.322s] copying waypoint_gen/node.py -> /home/naynn/Documents/fc2025/fc2025/src/build/waypoint_gen/build/lib/waypoint_gen
[1.322s] running install
[1.325s] running install_lib
[1.336s] running install_data
[1.336s] copying resource/waypoint_gen -> /home/naynn/Documents/fc2025/fc2025/src/install/waypoint_gen/share/ament_index/resource_index/packages
[1.336s] copying package.xml -> /home/naynn/Documents/fc2025/fc2025/src/install/waypoint_gen/share/waypoint_gen
[1.336s] running install_egg_info
[1.350s] removing '/home/naynn/Documents/fc2025/fc2025/src/install/waypoint_gen/lib/python3.10/site-packages/waypoint_gen-0.0.0-py3.10.egg-info' (and everything under it)
[1.351s] Copying ../build/waypoint_gen/waypoint_gen.egg-info to /home/naynn/Documents/fc2025/fc2025/src/install/waypoint_gen/lib/python3.10/site-packages/waypoint_gen-0.0.0-py3.10.egg-info
[1.352s] running install_scripts
[1.384s] Installing node script to /home/naynn/Documents/fc2025/fc2025/src/install/waypoint_gen/lib/waypoint_gen
[1.384s] writing list of installed files to '/home/naynn/Documents/fc2025/fc2025/src/build/waypoint_gen/install.log'
[1.407s] Invoked command in '/home/naynn/Documents/fc2025/fc2025/src/waypoint_gen' returned '0': PYTHONPATH=/home/naynn/Documents/fc2025/fc2025/src/build/waypoint_gen/prefix_override:/usr/lib/python3/dist-packages/colcon_core/task/python/colcon_distutils_commands:/home/naynn/Documents/fc2025/fc2025/src/install/waypoint_gen/lib/python3.10/site-packages:${PYTHONPATH} /usr/bin/python3 -W ignore:setup.py install is deprecated -W ignore:easy_install command is deprecated setup.py egg_info --egg-base ../build/waypoint_gen build --build-base /home/naynn/Documents/fc2025/fc2025/src/build/waypoint_gen/build install --record /home/naynn/Documents/fc2025/fc2025/src/build/waypoint_gen/install.log --single-version-externally-managed install_data
