/home/naynn/.local/lib/python3.10/site-packages/setuptools/_distutils/dist.py:270: UserWarning: Unknown distribution option: 'tests_require'
  warnings.warn(msg)
running egg_info
creating ../build/waypoint_gen/waypoint_gen.egg-info
writing ../build/waypoint_gen/waypoint_gen.egg-info/PKG-INFO
writing dependency_links to ../build/waypoint_gen/waypoint_gen.egg-info/dependency_links.txt
writing requirements to ../build/waypoint_gen/waypoint_gen.egg-info/requires.txt
writing top-level names to ../build/waypoint_gen/waypoint_gen.egg-info/top_level.txt
writing manifest file '../build/waypoint_gen/waypoint_gen.egg-info/SOURCES.txt'
reading manifest file '../build/waypoint_gen/waypoint_gen.egg-info/SOURCES.txt'
adding license file 'LICENSE'
writing manifest file '../build/waypoint_gen/waypoint_gen.egg-info/SOURCES.txt'
running build
running build_py
creating /home/naynn/Documents/fc2025/fc2025/src/build/waypoint_gen/build/lib/waypoint_gen
copying waypoint_gen/__init__.py -> /home/naynn/Documents/fc2025/fc2025/src/build/waypoint_gen/build/lib/waypoint_gen
copying waypoint_gen/node.py -> /home/naynn/Documents/fc2025/fc2025/src/build/waypoint_gen/build/lib/waypoint_gen
running install
running install_lib
creating /home/naynn/Documents/fc2025/fc2025/src/install/waypoint_gen/lib/python3.10/site-packages/waypoint_gen
copying /home/naynn/Documents/fc2025/fc2025/src/build/waypoint_gen/build/lib/waypoint_gen/__init__.py -> /home/naynn/Documents/fc2025/fc2025/src/install/waypoint_gen/lib/python3.10/site-packages/waypoint_gen
copying /home/naynn/Documents/fc2025/fc2025/src/build/waypoint_gen/build/lib/waypoint_gen/node.py -> /home/naynn/Documents/fc2025/fc2025/src/install/waypoint_gen/lib/python3.10/site-packages/waypoint_gen
byte-compiling /home/naynn/Documents/fc2025/fc2025/src/install/waypoint_gen/lib/python3.10/site-packages/waypoint_gen/__init__.py to __init__.cpython-310.pyc
byte-compiling /home/naynn/Documents/fc2025/fc2025/src/install/waypoint_gen/lib/python3.10/site-packages/waypoint_gen/node.py to node.cpython-310.pyc
running install_data
creating /home/naynn/Documents/fc2025/fc2025/src/install/waypoint_gen/share/ament_index/resource_index/packages
copying resource/waypoint_gen -> /home/naynn/Documents/fc2025/fc2025/src/install/waypoint_gen/share/ament_index/resource_index/packages
copying package.xml -> /home/naynn/Documents/fc2025/fc2025/src/install/waypoint_gen/share/waypoint_gen
running install_egg_info
Copying ../build/waypoint_gen/waypoint_gen.egg-info to /home/naynn/Documents/fc2025/fc2025/src/install/waypoint_gen/lib/python3.10/site-packages/waypoint_gen-0.0.0-py3.10.egg-info
running install_scripts
writing list of installed files to '/home/naynn/Documents/fc2025/fc2025/src/build/waypoint_gen/install.log'
