[0.738s] Invoking command in '/home/naynn/Documents/fc2025/fc2025/src/waypoint_gen': PYTHONPATH=/home/naynn/Documents/fc2025/fc2025/src/build/waypoint_gen/prefix_override:/usr/lib/python3/dist-packages/colcon_core/task/python/colcon_distutils_commands:/home/naynn/Documents/fc2025/fc2025/src/install/waypoint_gen/lib/python3.10/site-packages:${PYTHONPATH} /usr/bin/python3 -W ignore:setup.py install is deprecated -W ignore:easy_install command is deprecated setup.py egg_info --egg-base ../build/waypoint_gen build --build-base /home/naynn/Documents/fc2025/fc2025/src/build/waypoint_gen/build install --record /home/naynn/Documents/fc2025/fc2025/src/build/waypoint_gen/install.log --single-version-externally-managed install_data
[0.830s] /home/naynn/.local/lib/python3.10/site-packages/setuptools/_distutils/dist.py:270: UserWarning: Unknown distribution option: 'tests_require'
[0.830s]   warnings.warn(msg)
[0.881s] running egg_info
[0.889s] creating ../build/waypoint_gen/waypoint_gen.egg-info
[0.889s] writing ../build/waypoint_gen/waypoint_gen.egg-info/PKG-INFO
[0.890s] writing dependency_links to ../build/waypoint_gen/waypoint_gen.egg-info/dependency_links.txt
[0.890s] writing requirements to ../build/waypoint_gen/waypoint_gen.egg-info/requires.txt
[0.890s] writing top-level names to ../build/waypoint_gen/waypoint_gen.egg-info/top_level.txt
[0.945s] writing manifest file '../build/waypoint_gen/waypoint_gen.egg-info/SOURCES.txt'
[0.962s] reading manifest file '../build/waypoint_gen/waypoint_gen.egg-info/SOURCES.txt'
[0.963s] adding license file 'LICENSE'
[0.963s] writing manifest file '../build/waypoint_gen/waypoint_gen.egg-info/SOURCES.txt'
[0.964s] running build
[0.964s] running build_py
[0.964s] creating /home/naynn/Documents/fc2025/fc2025/src/build/waypoint_gen/build/lib/waypoint_gen
[0.964s] copying waypoint_gen/__init__.py -> /home/naynn/Documents/fc2025/fc2025/src/build/waypoint_gen/build/lib/waypoint_gen
[0.964s] copying waypoint_gen/node.py -> /home/naynn/Documents/fc2025/fc2025/src/build/waypoint_gen/build/lib/waypoint_gen
[0.964s] running install
[0.967s] running install_lib
[0.976s] creating /home/naynn/Documents/fc2025/fc2025/src/install/waypoint_gen/lib/python3.10/site-packages/waypoint_gen
[0.976s] copying /home/naynn/Documents/fc2025/fc2025/src/build/waypoint_gen/build/lib/waypoint_gen/__init__.py -> /home/naynn/Documents/fc2025/fc2025/src/install/waypoint_gen/lib/python3.10/site-packages/waypoint_gen
[0.976s] copying /home/naynn/Documents/fc2025/fc2025/src/build/waypoint_gen/build/lib/waypoint_gen/node.py -> /home/naynn/Documents/fc2025/fc2025/src/install/waypoint_gen/lib/python3.10/site-packages/waypoint_gen
[0.976s] byte-compiling /home/naynn/Documents/fc2025/fc2025/src/install/waypoint_gen/lib/python3.10/site-packages/waypoint_gen/__init__.py to __init__.cpython-310.pyc
[0.976s] byte-compiling /home/naynn/Documents/fc2025/fc2025/src/install/waypoint_gen/lib/python3.10/site-packages/waypoint_gen/node.py to node.cpython-310.pyc
[0.977s] running install_data
[0.977s] creating /home/naynn/Documents/fc2025/fc2025/src/install/waypoint_gen/share/ament_index/resource_index/packages
[0.978s] copying resource/waypoint_gen -> /home/naynn/Documents/fc2025/fc2025/src/install/waypoint_gen/share/ament_index/resource_index/packages
[0.978s] copying package.xml -> /home/naynn/Documents/fc2025/fc2025/src/install/waypoint_gen/share/waypoint_gen
[0.978s] running install_egg_info
[0.987s] Copying ../build/waypoint_gen/waypoint_gen.egg-info to /home/naynn/Documents/fc2025/fc2025/src/install/waypoint_gen/lib/python3.10/site-packages/waypoint_gen-0.0.0-py3.10.egg-info
[0.987s] running install_scripts
[1.010s] writing list of installed files to '/home/naynn/Documents/fc2025/fc2025/src/build/waypoint_gen/install.log'
[1.035s] Invoked command in '/home/naynn/Documents/fc2025/fc2025/src/waypoint_gen' returned '0': PYTHONPATH=/home/naynn/Documents/fc2025/fc2025/src/build/waypoint_gen/prefix_override:/usr/lib/python3/dist-packages/colcon_core/task/python/colcon_distutils_commands:/home/naynn/Documents/fc2025/fc2025/src/install/waypoint_gen/lib/python3.10/site-packages:${PYTHONPATH} /usr/bin/python3 -W ignore:setup.py install is deprecated -W ignore:easy_install command is deprecated setup.py egg_info --egg-base ../build/waypoint_gen build --build-base /home/naynn/Documents/fc2025/fc2025/src/build/waypoint_gen/build install --record /home/naynn/Documents/fc2025/fc2025/src/build/waypoint_gen/install.log --single-version-externally-managed install_data
