[1.095s] Invoking command in '/home/naynn/Documents/fc2025/fc2025/src/vision': PYTHONPATH=/home/naynn/Documents/fc2025/fc2025/src/build/vision/prefix_override:/usr/lib/python3/dist-packages/colcon_core/task/python/colcon_distutils_commands:/home/naynn/Documents/fc2025/fc2025/src/install/vision/lib/python3.10/site-packages:${PYTHONPATH} /usr/bin/python3 -W ignore:setup.py install is deprecated -W ignore:easy_install command is deprecated setup.py egg_info --egg-base ../build/vision build --build-base /home/naynn/Documents/fc2025/fc2025/src/build/vision/build install --record /home/naynn/Documents/fc2025/fc2025/src/build/vision/install.log --single-version-externally-managed install_data
[1.187s] /home/naynn/.local/lib/python3.10/site-packages/setuptools/_distutils/dist.py:270: UserWarning: Unknown distribution option: 'tests_require'
[1.188s]   warnings.warn(msg)
[1.240s] running egg_info
[1.249s] creating ../build/vision/vision.egg-info
[1.249s] writing ../build/vision/vision.egg-info/PKG-INFO
[1.249s] writing dependency_links to ../build/vision/vision.egg-info/dependency_links.txt
[1.249s] writing requirements to ../build/vision/vision.egg-info/requires.txt
[1.249s] writing top-level names to ../build/vision/vision.egg-info/top_level.txt
[1.309s] writing manifest file '../build/vision/vision.egg-info/SOURCES.txt'
[1.327s] reading manifest file '../build/vision/vision.egg-info/SOURCES.txt'
[1.328s] adding license file 'LICENSE'
[1.328s] writing manifest file '../build/vision/vision.egg-info/SOURCES.txt'
[1.328s] running build
[1.328s] running build_py
[1.328s] creating /home/naynn/Documents/fc2025/fc2025/src/build/vision/build/lib/vision
[1.328s] copying vision/__init__.py -> /home/naynn/Documents/fc2025/fc2025/src/build/vision/build/lib/vision
[1.329s] running install
[1.331s] running install_lib
[1.340s] creating /home/naynn/Documents/fc2025/fc2025/src/install/vision/lib/python3.10/site-packages/vision
[1.340s] copying /home/naynn/Documents/fc2025/fc2025/src/build/vision/build/lib/vision/__init__.py -> /home/naynn/Documents/fc2025/fc2025/src/install/vision/lib/python3.10/site-packages/vision
[1.340s] byte-compiling /home/naynn/Documents/fc2025/fc2025/src/install/vision/lib/python3.10/site-packages/vision/__init__.py to __init__.cpython-310.pyc
[1.341s] running install_data
[1.341s] creating /home/naynn/Documents/fc2025/fc2025/src/install/vision/share/ament_index/resource_index/packages
[1.341s] copying resource/vision -> /home/naynn/Documents/fc2025/fc2025/src/install/vision/share/ament_index/resource_index/packages
[1.341s] copying package.xml -> /home/naynn/Documents/fc2025/fc2025/src/install/vision/share/vision
[1.341s] running install_egg_info
[1.350s] Copying ../build/vision/vision.egg-info to /home/naynn/Documents/fc2025/fc2025/src/install/vision/lib/python3.10/site-packages/vision-0.0.0-py3.10.egg-info
[1.351s] running install_scripts
[1.373s] writing list of installed files to '/home/naynn/Documents/fc2025/fc2025/src/build/vision/install.log'
[1.393s] Invoked command in '/home/naynn/Documents/fc2025/fc2025/src/vision' returned '0': PYTHONPATH=/home/naynn/Documents/fc2025/fc2025/src/build/vision/prefix_override:/usr/lib/python3/dist-packages/colcon_core/task/python/colcon_distutils_commands:/home/naynn/Documents/fc2025/fc2025/src/install/vision/lib/python3.10/site-packages:${PYTHONPATH} /usr/bin/python3 -W ignore:setup.py install is deprecated -W ignore:easy_install command is deprecated setup.py egg_info --egg-base ../build/vision build --build-base /home/naynn/Documents/fc2025/fc2025/src/build/vision/build install --record /home/naynn/Documents/fc2025/fc2025/src/build/vision/install.log --single-version-externally-managed install_data
