[0.077s] DEBUG:colcon:Command line arguments: ['/usr/bin/colcon', 'build']
[0.077s] DEBUG:colcon:Parsed command line arguments: Namespace(log_base=None, log_level=None, verb_name='build', build_base='build', install_base='install', merge_install=False, symlink_install=False, test_result_base=None, continue_on_error=False, executor='parallel', parallel_workers=16, event_handlers=None, ignore_user_meta=False, metas=['./colcon.meta'], base_paths=['.'], packages_ignore=None, packages_ignore_regex=None, paths=None, packages_up_to=None, packages_up_to_regex=None, packages_above=None, packages_above_and_dependencies=None, packages_above_depth=None, packages_select_by_dep=None, packages_skip_by_dep=None, packages_skip_up_to=None, packages_select_build_failed=False, packages_skip_build_finished=False, packages_select_test_failures=False, packages_skip_test_passed=False, packages_select=None, packages_skip=None, packages_select_regex=None, packages_skip_regex=None, packages_start=None, packages_end=None, allow_overriding=[], cmake_args=None, cmake_target=None, cmake_target_skip_unavailable=False, cmake_clean_cache=False, cmake_clean_first=False, cmake_force_configure=False, ament_cmake_args=None, catkin_cmake_args=None, catkin_skip_building_tests=False, verb_parser=<colcon_defaults.argument_parser.defaults.DefaultArgumentsDecorator object at 0x7693d171d9f0>, verb_extension=<colcon_core.verb.build.BuildVerb object at 0x7693d1863460>, main=<bound method BuildVerb.main of <colcon_core.verb.build.BuildVerb object at 0x7693d1863460>>)
[0.106s] Level 1:colcon.colcon_core.package_discovery:discover_packages(colcon_meta) check parameters
[0.106s] Level 1:colcon.colcon_core.package_discovery:discover_packages(recursive) check parameters
[0.106s] Level 1:colcon.colcon_core.package_discovery:discover_packages(ignore) check parameters
[0.106s] Level 1:colcon.colcon_core.package_discovery:discover_packages(path) check parameters
[0.106s] Level 1:colcon.colcon_core.package_discovery:discover_packages(colcon_meta) discover
[0.106s] Level 1:colcon.colcon_core.package_discovery:discover_packages(recursive) discover
[0.106s] INFO:colcon.colcon_core.package_discovery:Crawling recursively for packages in '/home/naynn/Documents/fc2025/fc2025/src'
[0.106s] Level 1:colcon.colcon_core.package_identification:_identify(.) by extensions ['ignore', 'ignore_ament_install']
[0.106s] Level 1:colcon.colcon_core.package_identification:_identify(.) by extension 'ignore'
[0.106s] Level 1:colcon.colcon_core.package_identification:_identify(.) by extension 'ignore_ament_install'
[0.106s] Level 1:colcon.colcon_core.package_identification:_identify(.) by extensions ['colcon_pkg']
[0.106s] Level 1:colcon.colcon_core.package_identification:_identify(.) by extension 'colcon_pkg'
[0.106s] Level 1:colcon.colcon_core.package_identification:_identify(.) by extensions ['colcon_meta']
[0.106s] Level 1:colcon.colcon_core.package_identification:_identify(.) by extension 'colcon_meta'
[0.106s] Level 1:colcon.colcon_core.package_identification:_identify(.) by extensions ['ros']
[0.106s] Level 1:colcon.colcon_core.package_identification:_identify(.) by extension 'ros'
[0.116s] Level 1:colcon.colcon_core.package_identification:_identify(.) by extensions ['cmake', 'python']
[0.116s] Level 1:colcon.colcon_core.package_identification:_identify(.) by extension 'cmake'
[0.116s] Level 1:colcon.colcon_core.package_identification:_identify(.) by extension 'python'
[0.116s] Level 1:colcon.colcon_core.package_identification:_identify(.) by extensions ['python_setup_py']
[0.116s] Level 1:colcon.colcon_core.package_identification:_identify(.) by extension 'python_setup_py'
[0.116s] Level 1:colcon.colcon_core.package_identification:_identify(RtlToAutoTest) by extensions ['ignore', 'ignore_ament_install']
[0.116s] Level 1:colcon.colcon_core.package_identification:_identify(RtlToAutoTest) by extension 'ignore'
[0.116s] Level 1:colcon.colcon_core.package_identification:_identify(RtlToAutoTest) by extension 'ignore_ament_install'
[0.116s] Level 1:colcon.colcon_core.package_identification:_identify(RtlToAutoTest) by extensions ['colcon_pkg']
[0.116s] Level 1:colcon.colcon_core.package_identification:_identify(RtlToAutoTest) by extension 'colcon_pkg'
[0.116s] Level 1:colcon.colcon_core.package_identification:_identify(RtlToAutoTest) by extensions ['colcon_meta']
[0.116s] Level 1:colcon.colcon_core.package_identification:_identify(RtlToAutoTest) by extension 'colcon_meta'
[0.116s] Level 1:colcon.colcon_core.package_identification:_identify(RtlToAutoTest) by extensions ['ros']
[0.116s] Level 1:colcon.colcon_core.package_identification:_identify(RtlToAutoTest) by extension 'ros'
[0.118s] DEBUG:colcon.colcon_core.package_identification:Package 'RtlToAutoTest' with type 'ros.ament_python' and name 'RtlToAutoTest'
[0.118s] Level 1:colcon.colcon_core.package_identification:_identify(build) by extensions ['ignore', 'ignore_ament_install']
[0.118s] Level 1:colcon.colcon_core.package_identification:_identify(build) by extension 'ignore'
[0.118s] Level 1:colcon.colcon_core.package_identification:_identify(build) ignored
[0.118s] Level 1:colcon.colcon_core.package_identification:_identify(install) by extensions ['ignore', 'ignore_ament_install']
[0.118s] Level 1:colcon.colcon_core.package_identification:_identify(install) by extension 'ignore'
[0.118s] Level 1:colcon.colcon_core.package_identification:_identify(install) ignored
[0.118s] Level 1:colcon.colcon_core.package_identification:_identify(log) by extensions ['ignore', 'ignore_ament_install']
[0.118s] Level 1:colcon.colcon_core.package_identification:_identify(log) by extension 'ignore'
[0.118s] Level 1:colcon.colcon_core.package_identification:_identify(log) ignored
[0.118s] Level 1:colcon.colcon_core.package_identification:_identify(node_test) by extensions ['ignore', 'ignore_ament_install']
[0.118s] Level 1:colcon.colcon_core.package_identification:_identify(node_test) by extension 'ignore'
[0.119s] Level 1:colcon.colcon_core.package_identification:_identify(node_test) by extension 'ignore_ament_install'
[0.119s] Level 1:colcon.colcon_core.package_identification:_identify(node_test) by extensions ['colcon_pkg']
[0.119s] Level 1:colcon.colcon_core.package_identification:_identify(node_test) by extension 'colcon_pkg'
[0.119s] Level 1:colcon.colcon_core.package_identification:_identify(node_test) by extensions ['colcon_meta']
[0.119s] Level 1:colcon.colcon_core.package_identification:_identify(node_test) by extension 'colcon_meta'
[0.119s] Level 1:colcon.colcon_core.package_identification:_identify(node_test) by extensions ['ros']
[0.119s] Level 1:colcon.colcon_core.package_identification:_identify(node_test) by extension 'ros'
[0.119s] DEBUG:colcon.colcon_core.package_identification:Package 'node_test' with type 'ros.ament_python' and name 'node_test'
[0.119s] Level 1:colcon.colcon_core.package_identification:_identify(utils) by extensions ['ignore', 'ignore_ament_install']
[0.119s] Level 1:colcon.colcon_core.package_identification:_identify(utils) by extension 'ignore'
[0.120s] Level 1:colcon.colcon_core.package_identification:_identify(utils) by extension 'ignore_ament_install'
[0.120s] Level 1:colcon.colcon_core.package_identification:_identify(utils) by extensions ['colcon_pkg']
[0.120s] Level 1:colcon.colcon_core.package_identification:_identify(utils) by extension 'colcon_pkg'
[0.120s] Level 1:colcon.colcon_core.package_identification:_identify(utils) by extensions ['colcon_meta']
[0.120s] Level 1:colcon.colcon_core.package_identification:_identify(utils) by extension 'colcon_meta'
[0.120s] Level 1:colcon.colcon_core.package_identification:_identify(utils) by extensions ['ros']
[0.120s] Level 1:colcon.colcon_core.package_identification:_identify(utils) by extension 'ros'
[0.120s] Level 1:colcon.colcon_core.package_identification:_identify(utils) by extensions ['cmake', 'python']
[0.120s] Level 1:colcon.colcon_core.package_identification:_identify(utils) by extension 'cmake'
[0.120s] Level 1:colcon.colcon_core.package_identification:_identify(utils) by extension 'python'
[0.120s] Level 1:colcon.colcon_core.package_identification:_identify(utils) by extensions ['python_setup_py']
[0.120s] Level 1:colcon.colcon_core.package_identification:_identify(utils) by extension 'python_setup_py'
[0.120s] Level 1:colcon.colcon_core.package_identification:_identify(utils/__pycache__) by extensions ['ignore', 'ignore_ament_install']
[0.120s] Level 1:colcon.colcon_core.package_identification:_identify(utils/__pycache__) by extension 'ignore'
[0.120s] Level 1:colcon.colcon_core.package_identification:_identify(utils/__pycache__) by extension 'ignore_ament_install'
[0.120s] Level 1:colcon.colcon_core.package_identification:_identify(utils/__pycache__) by extensions ['colcon_pkg']
[0.120s] Level 1:colcon.colcon_core.package_identification:_identify(utils/__pycache__) by extension 'colcon_pkg'
[0.120s] Level 1:colcon.colcon_core.package_identification:_identify(utils/__pycache__) by extensions ['colcon_meta']
[0.120s] Level 1:colcon.colcon_core.package_identification:_identify(utils/__pycache__) by extension 'colcon_meta'
[0.120s] Level 1:colcon.colcon_core.package_identification:_identify(utils/__pycache__) by extensions ['ros']
[0.120s] Level 1:colcon.colcon_core.package_identification:_identify(utils/__pycache__) by extension 'ros'
[0.120s] Level 1:colcon.colcon_core.package_identification:_identify(utils/__pycache__) by extensions ['cmake', 'python']
[0.120s] Level 1:colcon.colcon_core.package_identification:_identify(utils/__pycache__) by extension 'cmake'
[0.120s] Level 1:colcon.colcon_core.package_identification:_identify(utils/__pycache__) by extension 'python'
[0.120s] Level 1:colcon.colcon_core.package_identification:_identify(utils/__pycache__) by extensions ['python_setup_py']
[0.120s] Level 1:colcon.colcon_core.package_identification:_identify(utils/__pycache__) by extension 'python_setup_py'
[0.120s] Level 1:colcon.colcon_core.package_identification:_identify(utils/test) by extensions ['ignore', 'ignore_ament_install']
[0.120s] Level 1:colcon.colcon_core.package_identification:_identify(utils/test) by extension 'ignore'
[0.120s] Level 1:colcon.colcon_core.package_identification:_identify(utils/test) by extension 'ignore_ament_install'
[0.120s] Level 1:colcon.colcon_core.package_identification:_identify(utils/test) by extensions ['colcon_pkg']
[0.120s] Level 1:colcon.colcon_core.package_identification:_identify(utils/test) by extension 'colcon_pkg'
[0.120s] Level 1:colcon.colcon_core.package_identification:_identify(utils/test) by extensions ['colcon_meta']
[0.120s] Level 1:colcon.colcon_core.package_identification:_identify(utils/test) by extension 'colcon_meta'
[0.120s] Level 1:colcon.colcon_core.package_identification:_identify(utils/test) by extensions ['ros']
[0.120s] Level 1:colcon.colcon_core.package_identification:_identify(utils/test) by extension 'ros'
[0.120s] Level 1:colcon.colcon_core.package_identification:_identify(utils/test) by extensions ['cmake', 'python']
[0.120s] Level 1:colcon.colcon_core.package_identification:_identify(utils/test) by extension 'cmake'
[0.120s] Level 1:colcon.colcon_core.package_identification:_identify(utils/test) by extension 'python'
[0.120s] Level 1:colcon.colcon_core.package_identification:_identify(utils/test) by extensions ['python_setup_py']
[0.120s] Level 1:colcon.colcon_core.package_identification:_identify(utils/test) by extension 'python_setup_py'
[0.120s] Level 1:colcon.colcon_core.package_identification:_identify(visualize) by extensions ['ignore', 'ignore_ament_install']
[0.120s] Level 1:colcon.colcon_core.package_identification:_identify(visualize) by extension 'ignore'
[0.121s] Level 1:colcon.colcon_core.package_identification:_identify(visualize) by extension 'ignore_ament_install'
[0.121s] Level 1:colcon.colcon_core.package_identification:_identify(visualize) by extensions ['colcon_pkg']
[0.121s] Level 1:colcon.colcon_core.package_identification:_identify(visualize) by extension 'colcon_pkg'
[0.121s] Level 1:colcon.colcon_core.package_identification:_identify(visualize) by extensions ['colcon_meta']
[0.121s] Level 1:colcon.colcon_core.package_identification:_identify(visualize) by extension 'colcon_meta'
[0.121s] Level 1:colcon.colcon_core.package_identification:_identify(visualize) by extensions ['ros']
[0.121s] Level 1:colcon.colcon_core.package_identification:_identify(visualize) by extension 'ros'
[0.121s] DEBUG:colcon.colcon_core.package_identification:Package 'visualize' with type 'ros.ament_python' and name 'visualize'
[0.121s] Level 1:colcon.colcon_core.package_identification:_identify(waypoint_gen) by extensions ['ignore', 'ignore_ament_install']
[0.122s] Level 1:colcon.colcon_core.package_identification:_identify(waypoint_gen) by extension 'ignore'
[0.122s] Level 1:colcon.colcon_core.package_identification:_identify(waypoint_gen) by extension 'ignore_ament_install'
[0.122s] Level 1:colcon.colcon_core.package_identification:_identify(waypoint_gen) by extensions ['colcon_pkg']
[0.122s] Level 1:colcon.colcon_core.package_identification:_identify(waypoint_gen) by extension 'colcon_pkg'
[0.122s] Level 1:colcon.colcon_core.package_identification:_identify(waypoint_gen) by extensions ['colcon_meta']
[0.122s] Level 1:colcon.colcon_core.package_identification:_identify(waypoint_gen) by extension 'colcon_meta'
[0.122s] Level 1:colcon.colcon_core.package_identification:_identify(waypoint_gen) by extensions ['ros']
[0.122s] Level 1:colcon.colcon_core.package_identification:_identify(waypoint_gen) by extension 'ros'
[0.122s] DEBUG:colcon.colcon_core.package_identification:Package 'waypoint_gen' with type 'ros.ament_python' and name 'waypoint_gen'
[0.122s] Level 1:colcon.colcon_core.package_discovery:discover_packages(recursive) using defaults
[0.122s] Level 1:colcon.colcon_core.package_discovery:discover_packages(ignore) discover
[0.122s] Level 1:colcon.colcon_core.package_discovery:discover_packages(ignore) using defaults
[0.122s] Level 1:colcon.colcon_core.package_discovery:discover_packages(path) discover
[0.122s] Level 1:colcon.colcon_core.package_discovery:discover_packages(path) using defaults
[0.138s] Level 1:colcon.colcon_core.package_discovery:discover_packages(prefix_path) check parameters
[0.138s] Level 1:colcon.colcon_core.package_discovery:discover_packages(prefix_path) discover
[0.139s] DEBUG:colcon.colcon_installed_package_information.package_discovery:Found 4 installed packages in /home/naynn/Documents/fc2025/fc2025/src/install
[0.140s] DEBUG:colcon.colcon_installed_package_information.package_discovery:Found 298 installed packages in /opt/ros/humble
[0.141s] Level 1:colcon.colcon_core.package_discovery:discover_packages(prefix_path) using defaults
[0.163s] Level 5:colcon.colcon_core.verb:set package 'RtlToAutoTest' build argument 'cmake_args' from command line to 'None'
[0.163s] Level 5:colcon.colcon_core.verb:set package 'RtlToAutoTest' build argument 'cmake_target' from command line to 'None'
[0.163s] Level 5:colcon.colcon_core.verb:set package 'RtlToAutoTest' build argument 'cmake_target_skip_unavailable' from command line to 'False'
[0.163s] Level 5:colcon.colcon_core.verb:set package 'RtlToAutoTest' build argument 'cmake_clean_cache' from command line to 'False'
[0.163s] Level 5:colcon.colcon_core.verb:set package 'RtlToAutoTest' build argument 'cmake_clean_first' from command line to 'False'
[0.163s] Level 5:colcon.colcon_core.verb:set package 'RtlToAutoTest' build argument 'cmake_force_configure' from command line to 'False'
[0.163s] Level 5:colcon.colcon_core.verb:set package 'RtlToAutoTest' build argument 'ament_cmake_args' from command line to 'None'
[0.163s] Level 5:colcon.colcon_core.verb:set package 'RtlToAutoTest' build argument 'catkin_cmake_args' from command line to 'None'
[0.163s] Level 5:colcon.colcon_core.verb:set package 'RtlToAutoTest' build argument 'catkin_skip_building_tests' from command line to 'False'
[0.163s] DEBUG:colcon.colcon_core.verb:Building package 'RtlToAutoTest' with the following arguments: {'ament_cmake_args': None, 'build_base': '/home/naynn/Documents/fc2025/fc2025/src/build/RtlToAutoTest', 'catkin_cmake_args': None, 'catkin_skip_building_tests': False, 'cmake_args': None, 'cmake_clean_cache': False, 'cmake_clean_first': False, 'cmake_force_configure': False, 'cmake_target': None, 'cmake_target_skip_unavailable': False, 'install_base': '/home/naynn/Documents/fc2025/fc2025/src/install/RtlToAutoTest', 'merge_install': False, 'path': '/home/naynn/Documents/fc2025/fc2025/src/RtlToAutoTest', 'symlink_install': False, 'test_result_base': None}
[0.163s] Level 5:colcon.colcon_core.verb:set package 'node_test' build argument 'cmake_args' from command line to 'None'
[0.163s] Level 5:colcon.colcon_core.verb:set package 'node_test' build argument 'cmake_target' from command line to 'None'
[0.163s] Level 5:colcon.colcon_core.verb:set package 'node_test' build argument 'cmake_target_skip_unavailable' from command line to 'False'
[0.163s] Level 5:colcon.colcon_core.verb:set package 'node_test' build argument 'cmake_clean_cache' from command line to 'False'
[0.163s] Level 5:colcon.colcon_core.verb:set package 'node_test' build argument 'cmake_clean_first' from command line to 'False'
[0.163s] Level 5:colcon.colcon_core.verb:set package 'node_test' build argument 'cmake_force_configure' from command line to 'False'
[0.163s] Level 5:colcon.colcon_core.verb:set package 'node_test' build argument 'ament_cmake_args' from command line to 'None'
[0.163s] Level 5:colcon.colcon_core.verb:set package 'node_test' build argument 'catkin_cmake_args' from command line to 'None'
[0.163s] Level 5:colcon.colcon_core.verb:set package 'node_test' build argument 'catkin_skip_building_tests' from command line to 'False'
[0.163s] DEBUG:colcon.colcon_core.verb:Building package 'node_test' with the following arguments: {'ament_cmake_args': None, 'build_base': '/home/naynn/Documents/fc2025/fc2025/src/build/node_test', 'catkin_cmake_args': None, 'catkin_skip_building_tests': False, 'cmake_args': None, 'cmake_clean_cache': False, 'cmake_clean_first': False, 'cmake_force_configure': False, 'cmake_target': None, 'cmake_target_skip_unavailable': False, 'install_base': '/home/naynn/Documents/fc2025/fc2025/src/install/node_test', 'merge_install': False, 'path': '/home/naynn/Documents/fc2025/fc2025/src/node_test', 'symlink_install': False, 'test_result_base': None}
[0.163s] Level 5:colcon.colcon_core.verb:set package 'visualize' build argument 'cmake_args' from command line to 'None'
[0.163s] Level 5:colcon.colcon_core.verb:set package 'visualize' build argument 'cmake_target' from command line to 'None'
[0.163s] Level 5:colcon.colcon_core.verb:set package 'visualize' build argument 'cmake_target_skip_unavailable' from command line to 'False'
[0.163s] Level 5:colcon.colcon_core.verb:set package 'visualize' build argument 'cmake_clean_cache' from command line to 'False'
[0.163s] Level 5:colcon.colcon_core.verb:set package 'visualize' build argument 'cmake_clean_first' from command line to 'False'
[0.163s] Level 5:colcon.colcon_core.verb:set package 'visualize' build argument 'cmake_force_configure' from command line to 'False'
[0.163s] Level 5:colcon.colcon_core.verb:set package 'visualize' build argument 'ament_cmake_args' from command line to 'None'
[0.163s] Level 5:colcon.colcon_core.verb:set package 'visualize' build argument 'catkin_cmake_args' from command line to 'None'
[0.163s] Level 5:colcon.colcon_core.verb:set package 'visualize' build argument 'catkin_skip_building_tests' from command line to 'False'
[0.163s] DEBUG:colcon.colcon_core.verb:Building package 'visualize' with the following arguments: {'ament_cmake_args': None, 'build_base': '/home/naynn/Documents/fc2025/fc2025/src/build/visualize', 'catkin_cmake_args': None, 'catkin_skip_building_tests': False, 'cmake_args': None, 'cmake_clean_cache': False, 'cmake_clean_first': False, 'cmake_force_configure': False, 'cmake_target': None, 'cmake_target_skip_unavailable': False, 'install_base': '/home/naynn/Documents/fc2025/fc2025/src/install/visualize', 'merge_install': False, 'path': '/home/naynn/Documents/fc2025/fc2025/src/visualize', 'symlink_install': False, 'test_result_base': None}
[0.164s] Level 5:colcon.colcon_core.verb:set package 'waypoint_gen' build argument 'cmake_args' from command line to 'None'
[0.164s] Level 5:colcon.colcon_core.verb:set package 'waypoint_gen' build argument 'cmake_target' from command line to 'None'
[0.164s] Level 5:colcon.colcon_core.verb:set package 'waypoint_gen' build argument 'cmake_target_skip_unavailable' from command line to 'False'
[0.164s] Level 5:colcon.colcon_core.verb:set package 'waypoint_gen' build argument 'cmake_clean_cache' from command line to 'False'
[0.164s] Level 5:colcon.colcon_core.verb:set package 'waypoint_gen' build argument 'cmake_clean_first' from command line to 'False'
[0.164s] Level 5:colcon.colcon_core.verb:set package 'waypoint_gen' build argument 'cmake_force_configure' from command line to 'False'
[0.164s] Level 5:colcon.colcon_core.verb:set package 'waypoint_gen' build argument 'ament_cmake_args' from command line to 'None'
[0.164s] Level 5:colcon.colcon_core.verb:set package 'waypoint_gen' build argument 'catkin_cmake_args' from command line to 'None'
[0.164s] Level 5:colcon.colcon_core.verb:set package 'waypoint_gen' build argument 'catkin_skip_building_tests' from command line to 'False'
[0.164s] DEBUG:colcon.colcon_core.verb:Building package 'waypoint_gen' with the following arguments: {'ament_cmake_args': None, 'build_base': '/home/naynn/Documents/fc2025/fc2025/src/build/waypoint_gen', 'catkin_cmake_args': None, 'catkin_skip_building_tests': False, 'cmake_args': None, 'cmake_clean_cache': False, 'cmake_clean_first': False, 'cmake_force_configure': False, 'cmake_target': None, 'cmake_target_skip_unavailable': False, 'install_base': '/home/naynn/Documents/fc2025/fc2025/src/install/waypoint_gen', 'merge_install': False, 'path': '/home/naynn/Documents/fc2025/fc2025/src/waypoint_gen', 'symlink_install': False, 'test_result_base': None}
[0.164s] INFO:colcon.colcon_core.executor:Executing jobs using 'parallel' executor
[0.165s] DEBUG:colcon.colcon_parallel_executor.executor.parallel:run_until_complete
[0.165s] INFO:colcon.colcon_ros.task.ament_python.build:Building ROS package in '/home/naynn/Documents/fc2025/fc2025/src/RtlToAutoTest' with build type 'ament_python'
[0.165s] Level 1:colcon.colcon_core.shell:create_environment_hook('RtlToAutoTest', 'ament_prefix_path')
[0.166s] INFO:colcon.colcon_core.plugin_system:Skipping extension 'colcon_core.shell.bat': Not used on non-Windows systems
[0.167s] INFO:colcon.colcon_core.shell:Creating environment hook '/home/naynn/Documents/fc2025/fc2025/src/install/RtlToAutoTest/share/RtlToAutoTest/hook/ament_prefix_path.ps1'
[0.167s] INFO:colcon.colcon_core.shell:Creating environment descriptor '/home/naynn/Documents/fc2025/fc2025/src/install/RtlToAutoTest/share/RtlToAutoTest/hook/ament_prefix_path.dsv'
[0.167s] INFO:colcon.colcon_core.shell:Creating environment hook '/home/naynn/Documents/fc2025/fc2025/src/install/RtlToAutoTest/share/RtlToAutoTest/hook/ament_prefix_path.sh'
[0.168s] INFO:colcon.colcon_core.shell:Skip shell extension 'powershell' for command environment: Not usable outside of PowerShell
[0.168s] DEBUG:colcon.colcon_core.shell:Skip shell extension 'dsv' for command environment
[0.170s] INFO:colcon.colcon_ros.task.ament_python.build:Building ROS package in '/home/naynn/Documents/fc2025/fc2025/src/node_test' with build type 'ament_python'
[0.170s] Level 1:colcon.colcon_core.shell:create_environment_hook('node_test', 'ament_prefix_path')
[0.170s] INFO:colcon.colcon_core.shell:Creating environment hook '/home/naynn/Documents/fc2025/fc2025/src/install/node_test/share/node_test/hook/ament_prefix_path.ps1'
[0.170s] INFO:colcon.colcon_core.shell:Creating environment descriptor '/home/naynn/Documents/fc2025/fc2025/src/install/node_test/share/node_test/hook/ament_prefix_path.dsv'
[0.171s] INFO:colcon.colcon_core.shell:Creating environment hook '/home/naynn/Documents/fc2025/fc2025/src/install/node_test/share/node_test/hook/ament_prefix_path.sh'
[0.171s] INFO:colcon.colcon_core.shell:Skip shell extension 'powershell' for command environment: Not usable outside of PowerShell
[0.171s] DEBUG:colcon.colcon_core.shell:Skip shell extension 'dsv' for command environment
[0.173s] INFO:colcon.colcon_ros.task.ament_python.build:Building ROS package in '/home/naynn/Documents/fc2025/fc2025/src/visualize' with build type 'ament_python'
[0.173s] Level 1:colcon.colcon_core.shell:create_environment_hook('visualize', 'ament_prefix_path')
[0.173s] INFO:colcon.colcon_core.shell:Creating environment hook '/home/naynn/Documents/fc2025/fc2025/src/install/visualize/share/visualize/hook/ament_prefix_path.ps1'
[0.173s] INFO:colcon.colcon_core.shell:Creating environment descriptor '/home/naynn/Documents/fc2025/fc2025/src/install/visualize/share/visualize/hook/ament_prefix_path.dsv'
[0.173s] INFO:colcon.colcon_core.shell:Creating environment hook '/home/naynn/Documents/fc2025/fc2025/src/install/visualize/share/visualize/hook/ament_prefix_path.sh'
[0.174s] INFO:colcon.colcon_core.shell:Skip shell extension 'powershell' for command environment: Not usable outside of PowerShell
[0.174s] DEBUG:colcon.colcon_core.shell:Skip shell extension 'dsv' for command environment
[0.175s] INFO:colcon.colcon_ros.task.ament_python.build:Building ROS package in '/home/naynn/Documents/fc2025/fc2025/src/waypoint_gen' with build type 'ament_python'
[0.175s] Level 1:colcon.colcon_core.shell:create_environment_hook('waypoint_gen', 'ament_prefix_path')
[0.176s] INFO:colcon.colcon_core.shell:Creating environment hook '/home/naynn/Documents/fc2025/fc2025/src/install/waypoint_gen/share/waypoint_gen/hook/ament_prefix_path.ps1'
[0.176s] INFO:colcon.colcon_core.shell:Creating environment descriptor '/home/naynn/Documents/fc2025/fc2025/src/install/waypoint_gen/share/waypoint_gen/hook/ament_prefix_path.dsv'
[0.176s] INFO:colcon.colcon_core.shell:Creating environment hook '/home/naynn/Documents/fc2025/fc2025/src/install/waypoint_gen/share/waypoint_gen/hook/ament_prefix_path.sh'
[0.176s] INFO:colcon.colcon_core.shell:Skip shell extension 'powershell' for command environment: Not usable outside of PowerShell
[0.176s] DEBUG:colcon.colcon_core.shell:Skip shell extension 'dsv' for command environment
[0.296s] INFO:colcon.colcon_core.task.python.build:Building Python package in '/home/naynn/Documents/fc2025/fc2025/src/RtlToAutoTest'
[0.296s] INFO:colcon.colcon_core.shell:Skip shell extension 'powershell' for command environment: Not usable outside of PowerShell
[0.296s] DEBUG:colcon.colcon_core.shell:Skip shell extension 'dsv' for command environment
[0.418s] INFO:colcon.colcon_core.task.python.build:Building Python package in '/home/naynn/Documents/fc2025/fc2025/src/node_test'
[0.418s] INFO:colcon.colcon_core.shell:Skip shell extension 'powershell' for command environment: Not usable outside of PowerShell
[0.418s] DEBUG:colcon.colcon_core.shell:Skip shell extension 'dsv' for command environment
[0.534s] INFO:colcon.colcon_core.task.python.build:Building Python package in '/home/naynn/Documents/fc2025/fc2025/src/visualize'
[0.534s] INFO:colcon.colcon_core.shell:Skip shell extension 'powershell' for command environment: Not usable outside of PowerShell
[0.535s] DEBUG:colcon.colcon_core.shell:Skip shell extension 'dsv' for command environment
[0.652s] INFO:colcon.colcon_core.task.python.build:Building Python package in '/home/naynn/Documents/fc2025/fc2025/src/waypoint_gen'
[0.652s] INFO:colcon.colcon_core.shell:Skip shell extension 'powershell' for command environment: Not usable outside of PowerShell
[0.652s] DEBUG:colcon.colcon_core.shell:Skip shell extension 'dsv' for command environment
[1.063s] DEBUG:colcon.colcon_core.event_handler.log_command:Invoking command in '/home/naynn/Documents/fc2025/fc2025/src/visualize': PYTHONPATH=/home/naynn/Documents/fc2025/fc2025/src/build/visualize/prefix_override:/usr/lib/python3/dist-packages/colcon_core/task/python/colcon_distutils_commands:/home/naynn/Documents/fc2025/fc2025/src/install/visualize/lib/python3.10/site-packages:${PYTHONPATH} /usr/bin/python3 -W ignore:setup.py install is deprecated -W ignore:easy_install command is deprecated setup.py egg_info --egg-base ../build/visualize build --build-base /home/naynn/Documents/fc2025/fc2025/src/build/visualize/build install --record /home/naynn/Documents/fc2025/fc2025/src/build/visualize/install.log --single-version-externally-managed install_data
[1.064s] DEBUG:colcon.colcon_core.event_handler.log_command:Invoking command in '/home/naynn/Documents/fc2025/fc2025/src/RtlToAutoTest': PYTHONPATH=/home/naynn/Documents/fc2025/fc2025/src/build/RtlToAutoTest/prefix_override:/usr/lib/python3/dist-packages/colcon_core/task/python/colcon_distutils_commands:/home/naynn/Documents/fc2025/fc2025/src/install/RtlToAutoTest/lib/python3.10/site-packages:${PYTHONPATH} /usr/bin/python3 -W ignore:setup.py install is deprecated -W ignore:easy_install command is deprecated setup.py egg_info --egg-base ../build/RtlToAutoTest build --build-base /home/naynn/Documents/fc2025/fc2025/src/build/RtlToAutoTest/build install --record /home/naynn/Documents/fc2025/fc2025/src/build/RtlToAutoTest/install.log --single-version-externally-managed install_data
[1.066s] DEBUG:colcon.colcon_core.event_handler.log_command:Invoking command in '/home/naynn/Documents/fc2025/fc2025/src/waypoint_gen': PYTHONPATH=/home/naynn/Documents/fc2025/fc2025/src/build/waypoint_gen/prefix_override:/usr/lib/python3/dist-packages/colcon_core/task/python/colcon_distutils_commands:/home/naynn/Documents/fc2025/fc2025/src/install/waypoint_gen/lib/python3.10/site-packages:${PYTHONPATH} /usr/bin/python3 -W ignore:setup.py install is deprecated -W ignore:easy_install command is deprecated setup.py egg_info --egg-base ../build/waypoint_gen build --build-base /home/naynn/Documents/fc2025/fc2025/src/build/waypoint_gen/build install --record /home/naynn/Documents/fc2025/fc2025/src/build/waypoint_gen/install.log --single-version-externally-managed install_data
[1.066s] DEBUG:colcon.colcon_core.event_handler.log_command:Invoking command in '/home/naynn/Documents/fc2025/fc2025/src/node_test': PYTHONPATH=/home/naynn/Documents/fc2025/fc2025/src/build/node_test/prefix_override:/usr/lib/python3/dist-packages/colcon_core/task/python/colcon_distutils_commands:/home/naynn/Documents/fc2025/fc2025/src/install/node_test/lib/python3.10/site-packages:${PYTHONPATH} /usr/bin/python3 -W ignore:setup.py install is deprecated -W ignore:easy_install command is deprecated setup.py egg_info --egg-base ../build/node_test build --build-base /home/naynn/Documents/fc2025/fc2025/src/build/node_test/build install --record /home/naynn/Documents/fc2025/fc2025/src/build/node_test/install.log --single-version-externally-managed install_data
[1.353s] DEBUG:colcon.colcon_core.event_handler.log_command:Invoked command in '/home/naynn/Documents/fc2025/fc2025/src/RtlToAutoTest' returned '0': PYTHONPATH=/home/naynn/Documents/fc2025/fc2025/src/build/RtlToAutoTest/prefix_override:/usr/lib/python3/dist-packages/colcon_core/task/python/colcon_distutils_commands:/home/naynn/Documents/fc2025/fc2025/src/install/RtlToAutoTest/lib/python3.10/site-packages:${PYTHONPATH} /usr/bin/python3 -W ignore:setup.py install is deprecated -W ignore:easy_install command is deprecated setup.py egg_info --egg-base ../build/RtlToAutoTest build --build-base /home/naynn/Documents/fc2025/fc2025/src/build/RtlToAutoTest/build install --record /home/naynn/Documents/fc2025/fc2025/src/build/RtlToAutoTest/install.log --single-version-externally-managed install_data
[1.355s] Level 1:colcon.colcon_core.environment:checking '/home/naynn/Documents/fc2025/fc2025/src/install/RtlToAutoTest' for CMake module files
[1.356s] Level 1:colcon.colcon_core.environment:checking '/home/naynn/Documents/fc2025/fc2025/src/install/RtlToAutoTest' for CMake config files
[1.356s] Level 1:colcon.colcon_core.environment:checking '/home/naynn/Documents/fc2025/fc2025/src/install/RtlToAutoTest/lib'
[1.356s] Level 1:colcon.colcon_core.environment:checking '/home/naynn/Documents/fc2025/fc2025/src/install/RtlToAutoTest/bin'
[1.356s] Level 1:colcon.colcon_core.environment:checking '/home/naynn/Documents/fc2025/fc2025/src/install/RtlToAutoTest/lib/pkgconfig/RtlToAutoTest.pc'
[1.356s] Level 1:colcon.colcon_core.environment:checking '/home/naynn/Documents/fc2025/fc2025/src/install/RtlToAutoTest/lib/python3.10/site-packages'
[1.356s] Level 1:colcon.colcon_core.shell:create_environment_hook('RtlToAutoTest', 'pythonpath')
[1.356s] INFO:colcon.colcon_core.shell:Creating environment hook '/home/naynn/Documents/fc2025/fc2025/src/install/RtlToAutoTest/share/RtlToAutoTest/hook/pythonpath.ps1'
[1.357s] INFO:colcon.colcon_core.shell:Creating environment descriptor '/home/naynn/Documents/fc2025/fc2025/src/install/RtlToAutoTest/share/RtlToAutoTest/hook/pythonpath.dsv'
[1.357s] INFO:colcon.colcon_core.shell:Creating environment hook '/home/naynn/Documents/fc2025/fc2025/src/install/RtlToAutoTest/share/RtlToAutoTest/hook/pythonpath.sh'
[1.357s] Level 1:colcon.colcon_core.environment:checking '/home/naynn/Documents/fc2025/fc2025/src/install/RtlToAutoTest/bin'
[1.357s] Level 1:colcon.colcon_core.environment:create_environment_scripts_only(RtlToAutoTest)
[1.357s] INFO:colcon.colcon_core.shell:Creating package script '/home/naynn/Documents/fc2025/fc2025/src/install/RtlToAutoTest/share/RtlToAutoTest/package.ps1'
[1.358s] INFO:colcon.colcon_core.shell:Creating package descriptor '/home/naynn/Documents/fc2025/fc2025/src/install/RtlToAutoTest/share/RtlToAutoTest/package.dsv'
[1.358s] INFO:colcon.colcon_core.shell:Creating package script '/home/naynn/Documents/fc2025/fc2025/src/install/RtlToAutoTest/share/RtlToAutoTest/package.sh'
[1.359s] INFO:colcon.colcon_core.shell:Creating package script '/home/naynn/Documents/fc2025/fc2025/src/install/RtlToAutoTest/share/RtlToAutoTest/package.bash'
[1.359s] INFO:colcon.colcon_core.shell:Creating package script '/home/naynn/Documents/fc2025/fc2025/src/install/RtlToAutoTest/share/RtlToAutoTest/package.zsh'
[1.360s] Level 1:colcon.colcon_core.environment:create_file_with_runtime_dependencies(/home/naynn/Documents/fc2025/fc2025/src/install/RtlToAutoTest/share/colcon-core/packages/RtlToAutoTest)
[1.360s] Level 1:colcon.colcon_core.environment:checking '/home/naynn/Documents/fc2025/fc2025/src/install/node_test' for CMake module files
[1.360s] DEBUG:colcon.colcon_core.event_handler.log_command:Invoked command in '/home/naynn/Documents/fc2025/fc2025/src/node_test' returned '0': PYTHONPATH=/home/naynn/Documents/fc2025/fc2025/src/build/node_test/prefix_override:/usr/lib/python3/dist-packages/colcon_core/task/python/colcon_distutils_commands:/home/naynn/Documents/fc2025/fc2025/src/install/node_test/lib/python3.10/site-packages:${PYTHONPATH} /usr/bin/python3 -W ignore:setup.py install is deprecated -W ignore:easy_install command is deprecated setup.py egg_info --egg-base ../build/node_test build --build-base /home/naynn/Documents/fc2025/fc2025/src/build/node_test/build install --record /home/naynn/Documents/fc2025/fc2025/src/build/node_test/install.log --single-version-externally-managed install_data
[1.360s] Level 1:colcon.colcon_core.environment:checking '/home/naynn/Documents/fc2025/fc2025/src/install/node_test' for CMake config files
[1.361s] Level 1:colcon.colcon_core.environment:checking '/home/naynn/Documents/fc2025/fc2025/src/install/node_test/lib'
[1.361s] Level 1:colcon.colcon_core.environment:checking '/home/naynn/Documents/fc2025/fc2025/src/install/node_test/bin'
[1.361s] Level 1:colcon.colcon_core.environment:checking '/home/naynn/Documents/fc2025/fc2025/src/install/node_test/lib/pkgconfig/node_test.pc'
[1.361s] Level 1:colcon.colcon_core.environment:checking '/home/naynn/Documents/fc2025/fc2025/src/install/node_test/lib/python3.10/site-packages'
[1.361s] Level 1:colcon.colcon_core.shell:create_environment_hook('node_test', 'pythonpath')
[1.361s] INFO:colcon.colcon_core.shell:Creating environment hook '/home/naynn/Documents/fc2025/fc2025/src/install/node_test/share/node_test/hook/pythonpath.ps1'
[1.361s] INFO:colcon.colcon_core.shell:Creating environment descriptor '/home/naynn/Documents/fc2025/fc2025/src/install/node_test/share/node_test/hook/pythonpath.dsv'
[1.362s] INFO:colcon.colcon_core.shell:Creating environment hook '/home/naynn/Documents/fc2025/fc2025/src/install/node_test/share/node_test/hook/pythonpath.sh'
[1.362s] Level 1:colcon.colcon_core.environment:checking '/home/naynn/Documents/fc2025/fc2025/src/install/node_test/bin'
[1.362s] Level 1:colcon.colcon_core.environment:create_environment_scripts_only(node_test)
[1.362s] INFO:colcon.colcon_core.shell:Creating package script '/home/naynn/Documents/fc2025/fc2025/src/install/node_test/share/node_test/package.ps1'
[1.362s] INFO:colcon.colcon_core.shell:Creating package descriptor '/home/naynn/Documents/fc2025/fc2025/src/install/node_test/share/node_test/package.dsv'
[1.363s] INFO:colcon.colcon_core.shell:Creating package script '/home/naynn/Documents/fc2025/fc2025/src/install/node_test/share/node_test/package.sh'
[1.363s] INFO:colcon.colcon_core.shell:Creating package script '/home/naynn/Documents/fc2025/fc2025/src/install/node_test/share/node_test/package.bash'
[1.363s] INFO:colcon.colcon_core.shell:Creating package script '/home/naynn/Documents/fc2025/fc2025/src/install/node_test/share/node_test/package.zsh'
[1.363s] Level 1:colcon.colcon_core.environment:create_file_with_runtime_dependencies(/home/naynn/Documents/fc2025/fc2025/src/install/node_test/share/colcon-core/packages/node_test)
[1.364s] Level 1:colcon.colcon_core.environment:checking '/home/naynn/Documents/fc2025/fc2025/src/install/waypoint_gen' for CMake module files
[1.365s] DEBUG:colcon.colcon_core.event_handler.log_command:Invoked command in '/home/naynn/Documents/fc2025/fc2025/src/waypoint_gen' returned '0': PYTHONPATH=/home/naynn/Documents/fc2025/fc2025/src/build/waypoint_gen/prefix_override:/usr/lib/python3/dist-packages/colcon_core/task/python/colcon_distutils_commands:/home/naynn/Documents/fc2025/fc2025/src/install/waypoint_gen/lib/python3.10/site-packages:${PYTHONPATH} /usr/bin/python3 -W ignore:setup.py install is deprecated -W ignore:easy_install command is deprecated setup.py egg_info --egg-base ../build/waypoint_gen build --build-base /home/naynn/Documents/fc2025/fc2025/src/build/waypoint_gen/build install --record /home/naynn/Documents/fc2025/fc2025/src/build/waypoint_gen/install.log --single-version-externally-managed install_data
[1.365s] Level 1:colcon.colcon_core.environment:checking '/home/naynn/Documents/fc2025/fc2025/src/install/waypoint_gen' for CMake config files
[1.365s] Level 1:colcon.colcon_core.environment:checking '/home/naynn/Documents/fc2025/fc2025/src/install/waypoint_gen/lib'
[1.365s] Level 1:colcon.colcon_core.environment:checking '/home/naynn/Documents/fc2025/fc2025/src/install/waypoint_gen/bin'
[1.365s] Level 1:colcon.colcon_core.environment:checking '/home/naynn/Documents/fc2025/fc2025/src/install/waypoint_gen/lib/pkgconfig/waypoint_gen.pc'
[1.365s] Level 1:colcon.colcon_core.environment:checking '/home/naynn/Documents/fc2025/fc2025/src/install/waypoint_gen/lib/python3.10/site-packages'
[1.365s] Level 1:colcon.colcon_core.shell:create_environment_hook('waypoint_gen', 'pythonpath')
[1.365s] INFO:colcon.colcon_core.shell:Creating environment hook '/home/naynn/Documents/fc2025/fc2025/src/install/waypoint_gen/share/waypoint_gen/hook/pythonpath.ps1'
[1.366s] INFO:colcon.colcon_core.shell:Creating environment descriptor '/home/naynn/Documents/fc2025/fc2025/src/install/waypoint_gen/share/waypoint_gen/hook/pythonpath.dsv'
[1.366s] INFO:colcon.colcon_core.shell:Creating environment hook '/home/naynn/Documents/fc2025/fc2025/src/install/waypoint_gen/share/waypoint_gen/hook/pythonpath.sh'
[1.366s] Level 1:colcon.colcon_core.environment:checking '/home/naynn/Documents/fc2025/fc2025/src/install/waypoint_gen/bin'
[1.366s] Level 1:colcon.colcon_core.environment:create_environment_scripts_only(waypoint_gen)
[1.366s] INFO:colcon.colcon_core.shell:Creating package script '/home/naynn/Documents/fc2025/fc2025/src/install/waypoint_gen/share/waypoint_gen/package.ps1'
[1.367s] INFO:colcon.colcon_core.shell:Creating package descriptor '/home/naynn/Documents/fc2025/fc2025/src/install/waypoint_gen/share/waypoint_gen/package.dsv'
[1.367s] INFO:colcon.colcon_core.shell:Creating package script '/home/naynn/Documents/fc2025/fc2025/src/install/waypoint_gen/share/waypoint_gen/package.sh'
[1.367s] INFO:colcon.colcon_core.shell:Creating package script '/home/naynn/Documents/fc2025/fc2025/src/install/waypoint_gen/share/waypoint_gen/package.bash'
[1.367s] INFO:colcon.colcon_core.shell:Creating package script '/home/naynn/Documents/fc2025/fc2025/src/install/waypoint_gen/share/waypoint_gen/package.zsh'
[1.367s] Level 1:colcon.colcon_core.environment:create_file_with_runtime_dependencies(/home/naynn/Documents/fc2025/fc2025/src/install/waypoint_gen/share/colcon-core/packages/waypoint_gen)
[1.368s] Level 1:colcon.colcon_core.environment:checking '/home/naynn/Documents/fc2025/fc2025/src/install/visualize' for CMake module files
[1.368s] DEBUG:colcon.colcon_core.event_handler.log_command:Invoked command in '/home/naynn/Documents/fc2025/fc2025/src/visualize' returned '0': PYTHONPATH=/home/naynn/Documents/fc2025/fc2025/src/build/visualize/prefix_override:/usr/lib/python3/dist-packages/colcon_core/task/python/colcon_distutils_commands:/home/naynn/Documents/fc2025/fc2025/src/install/visualize/lib/python3.10/site-packages:${PYTHONPATH} /usr/bin/python3 -W ignore:setup.py install is deprecated -W ignore:easy_install command is deprecated setup.py egg_info --egg-base ../build/visualize build --build-base /home/naynn/Documents/fc2025/fc2025/src/build/visualize/build install --record /home/naynn/Documents/fc2025/fc2025/src/build/visualize/install.log --single-version-externally-managed install_data
[1.368s] Level 1:colcon.colcon_core.environment:checking '/home/naynn/Documents/fc2025/fc2025/src/install/visualize' for CMake config files
[1.369s] Level 1:colcon.colcon_core.environment:checking '/home/naynn/Documents/fc2025/fc2025/src/install/visualize/lib'
[1.369s] Level 1:colcon.colcon_core.environment:checking '/home/naynn/Documents/fc2025/fc2025/src/install/visualize/bin'
[1.369s] Level 1:colcon.colcon_core.environment:checking '/home/naynn/Documents/fc2025/fc2025/src/install/visualize/lib/pkgconfig/visualize.pc'
[1.369s] Level 1:colcon.colcon_core.environment:checking '/home/naynn/Documents/fc2025/fc2025/src/install/visualize/lib/python3.10/site-packages'
[1.369s] Level 1:colcon.colcon_core.shell:create_environment_hook('visualize', 'pythonpath')
[1.369s] INFO:colcon.colcon_core.shell:Creating environment hook '/home/naynn/Documents/fc2025/fc2025/src/install/visualize/share/visualize/hook/pythonpath.ps1'
[1.369s] INFO:colcon.colcon_core.shell:Creating environment descriptor '/home/naynn/Documents/fc2025/fc2025/src/install/visualize/share/visualize/hook/pythonpath.dsv'
[1.370s] INFO:colcon.colcon_core.shell:Creating environment hook '/home/naynn/Documents/fc2025/fc2025/src/install/visualize/share/visualize/hook/pythonpath.sh'
[1.370s] Level 1:colcon.colcon_core.environment:checking '/home/naynn/Documents/fc2025/fc2025/src/install/visualize/bin'
[1.370s] Level 1:colcon.colcon_core.environment:create_environment_scripts_only(visualize)
[1.370s] INFO:colcon.colcon_core.shell:Creating package script '/home/naynn/Documents/fc2025/fc2025/src/install/visualize/share/visualize/package.ps1'
[1.370s] INFO:colcon.colcon_core.shell:Creating package descriptor '/home/naynn/Documents/fc2025/fc2025/src/install/visualize/share/visualize/package.dsv'
[1.370s] INFO:colcon.colcon_core.shell:Creating package script '/home/naynn/Documents/fc2025/fc2025/src/install/visualize/share/visualize/package.sh'
[1.371s] INFO:colcon.colcon_core.shell:Creating package script '/home/naynn/Documents/fc2025/fc2025/src/install/visualize/share/visualize/package.bash'
[1.371s] INFO:colcon.colcon_core.shell:Creating package script '/home/naynn/Documents/fc2025/fc2025/src/install/visualize/share/visualize/package.zsh'
[1.371s] Level 1:colcon.colcon_core.environment:create_file_with_runtime_dependencies(/home/naynn/Documents/fc2025/fc2025/src/install/visualize/share/colcon-core/packages/visualize)
[1.371s] DEBUG:colcon.colcon_parallel_executor.executor.parallel:closing loop
[1.371s] DEBUG:colcon.colcon_parallel_executor.executor.parallel:loop closed
[1.372s] DEBUG:colcon.colcon_parallel_executor.executor.parallel:run_until_complete finished with '0'
[1.372s] DEBUG:colcon.colcon_core.event_reactor:joining thread
[1.375s] INFO:colcon.colcon_core.plugin_system:Skipping extension 'colcon_notification.desktop_notification.terminal_notifier': Not used on non-Darwin systems
[1.375s] INFO:colcon.colcon_core.plugin_system:Skipping extension 'colcon_notification.desktop_notification.win32': Not used on non-Windows systems
[1.375s] INFO:colcon.colcon_notification.desktop_notification:Sending desktop notification using 'notify2'
[1.382s] DEBUG:colcon.colcon_core.event_reactor:joined thread
[1.382s] INFO:colcon.colcon_core.shell:Creating prefix script '/home/naynn/Documents/fc2025/fc2025/src/install/local_setup.ps1'
[1.382s] INFO:colcon.colcon_core.shell:Creating prefix util module '/home/naynn/Documents/fc2025/fc2025/src/install/_local_setup_util_ps1.py'
[1.383s] INFO:colcon.colcon_core.shell:Creating prefix chain script '/home/naynn/Documents/fc2025/fc2025/src/install/setup.ps1'
[1.384s] INFO:colcon.colcon_core.shell:Creating prefix script '/home/naynn/Documents/fc2025/fc2025/src/install/local_setup.sh'
[1.384s] INFO:colcon.colcon_core.shell:Creating prefix util module '/home/naynn/Documents/fc2025/fc2025/src/install/_local_setup_util_sh.py'
[1.385s] INFO:colcon.colcon_core.shell:Creating prefix chain script '/home/naynn/Documents/fc2025/fc2025/src/install/setup.sh'
[1.385s] INFO:colcon.colcon_core.shell:Creating prefix script '/home/naynn/Documents/fc2025/fc2025/src/install/local_setup.bash'
[1.386s] INFO:colcon.colcon_core.shell:Creating prefix chain script '/home/naynn/Documents/fc2025/fc2025/src/install/setup.bash'
[1.386s] INFO:colcon.colcon_core.shell:Creating prefix script '/home/naynn/Documents/fc2025/fc2025/src/install/local_setup.zsh'
[1.387s] INFO:colcon.colcon_core.shell:Creating prefix chain script '/home/naynn/Documents/fc2025/fc2025/src/install/setup.zsh'
