[0.690s] Invoking command in '/home/naynn/Documents/fc2025/fc2025/src/waypoint_gen': PYTHONPATH=/home/naynn/Documents/fc2025/fc2025/build/waypoint_gen/prefix_override:/usr/lib/python3/dist-packages/colcon_core/task/python/colcon_distutils_commands:/home/naynn/Documents/fc2025/fc2025/install/waypoint_gen/lib/python3.10/site-packages:${PYTHONPATH} /usr/bin/python3 -W ignore:setup.py install is deprecated -W ignore:easy_install command is deprecated setup.py egg_info --egg-base ../../build/waypoint_gen build --build-base /home/naynn/Documents/fc2025/fc2025/build/waypoint_gen/build install --record /home/naynn/Documents/fc2025/fc2025/build/waypoint_gen/install.log --single-version-externally-managed install_data
[0.781s] /home/naynn/.local/lib/python3.10/site-packages/setuptools/_distutils/dist.py:270: UserWarning: Unknown distribution option: 'tests_require'
[0.781s]   warnings.warn(msg)
[0.833s] running egg_info
[0.841s] creating ../../build/waypoint_gen/waypoint_gen.egg-info
[0.841s] writing ../../build/waypoint_gen/waypoint_gen.egg-info/PKG-INFO
[0.842s] writing dependency_links to ../../build/waypoint_gen/waypoint_gen.egg-info/dependency_links.txt
[0.842s] writing entry points to ../../build/waypoint_gen/waypoint_gen.egg-info/entry_points.txt
[0.842s] writing requirements to ../../build/waypoint_gen/waypoint_gen.egg-info/requires.txt
[0.842s] writing top-level names to ../../build/waypoint_gen/waypoint_gen.egg-info/top_level.txt
[0.895s] writing manifest file '../../build/waypoint_gen/waypoint_gen.egg-info/SOURCES.txt'
[0.913s] reading manifest file '../../build/waypoint_gen/waypoint_gen.egg-info/SOURCES.txt'
[0.913s] adding license file 'LICENSE'
[0.914s] writing manifest file '../../build/waypoint_gen/waypoint_gen.egg-info/SOURCES.txt'
[0.914s] running build
[0.914s] running build_py
[0.914s] creating /home/naynn/Documents/fc2025/fc2025/build/waypoint_gen/build/lib/waypoint_gen
[0.914s] copying waypoint_gen/__init__.py -> /home/naynn/Documents/fc2025/fc2025/build/waypoint_gen/build/lib/waypoint_gen
[0.914s] copying waypoint_gen/node.py -> /home/naynn/Documents/fc2025/fc2025/build/waypoint_gen/build/lib/waypoint_gen
[0.914s] running install
[0.917s] running install_lib
[0.925s] creating /home/naynn/Documents/fc2025/fc2025/install/waypoint_gen/lib/python3.10/site-packages/waypoint_gen
[0.925s] copying /home/naynn/Documents/fc2025/fc2025/build/waypoint_gen/build/lib/waypoint_gen/__init__.py -> /home/naynn/Documents/fc2025/fc2025/install/waypoint_gen/lib/python3.10/site-packages/waypoint_gen
[0.925s] copying /home/naynn/Documents/fc2025/fc2025/build/waypoint_gen/build/lib/waypoint_gen/node.py -> /home/naynn/Documents/fc2025/fc2025/install/waypoint_gen/lib/python3.10/site-packages/waypoint_gen
[0.926s] byte-compiling /home/naynn/Documents/fc2025/fc2025/install/waypoint_gen/lib/python3.10/site-packages/waypoint_gen/__init__.py to __init__.cpython-310.pyc
[0.926s] byte-compiling /home/naynn/Documents/fc2025/fc2025/install/waypoint_gen/lib/python3.10/site-packages/waypoint_gen/node.py to node.cpython-310.pyc
[0.927s] running install_data
[0.927s] creating /home/naynn/Documents/fc2025/fc2025/install/waypoint_gen/share/ament_index/resource_index/packages
[0.927s] copying resource/waypoint_gen -> /home/naynn/Documents/fc2025/fc2025/install/waypoint_gen/share/ament_index/resource_index/packages
[0.927s] copying package.xml -> /home/naynn/Documents/fc2025/fc2025/install/waypoint_gen/share/waypoint_gen
[0.927s] running install_egg_info
[0.936s] Copying ../../build/waypoint_gen/waypoint_gen.egg-info to /home/naynn/Documents/fc2025/fc2025/install/waypoint_gen/lib/python3.10/site-packages/waypoint_gen-0.0.0-py3.10.egg-info
[0.936s] running install_scripts
[0.958s] Installing node script to /home/naynn/Documents/fc2025/fc2025/install/waypoint_gen/lib/waypoint_gen
[0.958s] writing list of installed files to '/home/naynn/Documents/fc2025/fc2025/build/waypoint_gen/install.log'
[0.981s] Invoked command in '/home/naynn/Documents/fc2025/fc2025/src/waypoint_gen' returned '0': PYTHONPATH=/home/naynn/Documents/fc2025/fc2025/build/waypoint_gen/prefix_override:/usr/lib/python3/dist-packages/colcon_core/task/python/colcon_distutils_commands:/home/naynn/Documents/fc2025/fc2025/install/waypoint_gen/lib/python3.10/site-packages:${PYTHONPATH} /usr/bin/python3 -W ignore:setup.py install is deprecated -W ignore:easy_install command is deprecated setup.py egg_info --egg-base ../../build/waypoint_gen build --build-base /home/naynn/Documents/fc2025/fc2025/build/waypoint_gen/build install --record /home/naynn/Documents/fc2025/fc2025/build/waypoint_gen/install.log --single-version-externally-managed install_data
