[0.062s] DEBUG:colcon:Command line arguments: ['/usr/bin/colcon', 'build']
[0.062s] DEBUG:colcon:Parsed command line arguments: Namespace(log_base=None, log_level=None, verb_name='build', build_base='build', install_base='install', merge_install=False, symlink_install=False, test_result_base=None, continue_on_error=False, executor='parallel', parallel_workers=16, event_handlers=None, ignore_user_meta=False, metas=['./colcon.meta'], base_paths=['.'], packages_ignore=None, packages_ignore_regex=None, paths=None, packages_up_to=None, packages_up_to_regex=None, packages_above=None, packages_above_and_dependencies=None, packages_above_depth=None, packages_select_by_dep=None, packages_skip_by_dep=None, packages_skip_up_to=None, packages_select_build_failed=False, packages_skip_build_finished=False, packages_select_test_failures=False, packages_skip_test_passed=False, packages_select=None, packages_skip=None, packages_select_regex=None, packages_skip_regex=None, packages_start=None, packages_end=None, allow_overriding=[], cmake_args=None, cmake_target=None, cmake_target_skip_unavailable=False, cmake_clean_cache=False, cmake_clean_first=False, cmake_force_configure=False, ament_cmake_args=None, catkin_cmake_args=None, catkin_skip_building_tests=False, verb_parser=<colcon_defaults.argument_parser.defaults.DefaultArgumentsDecorator object at 0x7096da755ba0>, verb_extension=<colcon_core.verb.build.BuildVerb object at 0x7096da86b610>, main=<bound method BuildVerb.main of <colcon_core.verb.build.BuildVerb object at 0x7096da86b610>>)
[0.085s] Level 1:colcon.colcon_core.package_discovery:discover_packages(colcon_meta) check parameters
[0.085s] Level 1:colcon.colcon_core.package_discovery:discover_packages(recursive) check parameters
[0.085s] Level 1:colcon.colcon_core.package_discovery:discover_packages(ignore) check parameters
[0.085s] Level 1:colcon.colcon_core.package_discovery:discover_packages(path) check parameters
[0.085s] Level 1:colcon.colcon_core.package_discovery:discover_packages(colcon_meta) discover
[0.086s] Level 1:colcon.colcon_core.package_discovery:discover_packages(recursive) discover
[0.086s] INFO:colcon.colcon_core.package_discovery:Crawling recursively for packages in '/home/naynn/Documents/fc2025/fc2025/src'
[0.086s] Level 1:colcon.colcon_core.package_identification:_identify(.) by extensions ['ignore', 'ignore_ament_install']
[0.086s] Level 1:colcon.colcon_core.package_identification:_identify(.) by extension 'ignore'
[0.086s] Level 1:colcon.colcon_core.package_identification:_identify(.) by extension 'ignore_ament_install'
[0.086s] Level 1:colcon.colcon_core.package_identification:_identify(.) by extensions ['colcon_pkg']
[0.086s] Level 1:colcon.colcon_core.package_identification:_identify(.) by extension 'colcon_pkg'
[0.086s] Level 1:colcon.colcon_core.package_identification:_identify(.) by extensions ['colcon_meta']
[0.086s] Level 1:colcon.colcon_core.package_identification:_identify(.) by extension 'colcon_meta'
[0.086s] Level 1:colcon.colcon_core.package_identification:_identify(.) by extensions ['ros']
[0.086s] Level 1:colcon.colcon_core.package_identification:_identify(.) by extension 'ros'
[0.095s] Level 1:colcon.colcon_core.package_identification:_identify(.) by extensions ['cmake', 'python']
[0.095s] Level 1:colcon.colcon_core.package_identification:_identify(.) by extension 'cmake'
[0.095s] Level 1:colcon.colcon_core.package_identification:_identify(.) by extension 'python'
[0.095s] Level 1:colcon.colcon_core.package_identification:_identify(.) by extensions ['python_setup_py']
[0.095s] Level 1:colcon.colcon_core.package_identification:_identify(.) by extension 'python_setup_py'
[0.095s] Level 1:colcon.colcon_core.package_identification:_identify(build) by extensions ['ignore', 'ignore_ament_install']
[0.095s] Level 1:colcon.colcon_core.package_identification:_identify(build) by extension 'ignore'
[0.095s] Level 1:colcon.colcon_core.package_identification:_identify(build) ignored
[0.095s] Level 1:colcon.colcon_core.package_identification:_identify(install) by extensions ['ignore', 'ignore_ament_install']
[0.096s] Level 1:colcon.colcon_core.package_identification:_identify(install) by extension 'ignore'
[0.096s] Level 1:colcon.colcon_core.package_identification:_identify(install) ignored
[0.096s] Level 1:colcon.colcon_core.package_identification:_identify(log) by extensions ['ignore', 'ignore_ament_install']
[0.096s] Level 1:colcon.colcon_core.package_identification:_identify(log) by extension 'ignore'
[0.096s] Level 1:colcon.colcon_core.package_identification:_identify(log) ignored
[0.096s] Level 1:colcon.colcon_core.package_identification:_identify(node_test) by extensions ['ignore', 'ignore_ament_install']
[0.096s] Level 1:colcon.colcon_core.package_identification:_identify(node_test) by extension 'ignore'
[0.096s] Level 1:colcon.colcon_core.package_identification:_identify(node_test) by extension 'ignore_ament_install'
[0.096s] Level 1:colcon.colcon_core.package_identification:_identify(node_test) by extensions ['colcon_pkg']
[0.096s] Level 1:colcon.colcon_core.package_identification:_identify(node_test) by extension 'colcon_pkg'
[0.096s] Level 1:colcon.colcon_core.package_identification:_identify(node_test) by extensions ['colcon_meta']
[0.096s] Level 1:colcon.colcon_core.package_identification:_identify(node_test) by extension 'colcon_meta'
[0.096s] Level 1:colcon.colcon_core.package_identification:_identify(node_test) by extensions ['ros']
[0.096s] Level 1:colcon.colcon_core.package_identification:_identify(node_test) by extension 'ros'
[0.098s] DEBUG:colcon.colcon_core.package_identification:Package 'node_test' with type 'ros.ament_python' and name 'node_test'
[0.098s] Level 1:colcon.colcon_core.package_identification:_identify(utils) by extensions ['ignore', 'ignore_ament_install']
[0.098s] Level 1:colcon.colcon_core.package_identification:_identify(utils) by extension 'ignore'
[0.098s] Level 1:colcon.colcon_core.package_identification:_identify(utils) by extension 'ignore_ament_install'
[0.098s] Level 1:colcon.colcon_core.package_identification:_identify(utils) by extensions ['colcon_pkg']
[0.098s] Level 1:colcon.colcon_core.package_identification:_identify(utils) by extension 'colcon_pkg'
[0.098s] Level 1:colcon.colcon_core.package_identification:_identify(utils) by extensions ['colcon_meta']
[0.098s] Level 1:colcon.colcon_core.package_identification:_identify(utils) by extension 'colcon_meta'
[0.098s] Level 1:colcon.colcon_core.package_identification:_identify(utils) by extensions ['ros']
[0.098s] Level 1:colcon.colcon_core.package_identification:_identify(utils) by extension 'ros'
[0.098s] Level 1:colcon.colcon_core.package_identification:_identify(utils) by extensions ['cmake', 'python']
[0.098s] Level 1:colcon.colcon_core.package_identification:_identify(utils) by extension 'cmake'
[0.098s] Level 1:colcon.colcon_core.package_identification:_identify(utils) by extension 'python'
[0.098s] Level 1:colcon.colcon_core.package_identification:_identify(utils) by extensions ['python_setup_py']
[0.098s] Level 1:colcon.colcon_core.package_identification:_identify(utils) by extension 'python_setup_py'
[0.098s] Level 1:colcon.colcon_core.package_identification:_identify(utils/__pycache__) by extensions ['ignore', 'ignore_ament_install']
[0.098s] Level 1:colcon.colcon_core.package_identification:_identify(utils/__pycache__) by extension 'ignore'
[0.098s] Level 1:colcon.colcon_core.package_identification:_identify(utils/__pycache__) by extension 'ignore_ament_install'
[0.098s] Level 1:colcon.colcon_core.package_identification:_identify(utils/__pycache__) by extensions ['colcon_pkg']
[0.098s] Level 1:colcon.colcon_core.package_identification:_identify(utils/__pycache__) by extension 'colcon_pkg'
[0.098s] Level 1:colcon.colcon_core.package_identification:_identify(utils/__pycache__) by extensions ['colcon_meta']
[0.098s] Level 1:colcon.colcon_core.package_identification:_identify(utils/__pycache__) by extension 'colcon_meta'
[0.098s] Level 1:colcon.colcon_core.package_identification:_identify(utils/__pycache__) by extensions ['ros']
[0.098s] Level 1:colcon.colcon_core.package_identification:_identify(utils/__pycache__) by extension 'ros'
[0.098s] Level 1:colcon.colcon_core.package_identification:_identify(utils/__pycache__) by extensions ['cmake', 'python']
[0.098s] Level 1:colcon.colcon_core.package_identification:_identify(utils/__pycache__) by extension 'cmake'
[0.098s] Level 1:colcon.colcon_core.package_identification:_identify(utils/__pycache__) by extension 'python'
[0.098s] Level 1:colcon.colcon_core.package_identification:_identify(utils/__pycache__) by extensions ['python_setup_py']
[0.098s] Level 1:colcon.colcon_core.package_identification:_identify(utils/__pycache__) by extension 'python_setup_py'
[0.098s] Level 1:colcon.colcon_core.package_identification:_identify(utils/test) by extensions ['ignore', 'ignore_ament_install']
[0.099s] Level 1:colcon.colcon_core.package_identification:_identify(utils/test) by extension 'ignore'
[0.099s] Level 1:colcon.colcon_core.package_identification:_identify(utils/test) by extension 'ignore_ament_install'
[0.099s] Level 1:colcon.colcon_core.package_identification:_identify(utils/test) by extensions ['colcon_pkg']
[0.099s] Level 1:colcon.colcon_core.package_identification:_identify(utils/test) by extension 'colcon_pkg'
[0.099s] Level 1:colcon.colcon_core.package_identification:_identify(utils/test) by extensions ['colcon_meta']
[0.099s] Level 1:colcon.colcon_core.package_identification:_identify(utils/test) by extension 'colcon_meta'
[0.099s] Level 1:colcon.colcon_core.package_identification:_identify(utils/test) by extensions ['ros']
[0.099s] Level 1:colcon.colcon_core.package_identification:_identify(utils/test) by extension 'ros'
[0.099s] Level 1:colcon.colcon_core.package_identification:_identify(utils/test) by extensions ['cmake', 'python']
[0.099s] Level 1:colcon.colcon_core.package_identification:_identify(utils/test) by extension 'cmake'
[0.099s] Level 1:colcon.colcon_core.package_identification:_identify(utils/test) by extension 'python'
[0.099s] Level 1:colcon.colcon_core.package_identification:_identify(utils/test) by extensions ['python_setup_py']
[0.099s] Level 1:colcon.colcon_core.package_identification:_identify(utils/test) by extension 'python_setup_py'
[0.099s] Level 1:colcon.colcon_core.package_identification:_identify(visualize) by extensions ['ignore', 'ignore_ament_install']
[0.099s] Level 1:colcon.colcon_core.package_identification:_identify(visualize) by extension 'ignore'
[0.099s] Level 1:colcon.colcon_core.package_identification:_identify(visualize) by extension 'ignore_ament_install'
[0.099s] Level 1:colcon.colcon_core.package_identification:_identify(visualize) by extensions ['colcon_pkg']
[0.099s] Level 1:colcon.colcon_core.package_identification:_identify(visualize) by extension 'colcon_pkg'
[0.099s] Level 1:colcon.colcon_core.package_identification:_identify(visualize) by extensions ['colcon_meta']
[0.099s] Level 1:colcon.colcon_core.package_identification:_identify(visualize) by extension 'colcon_meta'
[0.099s] Level 1:colcon.colcon_core.package_identification:_identify(visualize) by extensions ['ros']
[0.099s] Level 1:colcon.colcon_core.package_identification:_identify(visualize) by extension 'ros'
[0.100s] DEBUG:colcon.colcon_core.package_identification:Package 'visualize' with type 'ros.ament_python' and name 'visualize'
[0.100s] Level 1:colcon.colcon_core.package_identification:_identify(waypoint_gen) by extensions ['ignore', 'ignore_ament_install']
[0.100s] Level 1:colcon.colcon_core.package_identification:_identify(waypoint_gen) by extension 'ignore'
[0.100s] Level 1:colcon.colcon_core.package_identification:_identify(waypoint_gen) by extension 'ignore_ament_install'
[0.100s] Level 1:colcon.colcon_core.package_identification:_identify(waypoint_gen) by extensions ['colcon_pkg']
[0.100s] Level 1:colcon.colcon_core.package_identification:_identify(waypoint_gen) by extension 'colcon_pkg'
[0.100s] Level 1:colcon.colcon_core.package_identification:_identify(waypoint_gen) by extensions ['colcon_meta']
[0.100s] Level 1:colcon.colcon_core.package_identification:_identify(waypoint_gen) by extension 'colcon_meta'
[0.100s] Level 1:colcon.colcon_core.package_identification:_identify(waypoint_gen) by extensions ['ros']
[0.100s] Level 1:colcon.colcon_core.package_identification:_identify(waypoint_gen) by extension 'ros'
[0.100s] DEBUG:colcon.colcon_core.package_identification:Package 'waypoint_gen' with type 'ros.ament_python' and name 'waypoint_gen'
[0.100s] Level 1:colcon.colcon_core.package_discovery:discover_packages(recursive) using defaults
[0.101s] Level 1:colcon.colcon_core.package_discovery:discover_packages(ignore) discover
[0.101s] Level 1:colcon.colcon_core.package_discovery:discover_packages(ignore) using defaults
[0.101s] Level 1:colcon.colcon_core.package_discovery:discover_packages(path) discover
[0.101s] Level 1:colcon.colcon_core.package_discovery:discover_packages(path) using defaults
[0.113s] Level 1:colcon.colcon_core.package_discovery:discover_packages(prefix_path) check parameters
[0.113s] Level 1:colcon.colcon_core.package_discovery:discover_packages(prefix_path) discover
[0.114s] DEBUG:colcon.colcon_installed_package_information.package_discovery:Found 3 installed packages in /home/naynn/Documents/fc2025/fc2025/src/install
[0.115s] DEBUG:colcon.colcon_installed_package_information.package_discovery:Found 298 installed packages in /opt/ros/humble
[0.116s] Level 1:colcon.colcon_core.package_discovery:discover_packages(prefix_path) using defaults
[0.137s] Level 5:colcon.colcon_core.verb:set package 'node_test' build argument 'cmake_args' from command line to 'None'
[0.138s] Level 5:colcon.colcon_core.verb:set package 'node_test' build argument 'cmake_target' from command line to 'None'
[0.138s] Level 5:colcon.colcon_core.verb:set package 'node_test' build argument 'cmake_target_skip_unavailable' from command line to 'False'
[0.138s] Level 5:colcon.colcon_core.verb:set package 'node_test' build argument 'cmake_clean_cache' from command line to 'False'
[0.138s] Level 5:colcon.colcon_core.verb:set package 'node_test' build argument 'cmake_clean_first' from command line to 'False'
[0.138s] Level 5:colcon.colcon_core.verb:set package 'node_test' build argument 'cmake_force_configure' from command line to 'False'
[0.138s] Level 5:colcon.colcon_core.verb:set package 'node_test' build argument 'ament_cmake_args' from command line to 'None'
[0.138s] Level 5:colcon.colcon_core.verb:set package 'node_test' build argument 'catkin_cmake_args' from command line to 'None'
[0.138s] Level 5:colcon.colcon_core.verb:set package 'node_test' build argument 'catkin_skip_building_tests' from command line to 'False'
[0.138s] DEBUG:colcon.colcon_core.verb:Building package 'node_test' with the following arguments: {'ament_cmake_args': None, 'build_base': '/home/naynn/Documents/fc2025/fc2025/src/build/node_test', 'catkin_cmake_args': None, 'catkin_skip_building_tests': False, 'cmake_args': None, 'cmake_clean_cache': False, 'cmake_clean_first': False, 'cmake_force_configure': False, 'cmake_target': None, 'cmake_target_skip_unavailable': False, 'install_base': '/home/naynn/Documents/fc2025/fc2025/src/install/node_test', 'merge_install': False, 'path': '/home/naynn/Documents/fc2025/fc2025/src/node_test', 'symlink_install': False, 'test_result_base': None}
[0.138s] Level 5:colcon.colcon_core.verb:set package 'visualize' build argument 'cmake_args' from command line to 'None'
[0.138s] Level 5:colcon.colcon_core.verb:set package 'visualize' build argument 'cmake_target' from command line to 'None'
[0.138s] Level 5:colcon.colcon_core.verb:set package 'visualize' build argument 'cmake_target_skip_unavailable' from command line to 'False'
[0.138s] Level 5:colcon.colcon_core.verb:set package 'visualize' build argument 'cmake_clean_cache' from command line to 'False'
[0.138s] Level 5:colcon.colcon_core.verb:set package 'visualize' build argument 'cmake_clean_first' from command line to 'False'
[0.138s] Level 5:colcon.colcon_core.verb:set package 'visualize' build argument 'cmake_force_configure' from command line to 'False'
[0.138s] Level 5:colcon.colcon_core.verb:set package 'visualize' build argument 'ament_cmake_args' from command line to 'None'
[0.138s] Level 5:colcon.colcon_core.verb:set package 'visualize' build argument 'catkin_cmake_args' from command line to 'None'
[0.138s] Level 5:colcon.colcon_core.verb:set package 'visualize' build argument 'catkin_skip_building_tests' from command line to 'False'
[0.138s] DEBUG:colcon.colcon_core.verb:Building package 'visualize' with the following arguments: {'ament_cmake_args': None, 'build_base': '/home/naynn/Documents/fc2025/fc2025/src/build/visualize', 'catkin_cmake_args': None, 'catkin_skip_building_tests': False, 'cmake_args': None, 'cmake_clean_cache': False, 'cmake_clean_first': False, 'cmake_force_configure': False, 'cmake_target': None, 'cmake_target_skip_unavailable': False, 'install_base': '/home/naynn/Documents/fc2025/fc2025/src/install/visualize', 'merge_install': False, 'path': '/home/naynn/Documents/fc2025/fc2025/src/visualize', 'symlink_install': False, 'test_result_base': None}
[0.138s] Level 5:colcon.colcon_core.verb:set package 'waypoint_gen' build argument 'cmake_args' from command line to 'None'
[0.138s] Level 5:colcon.colcon_core.verb:set package 'waypoint_gen' build argument 'cmake_target' from command line to 'None'
[0.138s] Level 5:colcon.colcon_core.verb:set package 'waypoint_gen' build argument 'cmake_target_skip_unavailable' from command line to 'False'
[0.138s] Level 5:colcon.colcon_core.verb:set package 'waypoint_gen' build argument 'cmake_clean_cache' from command line to 'False'
[0.138s] Level 5:colcon.colcon_core.verb:set package 'waypoint_gen' build argument 'cmake_clean_first' from command line to 'False'
[0.138s] Level 5:colcon.colcon_core.verb:set package 'waypoint_gen' build argument 'cmake_force_configure' from command line to 'False'
[0.138s] Level 5:colcon.colcon_core.verb:set package 'waypoint_gen' build argument 'ament_cmake_args' from command line to 'None'
[0.138s] Level 5:colcon.colcon_core.verb:set package 'waypoint_gen' build argument 'catkin_cmake_args' from command line to 'None'
[0.138s] Level 5:colcon.colcon_core.verb:set package 'waypoint_gen' build argument 'catkin_skip_building_tests' from command line to 'False'
[0.138s] DEBUG:colcon.colcon_core.verb:Building package 'waypoint_gen' with the following arguments: {'ament_cmake_args': None, 'build_base': '/home/naynn/Documents/fc2025/fc2025/src/build/waypoint_gen', 'catkin_cmake_args': None, 'catkin_skip_building_tests': False, 'cmake_args': None, 'cmake_clean_cache': False, 'cmake_clean_first': False, 'cmake_force_configure': False, 'cmake_target': None, 'cmake_target_skip_unavailable': False, 'install_base': '/home/naynn/Documents/fc2025/fc2025/src/install/waypoint_gen', 'merge_install': False, 'path': '/home/naynn/Documents/fc2025/fc2025/src/waypoint_gen', 'symlink_install': False, 'test_result_base': None}
[0.138s] INFO:colcon.colcon_core.executor:Executing jobs using 'parallel' executor
[0.139s] DEBUG:colcon.colcon_parallel_executor.executor.parallel:run_until_complete
[0.139s] INFO:colcon.colcon_ros.task.ament_python.build:Building ROS package in '/home/naynn/Documents/fc2025/fc2025/src/node_test' with build type 'ament_python'
[0.139s] Level 1:colcon.colcon_core.shell:create_environment_hook('node_test', 'ament_prefix_path')
[0.141s] INFO:colcon.colcon_core.plugin_system:Skipping extension 'colcon_core.shell.bat': Not used on non-Windows systems
[0.141s] INFO:colcon.colcon_core.shell:Creating environment hook '/home/naynn/Documents/fc2025/fc2025/src/install/node_test/share/node_test/hook/ament_prefix_path.ps1'
[0.141s] INFO:colcon.colcon_core.shell:Creating environment descriptor '/home/naynn/Documents/fc2025/fc2025/src/install/node_test/share/node_test/hook/ament_prefix_path.dsv'
[0.141s] INFO:colcon.colcon_core.shell:Creating environment hook '/home/naynn/Documents/fc2025/fc2025/src/install/node_test/share/node_test/hook/ament_prefix_path.sh'
[0.142s] INFO:colcon.colcon_core.shell:Skip shell extension 'powershell' for command environment: Not usable outside of PowerShell
[0.142s] DEBUG:colcon.colcon_core.shell:Skip shell extension 'dsv' for command environment
[0.144s] INFO:colcon.colcon_ros.task.ament_python.build:Building ROS package in '/home/naynn/Documents/fc2025/fc2025/src/visualize' with build type 'ament_python'
[0.144s] Level 1:colcon.colcon_core.shell:create_environment_hook('visualize', 'ament_prefix_path')
[0.144s] INFO:colcon.colcon_core.shell:Creating environment hook '/home/naynn/Documents/fc2025/fc2025/src/install/visualize/share/visualize/hook/ament_prefix_path.ps1'
[0.144s] INFO:colcon.colcon_core.shell:Creating environment descriptor '/home/naynn/Documents/fc2025/fc2025/src/install/visualize/share/visualize/hook/ament_prefix_path.dsv'
[0.144s] INFO:colcon.colcon_core.shell:Creating environment hook '/home/naynn/Documents/fc2025/fc2025/src/install/visualize/share/visualize/hook/ament_prefix_path.sh'
[0.145s] INFO:colcon.colcon_core.shell:Skip shell extension 'powershell' for command environment: Not usable outside of PowerShell
[0.145s] DEBUG:colcon.colcon_core.shell:Skip shell extension 'dsv' for command environment
[0.147s] INFO:colcon.colcon_ros.task.ament_python.build:Building ROS package in '/home/naynn/Documents/fc2025/fc2025/src/waypoint_gen' with build type 'ament_python'
[0.147s] Level 1:colcon.colcon_core.shell:create_environment_hook('waypoint_gen', 'ament_prefix_path')
[0.147s] INFO:colcon.colcon_core.shell:Creating environment hook '/home/naynn/Documents/fc2025/fc2025/src/install/waypoint_gen/share/waypoint_gen/hook/ament_prefix_path.ps1'
[0.147s] INFO:colcon.colcon_core.shell:Creating environment descriptor '/home/naynn/Documents/fc2025/fc2025/src/install/waypoint_gen/share/waypoint_gen/hook/ament_prefix_path.dsv'
[0.147s] INFO:colcon.colcon_core.shell:Creating environment hook '/home/naynn/Documents/fc2025/fc2025/src/install/waypoint_gen/share/waypoint_gen/hook/ament_prefix_path.sh'
[0.148s] INFO:colcon.colcon_core.shell:Skip shell extension 'powershell' for command environment: Not usable outside of PowerShell
[0.148s] DEBUG:colcon.colcon_core.shell:Skip shell extension 'dsv' for command environment
[0.275s] INFO:colcon.colcon_core.task.python.build:Building Python package in '/home/naynn/Documents/fc2025/fc2025/src/node_test'
[0.275s] INFO:colcon.colcon_core.shell:Skip shell extension 'powershell' for command environment: Not usable outside of PowerShell
[0.275s] DEBUG:colcon.colcon_core.shell:Skip shell extension 'dsv' for command environment
[0.398s] INFO:colcon.colcon_core.task.python.build:Building Python package in '/home/naynn/Documents/fc2025/fc2025/src/visualize'
[0.399s] INFO:colcon.colcon_core.shell:Skip shell extension 'powershell' for command environment: Not usable outside of PowerShell
[0.399s] DEBUG:colcon.colcon_core.shell:Skip shell extension 'dsv' for command environment
[0.525s] INFO:colcon.colcon_core.task.python.build:Building Python package in '/home/naynn/Documents/fc2025/fc2025/src/waypoint_gen'
[0.525s] INFO:colcon.colcon_core.shell:Skip shell extension 'powershell' for command environment: Not usable outside of PowerShell
[0.525s] DEBUG:colcon.colcon_core.shell:Skip shell extension 'dsv' for command environment
[0.864s] DEBUG:colcon.colcon_core.event_handler.log_command:Invoking command in '/home/naynn/Documents/fc2025/fc2025/src/waypoint_gen': PYTHONPATH=/home/naynn/Documents/fc2025/fc2025/src/build/waypoint_gen/prefix_override:/usr/lib/python3/dist-packages/colcon_core/task/python/colcon_distutils_commands:/home/naynn/Documents/fc2025/fc2025/src/install/waypoint_gen/lib/python3.10/site-packages:${PYTHONPATH} /usr/bin/python3 -W ignore:setup.py install is deprecated -W ignore:easy_install command is deprecated setup.py egg_info --egg-base ../build/waypoint_gen build --build-base /home/naynn/Documents/fc2025/fc2025/src/build/waypoint_gen/build install --record /home/naynn/Documents/fc2025/fc2025/src/build/waypoint_gen/install.log --single-version-externally-managed install_data
[0.868s] DEBUG:colcon.colcon_core.event_handler.log_command:Invoking command in '/home/naynn/Documents/fc2025/fc2025/src/node_test': PYTHONPATH=/home/naynn/Documents/fc2025/fc2025/src/build/node_test/prefix_override:/usr/lib/python3/dist-packages/colcon_core/task/python/colcon_distutils_commands:/home/naynn/Documents/fc2025/fc2025/src/install/node_test/lib/python3.10/site-packages:${PYTHONPATH} /usr/bin/python3 -W ignore:setup.py install is deprecated -W ignore:easy_install command is deprecated setup.py egg_info --egg-base ../build/node_test build --build-base /home/naynn/Documents/fc2025/fc2025/src/build/node_test/build install --record /home/naynn/Documents/fc2025/fc2025/src/build/node_test/install.log --single-version-externally-managed install_data
[0.870s] DEBUG:colcon.colcon_core.event_handler.log_command:Invoking command in '/home/naynn/Documents/fc2025/fc2025/src/visualize': PYTHONPATH=/home/naynn/Documents/fc2025/fc2025/src/build/visualize/prefix_override:/usr/lib/python3/dist-packages/colcon_core/task/python/colcon_distutils_commands:/home/naynn/Documents/fc2025/fc2025/src/install/visualize/lib/python3.10/site-packages:${PYTHONPATH} /usr/bin/python3 -W ignore:setup.py install is deprecated -W ignore:easy_install command is deprecated setup.py egg_info --egg-base ../build/visualize build --build-base /home/naynn/Documents/fc2025/fc2025/src/build/visualize/build install --record /home/naynn/Documents/fc2025/fc2025/src/build/visualize/install.log --single-version-externally-managed install_data
[1.155s] DEBUG:colcon.colcon_core.event_handler.log_command:Invoked command in '/home/naynn/Documents/fc2025/fc2025/src/waypoint_gen' returned '0': PYTHONPATH=/home/naynn/Documents/fc2025/fc2025/src/build/waypoint_gen/prefix_override:/usr/lib/python3/dist-packages/colcon_core/task/python/colcon_distutils_commands:/home/naynn/Documents/fc2025/fc2025/src/install/waypoint_gen/lib/python3.10/site-packages:${PYTHONPATH} /usr/bin/python3 -W ignore:setup.py install is deprecated -W ignore:easy_install command is deprecated setup.py egg_info --egg-base ../build/waypoint_gen build --build-base /home/naynn/Documents/fc2025/fc2025/src/build/waypoint_gen/build install --record /home/naynn/Documents/fc2025/fc2025/src/build/waypoint_gen/install.log --single-version-externally-managed install_data
[1.157s] Level 1:colcon.colcon_core.environment:checking '/home/naynn/Documents/fc2025/fc2025/src/install/waypoint_gen' for CMake module files
[1.157s] Level 1:colcon.colcon_core.environment:checking '/home/naynn/Documents/fc2025/fc2025/src/install/waypoint_gen' for CMake config files
[1.157s] Level 1:colcon.colcon_core.environment:checking '/home/naynn/Documents/fc2025/fc2025/src/install/waypoint_gen/lib'
[1.158s] Level 1:colcon.colcon_core.environment:checking '/home/naynn/Documents/fc2025/fc2025/src/install/waypoint_gen/bin'
[1.158s] Level 1:colcon.colcon_core.environment:checking '/home/naynn/Documents/fc2025/fc2025/src/install/waypoint_gen/lib/pkgconfig/waypoint_gen.pc'
[1.158s] Level 1:colcon.colcon_core.environment:checking '/home/naynn/Documents/fc2025/fc2025/src/install/waypoint_gen/lib/python3.10/site-packages'
[1.158s] Level 1:colcon.colcon_core.shell:create_environment_hook('waypoint_gen', 'pythonpath')
[1.158s] INFO:colcon.colcon_core.shell:Creating environment hook '/home/naynn/Documents/fc2025/fc2025/src/install/waypoint_gen/share/waypoint_gen/hook/pythonpath.ps1'
[1.158s] INFO:colcon.colcon_core.shell:Creating environment descriptor '/home/naynn/Documents/fc2025/fc2025/src/install/waypoint_gen/share/waypoint_gen/hook/pythonpath.dsv'
[1.159s] INFO:colcon.colcon_core.shell:Creating environment hook '/home/naynn/Documents/fc2025/fc2025/src/install/waypoint_gen/share/waypoint_gen/hook/pythonpath.sh'
[1.159s] Level 1:colcon.colcon_core.environment:checking '/home/naynn/Documents/fc2025/fc2025/src/install/waypoint_gen/bin'
[1.159s] Level 1:colcon.colcon_core.environment:create_environment_scripts_only(waypoint_gen)
[1.159s] INFO:colcon.colcon_core.shell:Creating package script '/home/naynn/Documents/fc2025/fc2025/src/install/waypoint_gen/share/waypoint_gen/package.ps1'
[1.160s] INFO:colcon.colcon_core.shell:Creating package descriptor '/home/naynn/Documents/fc2025/fc2025/src/install/waypoint_gen/share/waypoint_gen/package.dsv'
[1.160s] INFO:colcon.colcon_core.shell:Creating package script '/home/naynn/Documents/fc2025/fc2025/src/install/waypoint_gen/share/waypoint_gen/package.sh'
[1.160s] INFO:colcon.colcon_core.shell:Creating package script '/home/naynn/Documents/fc2025/fc2025/src/install/waypoint_gen/share/waypoint_gen/package.bash'
[1.161s] INFO:colcon.colcon_core.shell:Creating package script '/home/naynn/Documents/fc2025/fc2025/src/install/waypoint_gen/share/waypoint_gen/package.zsh'
[1.161s] Level 1:colcon.colcon_core.environment:create_file_with_runtime_dependencies(/home/naynn/Documents/fc2025/fc2025/src/install/waypoint_gen/share/colcon-core/packages/waypoint_gen)
[1.162s] Level 1:colcon.colcon_core.environment:checking '/home/naynn/Documents/fc2025/fc2025/src/install/node_test' for CMake module files
[1.163s] DEBUG:colcon.colcon_core.event_handler.log_command:Invoked command in '/home/naynn/Documents/fc2025/fc2025/src/node_test' returned '0': PYTHONPATH=/home/naynn/Documents/fc2025/fc2025/src/build/node_test/prefix_override:/usr/lib/python3/dist-packages/colcon_core/task/python/colcon_distutils_commands:/home/naynn/Documents/fc2025/fc2025/src/install/node_test/lib/python3.10/site-packages:${PYTHONPATH} /usr/bin/python3 -W ignore:setup.py install is deprecated -W ignore:easy_install command is deprecated setup.py egg_info --egg-base ../build/node_test build --build-base /home/naynn/Documents/fc2025/fc2025/src/build/node_test/build install --record /home/naynn/Documents/fc2025/fc2025/src/build/node_test/install.log --single-version-externally-managed install_data
[1.163s] Level 1:colcon.colcon_core.environment:checking '/home/naynn/Documents/fc2025/fc2025/src/install/node_test' for CMake config files
[1.163s] Level 1:colcon.colcon_core.environment:checking '/home/naynn/Documents/fc2025/fc2025/src/install/node_test/lib'
[1.163s] Level 1:colcon.colcon_core.environment:checking '/home/naynn/Documents/fc2025/fc2025/src/install/node_test/bin'
[1.163s] Level 1:colcon.colcon_core.environment:checking '/home/naynn/Documents/fc2025/fc2025/src/install/node_test/lib/pkgconfig/node_test.pc'
[1.163s] Level 1:colcon.colcon_core.environment:checking '/home/naynn/Documents/fc2025/fc2025/src/install/node_test/lib/python3.10/site-packages'
[1.163s] Level 1:colcon.colcon_core.shell:create_environment_hook('node_test', 'pythonpath')
[1.163s] INFO:colcon.colcon_core.shell:Creating environment hook '/home/naynn/Documents/fc2025/fc2025/src/install/node_test/share/node_test/hook/pythonpath.ps1'
[1.164s] INFO:colcon.colcon_core.shell:Creating environment descriptor '/home/naynn/Documents/fc2025/fc2025/src/install/node_test/share/node_test/hook/pythonpath.dsv'
[1.164s] INFO:colcon.colcon_core.shell:Creating environment hook '/home/naynn/Documents/fc2025/fc2025/src/install/node_test/share/node_test/hook/pythonpath.sh'
[1.164s] Level 1:colcon.colcon_core.environment:checking '/home/naynn/Documents/fc2025/fc2025/src/install/node_test/bin'
[1.164s] Level 1:colcon.colcon_core.environment:create_environment_scripts_only(node_test)
[1.164s] INFO:colcon.colcon_core.shell:Creating package script '/home/naynn/Documents/fc2025/fc2025/src/install/node_test/share/node_test/package.ps1'
[1.165s] INFO:colcon.colcon_core.shell:Creating package descriptor '/home/naynn/Documents/fc2025/fc2025/src/install/node_test/share/node_test/package.dsv'
[1.165s] INFO:colcon.colcon_core.shell:Creating package script '/home/naynn/Documents/fc2025/fc2025/src/install/node_test/share/node_test/package.sh'
[1.165s] INFO:colcon.colcon_core.shell:Creating package script '/home/naynn/Documents/fc2025/fc2025/src/install/node_test/share/node_test/package.bash'
[1.165s] INFO:colcon.colcon_core.shell:Creating package script '/home/naynn/Documents/fc2025/fc2025/src/install/node_test/share/node_test/package.zsh'
[1.165s] Level 1:colcon.colcon_core.environment:create_file_with_runtime_dependencies(/home/naynn/Documents/fc2025/fc2025/src/install/node_test/share/colcon-core/packages/node_test)
[1.166s] Level 1:colcon.colcon_core.environment:checking '/home/naynn/Documents/fc2025/fc2025/src/install/visualize' for CMake module files
[1.167s] Level 1:colcon.colcon_core.environment:checking '/home/naynn/Documents/fc2025/fc2025/src/install/visualize' for CMake config files
[1.167s] DEBUG:colcon.colcon_core.event_handler.log_command:Invoked command in '/home/naynn/Documents/fc2025/fc2025/src/visualize' returned '0': PYTHONPATH=/home/naynn/Documents/fc2025/fc2025/src/build/visualize/prefix_override:/usr/lib/python3/dist-packages/colcon_core/task/python/colcon_distutils_commands:/home/naynn/Documents/fc2025/fc2025/src/install/visualize/lib/python3.10/site-packages:${PYTHONPATH} /usr/bin/python3 -W ignore:setup.py install is deprecated -W ignore:easy_install command is deprecated setup.py egg_info --egg-base ../build/visualize build --build-base /home/naynn/Documents/fc2025/fc2025/src/build/visualize/build install --record /home/naynn/Documents/fc2025/fc2025/src/build/visualize/install.log --single-version-externally-managed install_data
[1.167s] Level 1:colcon.colcon_core.environment:checking '/home/naynn/Documents/fc2025/fc2025/src/install/visualize/lib'
[1.167s] Level 1:colcon.colcon_core.environment:checking '/home/naynn/Documents/fc2025/fc2025/src/install/visualize/bin'
[1.167s] Level 1:colcon.colcon_core.environment:checking '/home/naynn/Documents/fc2025/fc2025/src/install/visualize/lib/pkgconfig/visualize.pc'
[1.167s] Level 1:colcon.colcon_core.environment:checking '/home/naynn/Documents/fc2025/fc2025/src/install/visualize/lib/python3.10/site-packages'
[1.167s] Level 1:colcon.colcon_core.shell:create_environment_hook('visualize', 'pythonpath')
[1.167s] INFO:colcon.colcon_core.shell:Creating environment hook '/home/naynn/Documents/fc2025/fc2025/src/install/visualize/share/visualize/hook/pythonpath.ps1'
[1.168s] INFO:colcon.colcon_core.shell:Creating environment descriptor '/home/naynn/Documents/fc2025/fc2025/src/install/visualize/share/visualize/hook/pythonpath.dsv'
[1.168s] INFO:colcon.colcon_core.shell:Creating environment hook '/home/naynn/Documents/fc2025/fc2025/src/install/visualize/share/visualize/hook/pythonpath.sh'
[1.168s] Level 1:colcon.colcon_core.environment:checking '/home/naynn/Documents/fc2025/fc2025/src/install/visualize/bin'
[1.168s] Level 1:colcon.colcon_core.environment:create_environment_scripts_only(visualize)
[1.168s] INFO:colcon.colcon_core.shell:Creating package script '/home/naynn/Documents/fc2025/fc2025/src/install/visualize/share/visualize/package.ps1'
[1.169s] INFO:colcon.colcon_core.shell:Creating package descriptor '/home/naynn/Documents/fc2025/fc2025/src/install/visualize/share/visualize/package.dsv'
[1.169s] INFO:colcon.colcon_core.shell:Creating package script '/home/naynn/Documents/fc2025/fc2025/src/install/visualize/share/visualize/package.sh'
[1.169s] INFO:colcon.colcon_core.shell:Creating package script '/home/naynn/Documents/fc2025/fc2025/src/install/visualize/share/visualize/package.bash'
[1.169s] INFO:colcon.colcon_core.shell:Creating package script '/home/naynn/Documents/fc2025/fc2025/src/install/visualize/share/visualize/package.zsh'
[1.170s] Level 1:colcon.colcon_core.environment:create_file_with_runtime_dependencies(/home/naynn/Documents/fc2025/fc2025/src/install/visualize/share/colcon-core/packages/visualize)
[1.170s] DEBUG:colcon.colcon_parallel_executor.executor.parallel:closing loop
[1.170s] DEBUG:colcon.colcon_parallel_executor.executor.parallel:loop closed
[1.170s] DEBUG:colcon.colcon_parallel_executor.executor.parallel:run_until_complete finished with '0'
[1.170s] DEBUG:colcon.colcon_core.event_reactor:joining thread
[1.173s] INFO:colcon.colcon_core.plugin_system:Skipping extension 'colcon_notification.desktop_notification.terminal_notifier': Not used on non-Darwin systems
[1.173s] INFO:colcon.colcon_core.plugin_system:Skipping extension 'colcon_notification.desktop_notification.win32': Not used on non-Windows systems
[1.173s] INFO:colcon.colcon_notification.desktop_notification:Sending desktop notification using 'notify2'
[1.180s] DEBUG:colcon.colcon_core.event_reactor:joined thread
[1.180s] INFO:colcon.colcon_core.shell:Creating prefix script '/home/naynn/Documents/fc2025/fc2025/src/install/local_setup.ps1'
[1.181s] INFO:colcon.colcon_core.shell:Creating prefix util module '/home/naynn/Documents/fc2025/fc2025/src/install/_local_setup_util_ps1.py'
[1.181s] INFO:colcon.colcon_core.shell:Creating prefix chain script '/home/naynn/Documents/fc2025/fc2025/src/install/setup.ps1'
[1.182s] INFO:colcon.colcon_core.shell:Creating prefix script '/home/naynn/Documents/fc2025/fc2025/src/install/local_setup.sh'
[1.182s] INFO:colcon.colcon_core.shell:Creating prefix util module '/home/naynn/Documents/fc2025/fc2025/src/install/_local_setup_util_sh.py'
[1.183s] INFO:colcon.colcon_core.shell:Creating prefix chain script '/home/naynn/Documents/fc2025/fc2025/src/install/setup.sh'
[1.183s] INFO:colcon.colcon_core.shell:Creating prefix script '/home/naynn/Documents/fc2025/fc2025/src/install/local_setup.bash'
[1.184s] INFO:colcon.colcon_core.shell:Creating prefix chain script '/home/naynn/Documents/fc2025/fc2025/src/install/setup.bash'
[1.184s] INFO:colcon.colcon_core.shell:Creating prefix script '/home/naynn/Documents/fc2025/fc2025/src/install/local_setup.zsh'
[1.184s] INFO:colcon.colcon_core.shell:Creating prefix chain script '/home/naynn/Documents/fc2025/fc2025/src/install/setup.zsh'
