[0.071s] DEBUG:colcon:Command line arguments: ['/usr/bin/colcon', 'build']
[0.071s] DEBUG:colcon:Parsed command line arguments: Namespace(log_base=None, log_level=None, verb_name='build', build_base='build', install_base='install', merge_install=False, symlink_install=False, test_result_base=None, continue_on_error=False, executor='parallel', parallel_workers=16, event_handlers=None, ignore_user_meta=False, metas=['./colcon.meta'], base_paths=['.'], packages_ignore=None, packages_ignore_regex=None, paths=None, packages_up_to=None, packages_up_to_regex=None, packages_above=None, packages_above_and_dependencies=None, packages_above_depth=None, packages_select_by_dep=None, packages_skip_by_dep=None, packages_skip_up_to=None, packages_select_build_failed=False, packages_skip_build_finished=False, packages_select_test_failures=False, packages_skip_test_passed=False, packages_select=None, packages_skip=None, packages_select_regex=None, packages_skip_regex=None, packages_start=None, packages_end=None, allow_overriding=[], cmake_args=None, cmake_target=None, cmake_target_skip_unavailable=False, cmake_clean_cache=False, cmake_clean_first=False, cmake_force_configure=False, ament_cmake_args=None, catkin_cmake_args=None, catkin_skip_building_tests=False, verb_parser=<colcon_defaults.argument_parser.defaults.DefaultArgumentsDecorator object at 0x72c9853722f0>, verb_extension=<colcon_core.verb.build.BuildVerb object at 0x72c985467d60>, main=<bound method BuildVerb.main of <colcon_core.verb.build.BuildVerb object at 0x72c985467d60>>)
[0.096s] Level 1:colcon.colcon_core.package_discovery:discover_packages(colcon_meta) check parameters
[0.096s] Level 1:colcon.colcon_core.package_discovery:discover_packages(recursive) check parameters
[0.097s] Level 1:colcon.colcon_core.package_discovery:discover_packages(ignore) check parameters
[0.097s] Level 1:colcon.colcon_core.package_discovery:discover_packages(path) check parameters
[0.097s] Level 1:colcon.colcon_core.package_discovery:discover_packages(colcon_meta) discover
[0.097s] Level 1:colcon.colcon_core.package_discovery:discover_packages(recursive) discover
[0.097s] INFO:colcon.colcon_core.package_discovery:Crawling recursively for packages in '/home/naynn/Documents/fc2025/fc2025/src'
[0.097s] Level 1:colcon.colcon_core.package_identification:_identify(.) by extensions ['ignore', 'ignore_ament_install']
[0.097s] Level 1:colcon.colcon_core.package_identification:_identify(.) by extension 'ignore'
[0.097s] Level 1:colcon.colcon_core.package_identification:_identify(.) by extension 'ignore_ament_install'
[0.097s] Level 1:colcon.colcon_core.package_identification:_identify(.) by extensions ['colcon_pkg']
[0.097s] Level 1:colcon.colcon_core.package_identification:_identify(.) by extension 'colcon_pkg'
[0.097s] Level 1:colcon.colcon_core.package_identification:_identify(.) by extensions ['colcon_meta']
[0.097s] Level 1:colcon.colcon_core.package_identification:_identify(.) by extension 'colcon_meta'
[0.097s] Level 1:colcon.colcon_core.package_identification:_identify(.) by extensions ['ros']
[0.097s] Level 1:colcon.colcon_core.package_identification:_identify(.) by extension 'ros'
[0.106s] Level 1:colcon.colcon_core.package_identification:_identify(.) by extensions ['cmake', 'python']
[0.106s] Level 1:colcon.colcon_core.package_identification:_identify(.) by extension 'cmake'
[0.106s] Level 1:colcon.colcon_core.package_identification:_identify(.) by extension 'python'
[0.106s] Level 1:colcon.colcon_core.package_identification:_identify(.) by extensions ['python_setup_py']
[0.106s] Level 1:colcon.colcon_core.package_identification:_identify(.) by extension 'python_setup_py'
[0.106s] Level 1:colcon.colcon_core.package_identification:_identify(build) by extensions ['ignore', 'ignore_ament_install']
[0.106s] Level 1:colcon.colcon_core.package_identification:_identify(build) by extension 'ignore'
[0.106s] Level 1:colcon.colcon_core.package_identification:_identify(build) ignored
[0.107s] Level 1:colcon.colcon_core.package_identification:_identify(install) by extensions ['ignore', 'ignore_ament_install']
[0.107s] Level 1:colcon.colcon_core.package_identification:_identify(install) by extension 'ignore'
[0.107s] Level 1:colcon.colcon_core.package_identification:_identify(install) ignored
[0.107s] Level 1:colcon.colcon_core.package_identification:_identify(log) by extensions ['ignore', 'ignore_ament_install']
[0.107s] Level 1:colcon.colcon_core.package_identification:_identify(log) by extension 'ignore'
[0.107s] Level 1:colcon.colcon_core.package_identification:_identify(log) ignored
[0.107s] Level 1:colcon.colcon_core.package_identification:_identify(node_test) by extensions ['ignore', 'ignore_ament_install']
[0.107s] Level 1:colcon.colcon_core.package_identification:_identify(node_test) by extension 'ignore'
[0.107s] Level 1:colcon.colcon_core.package_identification:_identify(node_test) by extension 'ignore_ament_install'
[0.107s] Level 1:colcon.colcon_core.package_identification:_identify(node_test) by extensions ['colcon_pkg']
[0.107s] Level 1:colcon.colcon_core.package_identification:_identify(node_test) by extension 'colcon_pkg'
[0.107s] Level 1:colcon.colcon_core.package_identification:_identify(node_test) by extensions ['colcon_meta']
[0.107s] Level 1:colcon.colcon_core.package_identification:_identify(node_test) by extension 'colcon_meta'
[0.107s] Level 1:colcon.colcon_core.package_identification:_identify(node_test) by extensions ['ros']
[0.107s] Level 1:colcon.colcon_core.package_identification:_identify(node_test) by extension 'ros'
[0.109s] DEBUG:colcon.colcon_core.package_identification:Package 'node_test' with type 'ros.ament_python' and name 'node_test'
[0.109s] Level 1:colcon.colcon_core.package_identification:_identify(pose) by extensions ['ignore', 'ignore_ament_install']
[0.109s] Level 1:colcon.colcon_core.package_identification:_identify(pose) by extension 'ignore'
[0.109s] Level 1:colcon.colcon_core.package_identification:_identify(pose) by extension 'ignore_ament_install'
[0.109s] Level 1:colcon.colcon_core.package_identification:_identify(pose) by extensions ['colcon_pkg']
[0.109s] Level 1:colcon.colcon_core.package_identification:_identify(pose) by extension 'colcon_pkg'
[0.109s] Level 1:colcon.colcon_core.package_identification:_identify(pose) by extensions ['colcon_meta']
[0.109s] Level 1:colcon.colcon_core.package_identification:_identify(pose) by extension 'colcon_meta'
[0.109s] Level 1:colcon.colcon_core.package_identification:_identify(pose) by extensions ['ros']
[0.109s] Level 1:colcon.colcon_core.package_identification:_identify(pose) by extension 'ros'
[0.110s] DEBUG:colcon.colcon_core.package_identification:Package 'pose' with type 'ros.ament_python' and name 'pose'
[0.110s] Level 1:colcon.colcon_core.package_identification:_identify(utils) by extensions ['ignore', 'ignore_ament_install']
[0.110s] Level 1:colcon.colcon_core.package_identification:_identify(utils) by extension 'ignore'
[0.110s] Level 1:colcon.colcon_core.package_identification:_identify(utils) by extension 'ignore_ament_install'
[0.110s] Level 1:colcon.colcon_core.package_identification:_identify(utils) by extensions ['colcon_pkg']
[0.110s] Level 1:colcon.colcon_core.package_identification:_identify(utils) by extension 'colcon_pkg'
[0.110s] Level 1:colcon.colcon_core.package_identification:_identify(utils) by extensions ['colcon_meta']
[0.110s] Level 1:colcon.colcon_core.package_identification:_identify(utils) by extension 'colcon_meta'
[0.110s] Level 1:colcon.colcon_core.package_identification:_identify(utils) by extensions ['ros']
[0.110s] Level 1:colcon.colcon_core.package_identification:_identify(utils) by extension 'ros'
[0.111s] Level 1:colcon.colcon_core.package_identification:_identify(utils) by extensions ['cmake', 'python']
[0.111s] Level 1:colcon.colcon_core.package_identification:_identify(utils) by extension 'cmake'
[0.111s] Level 1:colcon.colcon_core.package_identification:_identify(utils) by extension 'python'
[0.111s] Level 1:colcon.colcon_core.package_identification:_identify(utils) by extensions ['python_setup_py']
[0.111s] Level 1:colcon.colcon_core.package_identification:_identify(utils) by extension 'python_setup_py'
[0.111s] Level 1:colcon.colcon_core.package_identification:_identify(utils/__pycache__) by extensions ['ignore', 'ignore_ament_install']
[0.111s] Level 1:colcon.colcon_core.package_identification:_identify(utils/__pycache__) by extension 'ignore'
[0.111s] Level 1:colcon.colcon_core.package_identification:_identify(utils/__pycache__) by extension 'ignore_ament_install'
[0.111s] Level 1:colcon.colcon_core.package_identification:_identify(utils/__pycache__) by extensions ['colcon_pkg']
[0.111s] Level 1:colcon.colcon_core.package_identification:_identify(utils/__pycache__) by extension 'colcon_pkg'
[0.111s] Level 1:colcon.colcon_core.package_identification:_identify(utils/__pycache__) by extensions ['colcon_meta']
[0.111s] Level 1:colcon.colcon_core.package_identification:_identify(utils/__pycache__) by extension 'colcon_meta'
[0.111s] Level 1:colcon.colcon_core.package_identification:_identify(utils/__pycache__) by extensions ['ros']
[0.111s] Level 1:colcon.colcon_core.package_identification:_identify(utils/__pycache__) by extension 'ros'
[0.111s] Level 1:colcon.colcon_core.package_identification:_identify(utils/__pycache__) by extensions ['cmake', 'python']
[0.111s] Level 1:colcon.colcon_core.package_identification:_identify(utils/__pycache__) by extension 'cmake'
[0.111s] Level 1:colcon.colcon_core.package_identification:_identify(utils/__pycache__) by extension 'python'
[0.111s] Level 1:colcon.colcon_core.package_identification:_identify(utils/__pycache__) by extensions ['python_setup_py']
[0.111s] Level 1:colcon.colcon_core.package_identification:_identify(utils/__pycache__) by extension 'python_setup_py'
[0.111s] Level 1:colcon.colcon_core.package_identification:_identify(utils/test) by extensions ['ignore', 'ignore_ament_install']
[0.111s] Level 1:colcon.colcon_core.package_identification:_identify(utils/test) by extension 'ignore'
[0.111s] Level 1:colcon.colcon_core.package_identification:_identify(utils/test) by extension 'ignore_ament_install'
[0.111s] Level 1:colcon.colcon_core.package_identification:_identify(utils/test) by extensions ['colcon_pkg']
[0.111s] Level 1:colcon.colcon_core.package_identification:_identify(utils/test) by extension 'colcon_pkg'
[0.111s] Level 1:colcon.colcon_core.package_identification:_identify(utils/test) by extensions ['colcon_meta']
[0.111s] Level 1:colcon.colcon_core.package_identification:_identify(utils/test) by extension 'colcon_meta'
[0.111s] Level 1:colcon.colcon_core.package_identification:_identify(utils/test) by extensions ['ros']
[0.111s] Level 1:colcon.colcon_core.package_identification:_identify(utils/test) by extension 'ros'
[0.111s] Level 1:colcon.colcon_core.package_identification:_identify(utils/test) by extensions ['cmake', 'python']
[0.111s] Level 1:colcon.colcon_core.package_identification:_identify(utils/test) by extension 'cmake'
[0.111s] Level 1:colcon.colcon_core.package_identification:_identify(utils/test) by extension 'python'
[0.111s] Level 1:colcon.colcon_core.package_identification:_identify(utils/test) by extensions ['python_setup_py']
[0.111s] Level 1:colcon.colcon_core.package_identification:_identify(utils/test) by extension 'python_setup_py'
[0.111s] Level 1:colcon.colcon_core.package_identification:_identify(vision) by extensions ['ignore', 'ignore_ament_install']
[0.111s] Level 1:colcon.colcon_core.package_identification:_identify(vision) by extension 'ignore'
[0.111s] Level 1:colcon.colcon_core.package_identification:_identify(vision) by extension 'ignore_ament_install'
[0.111s] Level 1:colcon.colcon_core.package_identification:_identify(vision) by extensions ['colcon_pkg']
[0.111s] Level 1:colcon.colcon_core.package_identification:_identify(vision) by extension 'colcon_pkg'
[0.111s] Level 1:colcon.colcon_core.package_identification:_identify(vision) by extensions ['colcon_meta']
[0.111s] Level 1:colcon.colcon_core.package_identification:_identify(vision) by extension 'colcon_meta'
[0.111s] Level 1:colcon.colcon_core.package_identification:_identify(vision) by extensions ['ros']
[0.112s] Level 1:colcon.colcon_core.package_identification:_identify(vision) by extension 'ros'
[0.112s] DEBUG:colcon.colcon_core.package_identification:Package 'vision' with type 'ros.ament_python' and name 'vision'
[0.112s] Level 1:colcon.colcon_core.package_identification:_identify(visualize) by extensions ['ignore', 'ignore_ament_install']
[0.112s] Level 1:colcon.colcon_core.package_identification:_identify(visualize) by extension 'ignore'
[0.112s] Level 1:colcon.colcon_core.package_identification:_identify(visualize) by extension 'ignore_ament_install'
[0.112s] Level 1:colcon.colcon_core.package_identification:_identify(visualize) by extensions ['colcon_pkg']
[0.112s] Level 1:colcon.colcon_core.package_identification:_identify(visualize) by extension 'colcon_pkg'
[0.112s] Level 1:colcon.colcon_core.package_identification:_identify(visualize) by extensions ['colcon_meta']
[0.112s] Level 1:colcon.colcon_core.package_identification:_identify(visualize) by extension 'colcon_meta'
[0.112s] Level 1:colcon.colcon_core.package_identification:_identify(visualize) by extensions ['ros']
[0.112s] Level 1:colcon.colcon_core.package_identification:_identify(visualize) by extension 'ros'
[0.113s] DEBUG:colcon.colcon_core.package_identification:Package 'visualize' with type 'ros.ament_python' and name 'visualize'
[0.113s] Level 1:colcon.colcon_core.package_identification:_identify(waypoint) by extensions ['ignore', 'ignore_ament_install']
[0.113s] Level 1:colcon.colcon_core.package_identification:_identify(waypoint) by extension 'ignore'
[0.113s] Level 1:colcon.colcon_core.package_identification:_identify(waypoint) by extension 'ignore_ament_install'
[0.113s] Level 1:colcon.colcon_core.package_identification:_identify(waypoint) by extensions ['colcon_pkg']
[0.114s] Level 1:colcon.colcon_core.package_identification:_identify(waypoint) by extension 'colcon_pkg'
[0.114s] Level 1:colcon.colcon_core.package_identification:_identify(waypoint) by extensions ['colcon_meta']
[0.114s] Level 1:colcon.colcon_core.package_identification:_identify(waypoint) by extension 'colcon_meta'
[0.114s] Level 1:colcon.colcon_core.package_identification:_identify(waypoint) by extensions ['ros']
[0.114s] Level 1:colcon.colcon_core.package_identification:_identify(waypoint) by extension 'ros'
[0.114s] Level 1:colcon.colcon_core.package_identification:_identify(waypoint) by extensions ['cmake', 'python']
[0.114s] Level 1:colcon.colcon_core.package_identification:_identify(waypoint) by extension 'cmake'
[0.114s] Level 1:colcon.colcon_core.package_identification:_identify(waypoint) by extension 'python'
[0.114s] Level 1:colcon.colcon_core.package_identification:_identify(waypoint) by extensions ['python_setup_py']
[0.114s] Level 1:colcon.colcon_core.package_identification:_identify(waypoint) by extension 'python_setup_py'
[0.114s] Level 1:colcon.colcon_core.package_identification:_identify(waypoint_gen) by extensions ['ignore', 'ignore_ament_install']
[0.114s] Level 1:colcon.colcon_core.package_identification:_identify(waypoint_gen) by extension 'ignore'
[0.114s] Level 1:colcon.colcon_core.package_identification:_identify(waypoint_gen) by extension 'ignore_ament_install'
[0.114s] Level 1:colcon.colcon_core.package_identification:_identify(waypoint_gen) by extensions ['colcon_pkg']
[0.114s] Level 1:colcon.colcon_core.package_identification:_identify(waypoint_gen) by extension 'colcon_pkg'
[0.114s] Level 1:colcon.colcon_core.package_identification:_identify(waypoint_gen) by extensions ['colcon_meta']
[0.114s] Level 1:colcon.colcon_core.package_identification:_identify(waypoint_gen) by extension 'colcon_meta'
[0.114s] Level 1:colcon.colcon_core.package_identification:_identify(waypoint_gen) by extensions ['ros']
[0.114s] Level 1:colcon.colcon_core.package_identification:_identify(waypoint_gen) by extension 'ros'
[0.115s] DEBUG:colcon.colcon_core.package_identification:Package 'waypoint_gen' with type 'ros.ament_python' and name 'waypoint_gen'
[0.115s] Level 1:colcon.colcon_core.package_discovery:discover_packages(recursive) using defaults
[0.115s] Level 1:colcon.colcon_core.package_discovery:discover_packages(ignore) discover
[0.115s] Level 1:colcon.colcon_core.package_discovery:discover_packages(ignore) using defaults
[0.115s] Level 1:colcon.colcon_core.package_discovery:discover_packages(path) discover
[0.115s] Level 1:colcon.colcon_core.package_discovery:discover_packages(path) using defaults
[0.130s] Level 1:colcon.colcon_core.package_discovery:discover_packages(prefix_path) check parameters
[0.130s] Level 1:colcon.colcon_core.package_discovery:discover_packages(prefix_path) discover
[0.132s] DEBUG:colcon.colcon_installed_package_information.package_discovery:Found 6 installed packages in /home/naynn/Documents/fc2025/fc2025/src/install
[0.132s] DEBUG:colcon.colcon_installed_package_information.package_discovery:Found 298 installed packages in /opt/ros/humble
[0.133s] Level 1:colcon.colcon_core.package_discovery:discover_packages(prefix_path) using defaults
[0.154s] Level 5:colcon.colcon_core.verb:set package 'node_test' build argument 'cmake_args' from command line to 'None'
[0.155s] Level 5:colcon.colcon_core.verb:set package 'node_test' build argument 'cmake_target' from command line to 'None'
[0.155s] Level 5:colcon.colcon_core.verb:set package 'node_test' build argument 'cmake_target_skip_unavailable' from command line to 'False'
[0.155s] Level 5:colcon.colcon_core.verb:set package 'node_test' build argument 'cmake_clean_cache' from command line to 'False'
[0.155s] Level 5:colcon.colcon_core.verb:set package 'node_test' build argument 'cmake_clean_first' from command line to 'False'
[0.155s] Level 5:colcon.colcon_core.verb:set package 'node_test' build argument 'cmake_force_configure' from command line to 'False'
[0.155s] Level 5:colcon.colcon_core.verb:set package 'node_test' build argument 'ament_cmake_args' from command line to 'None'
[0.155s] Level 5:colcon.colcon_core.verb:set package 'node_test' build argument 'catkin_cmake_args' from command line to 'None'
[0.155s] Level 5:colcon.colcon_core.verb:set package 'node_test' build argument 'catkin_skip_building_tests' from command line to 'False'
[0.155s] DEBUG:colcon.colcon_core.verb:Building package 'node_test' with the following arguments: {'ament_cmake_args': None, 'build_base': '/home/naynn/Documents/fc2025/fc2025/src/build/node_test', 'catkin_cmake_args': None, 'catkin_skip_building_tests': False, 'cmake_args': None, 'cmake_clean_cache': False, 'cmake_clean_first': False, 'cmake_force_configure': False, 'cmake_target': None, 'cmake_target_skip_unavailable': False, 'install_base': '/home/naynn/Documents/fc2025/fc2025/src/install/node_test', 'merge_install': False, 'path': '/home/naynn/Documents/fc2025/fc2025/src/node_test', 'symlink_install': False, 'test_result_base': None}
[0.155s] Level 5:colcon.colcon_core.verb:set package 'pose' build argument 'cmake_args' from command line to 'None'
[0.155s] Level 5:colcon.colcon_core.verb:set package 'pose' build argument 'cmake_target' from command line to 'None'
[0.155s] Level 5:colcon.colcon_core.verb:set package 'pose' build argument 'cmake_target_skip_unavailable' from command line to 'False'
[0.155s] Level 5:colcon.colcon_core.verb:set package 'pose' build argument 'cmake_clean_cache' from command line to 'False'
[0.155s] Level 5:colcon.colcon_core.verb:set package 'pose' build argument 'cmake_clean_first' from command line to 'False'
[0.155s] Level 5:colcon.colcon_core.verb:set package 'pose' build argument 'cmake_force_configure' from command line to 'False'
[0.155s] Level 5:colcon.colcon_core.verb:set package 'pose' build argument 'ament_cmake_args' from command line to 'None'
[0.155s] Level 5:colcon.colcon_core.verb:set package 'pose' build argument 'catkin_cmake_args' from command line to 'None'
[0.155s] Level 5:colcon.colcon_core.verb:set package 'pose' build argument 'catkin_skip_building_tests' from command line to 'False'
[0.155s] DEBUG:colcon.colcon_core.verb:Building package 'pose' with the following arguments: {'ament_cmake_args': None, 'build_base': '/home/naynn/Documents/fc2025/fc2025/src/build/pose', 'catkin_cmake_args': None, 'catkin_skip_building_tests': False, 'cmake_args': None, 'cmake_clean_cache': False, 'cmake_clean_first': False, 'cmake_force_configure': False, 'cmake_target': None, 'cmake_target_skip_unavailable': False, 'install_base': '/home/naynn/Documents/fc2025/fc2025/src/install/pose', 'merge_install': False, 'path': '/home/naynn/Documents/fc2025/fc2025/src/pose', 'symlink_install': False, 'test_result_base': None}
[0.155s] Level 5:colcon.colcon_core.verb:set package 'vision' build argument 'cmake_args' from command line to 'None'
[0.155s] Level 5:colcon.colcon_core.verb:set package 'vision' build argument 'cmake_target' from command line to 'None'
[0.155s] Level 5:colcon.colcon_core.verb:set package 'vision' build argument 'cmake_target_skip_unavailable' from command line to 'False'
[0.155s] Level 5:colcon.colcon_core.verb:set package 'vision' build argument 'cmake_clean_cache' from command line to 'False'
[0.155s] Level 5:colcon.colcon_core.verb:set package 'vision' build argument 'cmake_clean_first' from command line to 'False'
[0.155s] Level 5:colcon.colcon_core.verb:set package 'vision' build argument 'cmake_force_configure' from command line to 'False'
[0.155s] Level 5:colcon.colcon_core.verb:set package 'vision' build argument 'ament_cmake_args' from command line to 'None'
[0.155s] Level 5:colcon.colcon_core.verb:set package 'vision' build argument 'catkin_cmake_args' from command line to 'None'
[0.155s] Level 5:colcon.colcon_core.verb:set package 'vision' build argument 'catkin_skip_building_tests' from command line to 'False'
[0.155s] DEBUG:colcon.colcon_core.verb:Building package 'vision' with the following arguments: {'ament_cmake_args': None, 'build_base': '/home/naynn/Documents/fc2025/fc2025/src/build/vision', 'catkin_cmake_args': None, 'catkin_skip_building_tests': False, 'cmake_args': None, 'cmake_clean_cache': False, 'cmake_clean_first': False, 'cmake_force_configure': False, 'cmake_target': None, 'cmake_target_skip_unavailable': False, 'install_base': '/home/naynn/Documents/fc2025/fc2025/src/install/vision', 'merge_install': False, 'path': '/home/naynn/Documents/fc2025/fc2025/src/vision', 'symlink_install': False, 'test_result_base': None}
[0.155s] Level 5:colcon.colcon_core.verb:set package 'visualize' build argument 'cmake_args' from command line to 'None'
[0.155s] Level 5:colcon.colcon_core.verb:set package 'visualize' build argument 'cmake_target' from command line to 'None'
[0.156s] Level 5:colcon.colcon_core.verb:set package 'visualize' build argument 'cmake_target_skip_unavailable' from command line to 'False'
[0.156s] Level 5:colcon.colcon_core.verb:set package 'visualize' build argument 'cmake_clean_cache' from command line to 'False'
[0.156s] Level 5:colcon.colcon_core.verb:set package 'visualize' build argument 'cmake_clean_first' from command line to 'False'
[0.156s] Level 5:colcon.colcon_core.verb:set package 'visualize' build argument 'cmake_force_configure' from command line to 'False'
[0.156s] Level 5:colcon.colcon_core.verb:set package 'visualize' build argument 'ament_cmake_args' from command line to 'None'
[0.156s] Level 5:colcon.colcon_core.verb:set package 'visualize' build argument 'catkin_cmake_args' from command line to 'None'
[0.156s] Level 5:colcon.colcon_core.verb:set package 'visualize' build argument 'catkin_skip_building_tests' from command line to 'False'
[0.156s] DEBUG:colcon.colcon_core.verb:Building package 'visualize' with the following arguments: {'ament_cmake_args': None, 'build_base': '/home/naynn/Documents/fc2025/fc2025/src/build/visualize', 'catkin_cmake_args': None, 'catkin_skip_building_tests': False, 'cmake_args': None, 'cmake_clean_cache': False, 'cmake_clean_first': False, 'cmake_force_configure': False, 'cmake_target': None, 'cmake_target_skip_unavailable': False, 'install_base': '/home/naynn/Documents/fc2025/fc2025/src/install/visualize', 'merge_install': False, 'path': '/home/naynn/Documents/fc2025/fc2025/src/visualize', 'symlink_install': False, 'test_result_base': None}
[0.156s] Level 5:colcon.colcon_core.verb:set package 'waypoint_gen' build argument 'cmake_args' from command line to 'None'
[0.156s] Level 5:colcon.colcon_core.verb:set package 'waypoint_gen' build argument 'cmake_target' from command line to 'None'
[0.156s] Level 5:colcon.colcon_core.verb:set package 'waypoint_gen' build argument 'cmake_target_skip_unavailable' from command line to 'False'
[0.156s] Level 5:colcon.colcon_core.verb:set package 'waypoint_gen' build argument 'cmake_clean_cache' from command line to 'False'
[0.156s] Level 5:colcon.colcon_core.verb:set package 'waypoint_gen' build argument 'cmake_clean_first' from command line to 'False'
[0.156s] Level 5:colcon.colcon_core.verb:set package 'waypoint_gen' build argument 'cmake_force_configure' from command line to 'False'
[0.156s] Level 5:colcon.colcon_core.verb:set package 'waypoint_gen' build argument 'ament_cmake_args' from command line to 'None'
[0.156s] Level 5:colcon.colcon_core.verb:set package 'waypoint_gen' build argument 'catkin_cmake_args' from command line to 'None'
[0.156s] Level 5:colcon.colcon_core.verb:set package 'waypoint_gen' build argument 'catkin_skip_building_tests' from command line to 'False'
[0.156s] DEBUG:colcon.colcon_core.verb:Building package 'waypoint_gen' with the following arguments: {'ament_cmake_args': None, 'build_base': '/home/naynn/Documents/fc2025/fc2025/src/build/waypoint_gen', 'catkin_cmake_args': None, 'catkin_skip_building_tests': False, 'cmake_args': None, 'cmake_clean_cache': False, 'cmake_clean_first': False, 'cmake_force_configure': False, 'cmake_target': None, 'cmake_target_skip_unavailable': False, 'install_base': '/home/naynn/Documents/fc2025/fc2025/src/install/waypoint_gen', 'merge_install': False, 'path': '/home/naynn/Documents/fc2025/fc2025/src/waypoint_gen', 'symlink_install': False, 'test_result_base': None}
[0.156s] INFO:colcon.colcon_core.executor:Executing jobs using 'parallel' executor
[0.157s] DEBUG:colcon.colcon_parallel_executor.executor.parallel:run_until_complete
[0.157s] INFO:colcon.colcon_ros.task.ament_python.build:Building ROS package in '/home/naynn/Documents/fc2025/fc2025/src/node_test' with build type 'ament_python'
[0.157s] Level 1:colcon.colcon_core.shell:create_environment_hook('node_test', 'ament_prefix_path')
[0.159s] INFO:colcon.colcon_core.plugin_system:Skipping extension 'colcon_core.shell.bat': Not used on non-Windows systems
[0.159s] INFO:colcon.colcon_core.shell:Creating environment hook '/home/naynn/Documents/fc2025/fc2025/src/install/node_test/share/node_test/hook/ament_prefix_path.ps1'
[0.159s] INFO:colcon.colcon_core.shell:Creating environment descriptor '/home/naynn/Documents/fc2025/fc2025/src/install/node_test/share/node_test/hook/ament_prefix_path.dsv'
[0.160s] INFO:colcon.colcon_core.shell:Creating environment hook '/home/naynn/Documents/fc2025/fc2025/src/install/node_test/share/node_test/hook/ament_prefix_path.sh'
[0.160s] INFO:colcon.colcon_core.shell:Skip shell extension 'powershell' for command environment: Not usable outside of PowerShell
[0.160s] DEBUG:colcon.colcon_core.shell:Skip shell extension 'dsv' for command environment
[0.162s] INFO:colcon.colcon_ros.task.ament_python.build:Building ROS package in '/home/naynn/Documents/fc2025/fc2025/src/pose' with build type 'ament_python'
[0.162s] Level 1:colcon.colcon_core.shell:create_environment_hook('pose', 'ament_prefix_path')
[0.162s] INFO:colcon.colcon_core.shell:Creating environment hook '/home/naynn/Documents/fc2025/fc2025/src/install/pose/share/pose/hook/ament_prefix_path.ps1'
[0.163s] INFO:colcon.colcon_core.shell:Creating environment descriptor '/home/naynn/Documents/fc2025/fc2025/src/install/pose/share/pose/hook/ament_prefix_path.dsv'
[0.163s] INFO:colcon.colcon_core.shell:Creating environment hook '/home/naynn/Documents/fc2025/fc2025/src/install/pose/share/pose/hook/ament_prefix_path.sh'
[0.163s] INFO:colcon.colcon_core.shell:Skip shell extension 'powershell' for command environment: Not usable outside of PowerShell
[0.163s] DEBUG:colcon.colcon_core.shell:Skip shell extension 'dsv' for command environment
[0.165s] INFO:colcon.colcon_ros.task.ament_python.build:Building ROS package in '/home/naynn/Documents/fc2025/fc2025/src/vision' with build type 'ament_python'
[0.165s] Level 1:colcon.colcon_core.shell:create_environment_hook('vision', 'ament_prefix_path')
[0.165s] INFO:colcon.colcon_core.shell:Creating environment hook '/home/naynn/Documents/fc2025/fc2025/src/install/vision/share/vision/hook/ament_prefix_path.ps1'
[0.165s] INFO:colcon.colcon_core.shell:Creating environment descriptor '/home/naynn/Documents/fc2025/fc2025/src/install/vision/share/vision/hook/ament_prefix_path.dsv'
[0.166s] INFO:colcon.colcon_core.shell:Creating environment hook '/home/naynn/Documents/fc2025/fc2025/src/install/vision/share/vision/hook/ament_prefix_path.sh'
[0.166s] INFO:colcon.colcon_core.shell:Skip shell extension 'powershell' for command environment: Not usable outside of PowerShell
[0.166s] DEBUG:colcon.colcon_core.shell:Skip shell extension 'dsv' for command environment
[0.168s] INFO:colcon.colcon_ros.task.ament_python.build:Building ROS package in '/home/naynn/Documents/fc2025/fc2025/src/visualize' with build type 'ament_python'
[0.168s] Level 1:colcon.colcon_core.shell:create_environment_hook('visualize', 'ament_prefix_path')
[0.168s] INFO:colcon.colcon_core.shell:Creating environment hook '/home/naynn/Documents/fc2025/fc2025/src/install/visualize/share/visualize/hook/ament_prefix_path.ps1'
[0.168s] INFO:colcon.colcon_core.shell:Creating environment descriptor '/home/naynn/Documents/fc2025/fc2025/src/install/visualize/share/visualize/hook/ament_prefix_path.dsv'
[0.168s] INFO:colcon.colcon_core.shell:Creating environment hook '/home/naynn/Documents/fc2025/fc2025/src/install/visualize/share/visualize/hook/ament_prefix_path.sh'
[0.169s] INFO:colcon.colcon_core.shell:Skip shell extension 'powershell' for command environment: Not usable outside of PowerShell
[0.169s] DEBUG:colcon.colcon_core.shell:Skip shell extension 'dsv' for command environment
[0.171s] INFO:colcon.colcon_ros.task.ament_python.build:Building ROS package in '/home/naynn/Documents/fc2025/fc2025/src/waypoint_gen' with build type 'ament_python'
[0.171s] Level 1:colcon.colcon_core.shell:create_environment_hook('waypoint_gen', 'ament_prefix_path')
[0.171s] INFO:colcon.colcon_core.shell:Creating environment hook '/home/naynn/Documents/fc2025/fc2025/src/install/waypoint_gen/share/waypoint_gen/hook/ament_prefix_path.ps1'
[0.171s] INFO:colcon.colcon_core.shell:Creating environment descriptor '/home/naynn/Documents/fc2025/fc2025/src/install/waypoint_gen/share/waypoint_gen/hook/ament_prefix_path.dsv'
[0.171s] INFO:colcon.colcon_core.shell:Creating environment hook '/home/naynn/Documents/fc2025/fc2025/src/install/waypoint_gen/share/waypoint_gen/hook/ament_prefix_path.sh'
[0.172s] INFO:colcon.colcon_core.shell:Skip shell extension 'powershell' for command environment: Not usable outside of PowerShell
[0.172s] DEBUG:colcon.colcon_core.shell:Skip shell extension 'dsv' for command environment
[0.298s] INFO:colcon.colcon_core.task.python.build:Building Python package in '/home/naynn/Documents/fc2025/fc2025/src/node_test'
[0.298s] INFO:colcon.colcon_core.shell:Skip shell extension 'powershell' for command environment: Not usable outside of PowerShell
[0.298s] DEBUG:colcon.colcon_core.shell:Skip shell extension 'dsv' for command environment
[0.423s] INFO:colcon.colcon_core.task.python.build:Building Python package in '/home/naynn/Documents/fc2025/fc2025/src/pose'
[0.423s] INFO:colcon.colcon_core.shell:Skip shell extension 'powershell' for command environment: Not usable outside of PowerShell
[0.423s] DEBUG:colcon.colcon_core.shell:Skip shell extension 'dsv' for command environment
[0.539s] INFO:colcon.colcon_core.task.python.build:Building Python package in '/home/naynn/Documents/fc2025/fc2025/src/vision'
[0.539s] INFO:colcon.colcon_core.shell:Skip shell extension 'powershell' for command environment: Not usable outside of PowerShell
[0.539s] DEBUG:colcon.colcon_core.shell:Skip shell extension 'dsv' for command environment
[0.665s] INFO:colcon.colcon_core.task.python.build:Building Python package in '/home/naynn/Documents/fc2025/fc2025/src/visualize'
[0.665s] INFO:colcon.colcon_core.shell:Skip shell extension 'powershell' for command environment: Not usable outside of PowerShell
[0.665s] DEBUG:colcon.colcon_core.shell:Skip shell extension 'dsv' for command environment
[0.790s] INFO:colcon.colcon_core.task.python.build:Building Python package in '/home/naynn/Documents/fc2025/fc2025/src/waypoint_gen'
[0.790s] INFO:colcon.colcon_core.shell:Skip shell extension 'powershell' for command environment: Not usable outside of PowerShell
[0.790s] DEBUG:colcon.colcon_core.shell:Skip shell extension 'dsv' for command environment
[1.191s] DEBUG:colcon.colcon_core.event_handler.log_command:Invoking command in '/home/naynn/Documents/fc2025/fc2025/src/waypoint_gen': PYTHONPATH=/home/naynn/Documents/fc2025/fc2025/src/build/waypoint_gen/prefix_override:/usr/lib/python3/dist-packages/colcon_core/task/python/colcon_distutils_commands:/home/naynn/Documents/fc2025/fc2025/src/install/waypoint_gen/lib/python3.10/site-packages:${PYTHONPATH} /usr/bin/python3 -W ignore:setup.py install is deprecated -W ignore:easy_install command is deprecated setup.py egg_info --egg-base ../build/waypoint_gen build --build-base /home/naynn/Documents/fc2025/fc2025/src/build/waypoint_gen/build install --record /home/naynn/Documents/fc2025/fc2025/src/build/waypoint_gen/install.log --single-version-externally-managed install_data
[1.193s] DEBUG:colcon.colcon_core.event_handler.log_command:Invoking command in '/home/naynn/Documents/fc2025/fc2025/src/visualize': PYTHONPATH=/home/naynn/Documents/fc2025/fc2025/src/build/visualize/prefix_override:/usr/lib/python3/dist-packages/colcon_core/task/python/colcon_distutils_commands:/home/naynn/Documents/fc2025/fc2025/src/install/visualize/lib/python3.10/site-packages:${PYTHONPATH} /usr/bin/python3 -W ignore:setup.py install is deprecated -W ignore:easy_install command is deprecated setup.py egg_info --egg-base ../build/visualize build --build-base /home/naynn/Documents/fc2025/fc2025/src/build/visualize/build install --record /home/naynn/Documents/fc2025/fc2025/src/build/visualize/install.log --single-version-externally-managed install_data
[1.195s] DEBUG:colcon.colcon_core.event_handler.log_command:Invoking command in '/home/naynn/Documents/fc2025/fc2025/src/pose': PYTHONPATH=/home/naynn/Documents/fc2025/fc2025/src/build/pose/prefix_override:/usr/lib/python3/dist-packages/colcon_core/task/python/colcon_distutils_commands:/home/naynn/Documents/fc2025/fc2025/src/install/pose/lib/python3.10/site-packages:${PYTHONPATH} /usr/bin/python3 -W ignore:setup.py install is deprecated -W ignore:easy_install command is deprecated setup.py egg_info --egg-base ../build/pose build --build-base /home/naynn/Documents/fc2025/fc2025/src/build/pose/build install --record /home/naynn/Documents/fc2025/fc2025/src/build/pose/install.log --single-version-externally-managed install_data
[1.196s] DEBUG:colcon.colcon_core.event_handler.log_command:Invoking command in '/home/naynn/Documents/fc2025/fc2025/src/node_test': PYTHONPATH=/home/naynn/Documents/fc2025/fc2025/src/build/node_test/prefix_override:/usr/lib/python3/dist-packages/colcon_core/task/python/colcon_distutils_commands:/home/naynn/Documents/fc2025/fc2025/src/install/node_test/lib/python3.10/site-packages:${PYTHONPATH} /usr/bin/python3 -W ignore:setup.py install is deprecated -W ignore:easy_install command is deprecated setup.py egg_info --egg-base ../build/node_test build --build-base /home/naynn/Documents/fc2025/fc2025/src/build/node_test/build install --record /home/naynn/Documents/fc2025/fc2025/src/build/node_test/install.log --single-version-externally-managed install_data
[1.198s] DEBUG:colcon.colcon_core.event_handler.log_command:Invoking command in '/home/naynn/Documents/fc2025/fc2025/src/vision': PYTHONPATH=/home/naynn/Documents/fc2025/fc2025/src/build/vision/prefix_override:/usr/lib/python3/dist-packages/colcon_core/task/python/colcon_distutils_commands:/home/naynn/Documents/fc2025/fc2025/src/install/vision/lib/python3.10/site-packages:${PYTHONPATH} /usr/bin/python3 -W ignore:setup.py install is deprecated -W ignore:easy_install command is deprecated setup.py egg_info --egg-base ../build/vision build --build-base /home/naynn/Documents/fc2025/fc2025/src/build/vision/build install --record /home/naynn/Documents/fc2025/fc2025/src/build/vision/install.log --single-version-externally-managed install_data
[1.506s] DEBUG:colcon.colcon_core.event_handler.log_command:Invoked command in '/home/naynn/Documents/fc2025/fc2025/src/vision' returned '0': PYTHONPATH=/home/naynn/Documents/fc2025/fc2025/src/build/vision/prefix_override:/usr/lib/python3/dist-packages/colcon_core/task/python/colcon_distutils_commands:/home/naynn/Documents/fc2025/fc2025/src/install/vision/lib/python3.10/site-packages:${PYTHONPATH} /usr/bin/python3 -W ignore:setup.py install is deprecated -W ignore:easy_install command is deprecated setup.py egg_info --egg-base ../build/vision build --build-base /home/naynn/Documents/fc2025/fc2025/src/build/vision/build install --record /home/naynn/Documents/fc2025/fc2025/src/build/vision/install.log --single-version-externally-managed install_data
[1.508s] Level 1:colcon.colcon_core.environment:checking '/home/naynn/Documents/fc2025/fc2025/src/install/vision' for CMake module files
[1.508s] Level 1:colcon.colcon_core.environment:checking '/home/naynn/Documents/fc2025/fc2025/src/install/vision' for CMake config files
[1.509s] Level 1:colcon.colcon_core.environment:checking '/home/naynn/Documents/fc2025/fc2025/src/install/vision/lib'
[1.509s] Level 1:colcon.colcon_core.environment:checking '/home/naynn/Documents/fc2025/fc2025/src/install/vision/bin'
[1.509s] Level 1:colcon.colcon_core.environment:checking '/home/naynn/Documents/fc2025/fc2025/src/install/vision/lib/pkgconfig/vision.pc'
[1.509s] Level 1:colcon.colcon_core.environment:checking '/home/naynn/Documents/fc2025/fc2025/src/install/vision/lib/python3.10/site-packages'
[1.509s] Level 1:colcon.colcon_core.shell:create_environment_hook('vision', 'pythonpath')
[1.509s] INFO:colcon.colcon_core.shell:Creating environment hook '/home/naynn/Documents/fc2025/fc2025/src/install/vision/share/vision/hook/pythonpath.ps1'
[1.509s] INFO:colcon.colcon_core.shell:Creating environment descriptor '/home/naynn/Documents/fc2025/fc2025/src/install/vision/share/vision/hook/pythonpath.dsv'
[1.510s] INFO:colcon.colcon_core.shell:Creating environment hook '/home/naynn/Documents/fc2025/fc2025/src/install/vision/share/vision/hook/pythonpath.sh'
[1.510s] Level 1:colcon.colcon_core.environment:checking '/home/naynn/Documents/fc2025/fc2025/src/install/vision/bin'
[1.510s] Level 1:colcon.colcon_core.environment:create_environment_scripts_only(vision)
[1.510s] INFO:colcon.colcon_core.shell:Creating package script '/home/naynn/Documents/fc2025/fc2025/src/install/vision/share/vision/package.ps1'
[1.511s] INFO:colcon.colcon_core.shell:Creating package descriptor '/home/naynn/Documents/fc2025/fc2025/src/install/vision/share/vision/package.dsv'
[1.511s] INFO:colcon.colcon_core.shell:Creating package script '/home/naynn/Documents/fc2025/fc2025/src/install/vision/share/vision/package.sh'
[1.512s] INFO:colcon.colcon_core.shell:Creating package script '/home/naynn/Documents/fc2025/fc2025/src/install/vision/share/vision/package.bash'
[1.512s] INFO:colcon.colcon_core.shell:Creating package script '/home/naynn/Documents/fc2025/fc2025/src/install/vision/share/vision/package.zsh'
[1.513s] Level 1:colcon.colcon_core.environment:create_file_with_runtime_dependencies(/home/naynn/Documents/fc2025/fc2025/src/install/vision/share/colcon-core/packages/vision)
[1.514s] Level 1:colcon.colcon_core.environment:checking '/home/naynn/Documents/fc2025/fc2025/src/install/visualize' for CMake module files
[1.515s] DEBUG:colcon.colcon_core.event_handler.log_command:Invoked command in '/home/naynn/Documents/fc2025/fc2025/src/visualize' returned '0': PYTHONPATH=/home/naynn/Documents/fc2025/fc2025/src/build/visualize/prefix_override:/usr/lib/python3/dist-packages/colcon_core/task/python/colcon_distutils_commands:/home/naynn/Documents/fc2025/fc2025/src/install/visualize/lib/python3.10/site-packages:${PYTHONPATH} /usr/bin/python3 -W ignore:setup.py install is deprecated -W ignore:easy_install command is deprecated setup.py egg_info --egg-base ../build/visualize build --build-base /home/naynn/Documents/fc2025/fc2025/src/build/visualize/build install --record /home/naynn/Documents/fc2025/fc2025/src/build/visualize/install.log --single-version-externally-managed install_data
[1.515s] Level 1:colcon.colcon_core.environment:checking '/home/naynn/Documents/fc2025/fc2025/src/install/visualize' for CMake config files
[1.515s] Level 1:colcon.colcon_core.environment:checking '/home/naynn/Documents/fc2025/fc2025/src/install/visualize/lib'
[1.515s] Level 1:colcon.colcon_core.environment:checking '/home/naynn/Documents/fc2025/fc2025/src/install/visualize/bin'
[1.515s] Level 1:colcon.colcon_core.environment:checking '/home/naynn/Documents/fc2025/fc2025/src/install/visualize/lib/pkgconfig/visualize.pc'
[1.515s] Level 1:colcon.colcon_core.environment:checking '/home/naynn/Documents/fc2025/fc2025/src/install/visualize/lib/python3.10/site-packages'
[1.515s] Level 1:colcon.colcon_core.shell:create_environment_hook('visualize', 'pythonpath')
[1.515s] INFO:colcon.colcon_core.shell:Creating environment hook '/home/naynn/Documents/fc2025/fc2025/src/install/visualize/share/visualize/hook/pythonpath.ps1'
[1.516s] INFO:colcon.colcon_core.shell:Creating environment descriptor '/home/naynn/Documents/fc2025/fc2025/src/install/visualize/share/visualize/hook/pythonpath.dsv'
[1.516s] INFO:colcon.colcon_core.shell:Creating environment hook '/home/naynn/Documents/fc2025/fc2025/src/install/visualize/share/visualize/hook/pythonpath.sh'
[1.516s] Level 1:colcon.colcon_core.environment:checking '/home/naynn/Documents/fc2025/fc2025/src/install/visualize/bin'
[1.516s] Level 1:colcon.colcon_core.environment:create_environment_scripts_only(visualize)
[1.516s] INFO:colcon.colcon_core.shell:Creating package script '/home/naynn/Documents/fc2025/fc2025/src/install/visualize/share/visualize/package.ps1'
[1.517s] INFO:colcon.colcon_core.shell:Creating package descriptor '/home/naynn/Documents/fc2025/fc2025/src/install/visualize/share/visualize/package.dsv'
[1.517s] INFO:colcon.colcon_core.shell:Creating package script '/home/naynn/Documents/fc2025/fc2025/src/install/visualize/share/visualize/package.sh'
[1.517s] INFO:colcon.colcon_core.shell:Creating package script '/home/naynn/Documents/fc2025/fc2025/src/install/visualize/share/visualize/package.bash'
[1.517s] INFO:colcon.colcon_core.shell:Creating package script '/home/naynn/Documents/fc2025/fc2025/src/install/visualize/share/visualize/package.zsh'
[1.517s] Level 1:colcon.colcon_core.environment:create_file_with_runtime_dependencies(/home/naynn/Documents/fc2025/fc2025/src/install/visualize/share/colcon-core/packages/visualize)
[1.517s] Level 1:colcon.colcon_core.environment:checking '/home/naynn/Documents/fc2025/fc2025/src/install/pose' for CMake module files
[1.518s] Level 1:colcon.colcon_core.environment:checking '/home/naynn/Documents/fc2025/fc2025/src/install/pose' for CMake config files
[1.518s] DEBUG:colcon.colcon_core.event_handler.log_command:Invoked command in '/home/naynn/Documents/fc2025/fc2025/src/pose' returned '0': PYTHONPATH=/home/naynn/Documents/fc2025/fc2025/src/build/pose/prefix_override:/usr/lib/python3/dist-packages/colcon_core/task/python/colcon_distutils_commands:/home/naynn/Documents/fc2025/fc2025/src/install/pose/lib/python3.10/site-packages:${PYTHONPATH} /usr/bin/python3 -W ignore:setup.py install is deprecated -W ignore:easy_install command is deprecated setup.py egg_info --egg-base ../build/pose build --build-base /home/naynn/Documents/fc2025/fc2025/src/build/pose/build install --record /home/naynn/Documents/fc2025/fc2025/src/build/pose/install.log --single-version-externally-managed install_data
[1.519s] Level 1:colcon.colcon_core.environment:checking '/home/naynn/Documents/fc2025/fc2025/src/install/pose/lib'
[1.519s] Level 1:colcon.colcon_core.environment:checking '/home/naynn/Documents/fc2025/fc2025/src/install/pose/bin'
[1.519s] Level 1:colcon.colcon_core.environment:checking '/home/naynn/Documents/fc2025/fc2025/src/install/pose/lib/pkgconfig/pose.pc'
[1.519s] Level 1:colcon.colcon_core.environment:checking '/home/naynn/Documents/fc2025/fc2025/src/install/pose/lib/python3.10/site-packages'
[1.519s] Level 1:colcon.colcon_core.shell:create_environment_hook('pose', 'pythonpath')
[1.519s] INFO:colcon.colcon_core.shell:Creating environment hook '/home/naynn/Documents/fc2025/fc2025/src/install/pose/share/pose/hook/pythonpath.ps1'
[1.519s] INFO:colcon.colcon_core.shell:Creating environment descriptor '/home/naynn/Documents/fc2025/fc2025/src/install/pose/share/pose/hook/pythonpath.dsv'
[1.520s] INFO:colcon.colcon_core.shell:Creating environment hook '/home/naynn/Documents/fc2025/fc2025/src/install/pose/share/pose/hook/pythonpath.sh'
[1.520s] Level 1:colcon.colcon_core.environment:checking '/home/naynn/Documents/fc2025/fc2025/src/install/pose/bin'
[1.520s] Level 1:colcon.colcon_core.environment:create_environment_scripts_only(pose)
[1.520s] INFO:colcon.colcon_core.shell:Creating package script '/home/naynn/Documents/fc2025/fc2025/src/install/pose/share/pose/package.ps1'
[1.520s] INFO:colcon.colcon_core.shell:Creating package descriptor '/home/naynn/Documents/fc2025/fc2025/src/install/pose/share/pose/package.dsv'
[1.521s] INFO:colcon.colcon_core.shell:Creating package script '/home/naynn/Documents/fc2025/fc2025/src/install/pose/share/pose/package.sh'
[1.521s] INFO:colcon.colcon_core.shell:Creating package script '/home/naynn/Documents/fc2025/fc2025/src/install/pose/share/pose/package.bash'
[1.521s] INFO:colcon.colcon_core.shell:Creating package script '/home/naynn/Documents/fc2025/fc2025/src/install/pose/share/pose/package.zsh'
[1.521s] Level 1:colcon.colcon_core.environment:create_file_with_runtime_dependencies(/home/naynn/Documents/fc2025/fc2025/src/install/pose/share/colcon-core/packages/pose)
[1.522s] Level 1:colcon.colcon_core.environment:checking '/home/naynn/Documents/fc2025/fc2025/src/install/node_test' for CMake module files
[1.522s] Level 1:colcon.colcon_core.environment:checking '/home/naynn/Documents/fc2025/fc2025/src/install/node_test' for CMake config files
[1.522s] DEBUG:colcon.colcon_core.event_handler.log_command:Invoked command in '/home/naynn/Documents/fc2025/fc2025/src/node_test' returned '0': PYTHONPATH=/home/naynn/Documents/fc2025/fc2025/src/build/node_test/prefix_override:/usr/lib/python3/dist-packages/colcon_core/task/python/colcon_distutils_commands:/home/naynn/Documents/fc2025/fc2025/src/install/node_test/lib/python3.10/site-packages:${PYTHONPATH} /usr/bin/python3 -W ignore:setup.py install is deprecated -W ignore:easy_install command is deprecated setup.py egg_info --egg-base ../build/node_test build --build-base /home/naynn/Documents/fc2025/fc2025/src/build/node_test/build install --record /home/naynn/Documents/fc2025/fc2025/src/build/node_test/install.log --single-version-externally-managed install_data
[1.523s] Level 1:colcon.colcon_core.environment:checking '/home/naynn/Documents/fc2025/fc2025/src/install/node_test/lib'
[1.523s] Level 1:colcon.colcon_core.environment:checking '/home/naynn/Documents/fc2025/fc2025/src/install/node_test/bin'
[1.523s] Level 1:colcon.colcon_core.environment:checking '/home/naynn/Documents/fc2025/fc2025/src/install/node_test/lib/pkgconfig/node_test.pc'
[1.523s] Level 1:colcon.colcon_core.environment:checking '/home/naynn/Documents/fc2025/fc2025/src/install/node_test/lib/python3.10/site-packages'
[1.523s] Level 1:colcon.colcon_core.shell:create_environment_hook('node_test', 'pythonpath')
[1.523s] INFO:colcon.colcon_core.shell:Creating environment hook '/home/naynn/Documents/fc2025/fc2025/src/install/node_test/share/node_test/hook/pythonpath.ps1'
[1.523s] INFO:colcon.colcon_core.shell:Creating environment descriptor '/home/naynn/Documents/fc2025/fc2025/src/install/node_test/share/node_test/hook/pythonpath.dsv'
[1.523s] INFO:colcon.colcon_core.shell:Creating environment hook '/home/naynn/Documents/fc2025/fc2025/src/install/node_test/share/node_test/hook/pythonpath.sh'
[1.524s] Level 1:colcon.colcon_core.environment:checking '/home/naynn/Documents/fc2025/fc2025/src/install/node_test/bin'
[1.524s] Level 1:colcon.colcon_core.environment:create_environment_scripts_only(node_test)
[1.524s] INFO:colcon.colcon_core.shell:Creating package script '/home/naynn/Documents/fc2025/fc2025/src/install/node_test/share/node_test/package.ps1'
[1.524s] INFO:colcon.colcon_core.shell:Creating package descriptor '/home/naynn/Documents/fc2025/fc2025/src/install/node_test/share/node_test/package.dsv'
[1.524s] INFO:colcon.colcon_core.shell:Creating package script '/home/naynn/Documents/fc2025/fc2025/src/install/node_test/share/node_test/package.sh'
[1.525s] INFO:colcon.colcon_core.shell:Creating package script '/home/naynn/Documents/fc2025/fc2025/src/install/node_test/share/node_test/package.bash'
[1.525s] INFO:colcon.colcon_core.shell:Creating package script '/home/naynn/Documents/fc2025/fc2025/src/install/node_test/share/node_test/package.zsh'
[1.525s] Level 1:colcon.colcon_core.environment:create_file_with_runtime_dependencies(/home/naynn/Documents/fc2025/fc2025/src/install/node_test/share/colcon-core/packages/node_test)
[1.525s] Level 1:colcon.colcon_core.environment:checking '/home/naynn/Documents/fc2025/fc2025/src/install/waypoint_gen' for CMake module files
[1.526s] Level 1:colcon.colcon_core.environment:checking '/home/naynn/Documents/fc2025/fc2025/src/install/waypoint_gen' for CMake config files
[1.526s] DEBUG:colcon.colcon_core.event_handler.log_command:Invoked command in '/home/naynn/Documents/fc2025/fc2025/src/waypoint_gen' returned '0': PYTHONPATH=/home/naynn/Documents/fc2025/fc2025/src/build/waypoint_gen/prefix_override:/usr/lib/python3/dist-packages/colcon_core/task/python/colcon_distutils_commands:/home/naynn/Documents/fc2025/fc2025/src/install/waypoint_gen/lib/python3.10/site-packages:${PYTHONPATH} /usr/bin/python3 -W ignore:setup.py install is deprecated -W ignore:easy_install command is deprecated setup.py egg_info --egg-base ../build/waypoint_gen build --build-base /home/naynn/Documents/fc2025/fc2025/src/build/waypoint_gen/build install --record /home/naynn/Documents/fc2025/fc2025/src/build/waypoint_gen/install.log --single-version-externally-managed install_data
[1.526s] Level 1:colcon.colcon_core.environment:checking '/home/naynn/Documents/fc2025/fc2025/src/install/waypoint_gen/lib'
[1.526s] Level 1:colcon.colcon_core.environment:checking '/home/naynn/Documents/fc2025/fc2025/src/install/waypoint_gen/bin'
[1.526s] Level 1:colcon.colcon_core.environment:checking '/home/naynn/Documents/fc2025/fc2025/src/install/waypoint_gen/lib/pkgconfig/waypoint_gen.pc'
[1.527s] Level 1:colcon.colcon_core.environment:checking '/home/naynn/Documents/fc2025/fc2025/src/install/waypoint_gen/lib/python3.10/site-packages'
[1.527s] Level 1:colcon.colcon_core.shell:create_environment_hook('waypoint_gen', 'pythonpath')
[1.527s] INFO:colcon.colcon_core.shell:Creating environment hook '/home/naynn/Documents/fc2025/fc2025/src/install/waypoint_gen/share/waypoint_gen/hook/pythonpath.ps1'
[1.527s] INFO:colcon.colcon_core.shell:Creating environment descriptor '/home/naynn/Documents/fc2025/fc2025/src/install/waypoint_gen/share/waypoint_gen/hook/pythonpath.dsv'
[1.527s] INFO:colcon.colcon_core.shell:Creating environment hook '/home/naynn/Documents/fc2025/fc2025/src/install/waypoint_gen/share/waypoint_gen/hook/pythonpath.sh'
[1.527s] Level 1:colcon.colcon_core.environment:checking '/home/naynn/Documents/fc2025/fc2025/src/install/waypoint_gen/bin'
[1.527s] Level 1:colcon.colcon_core.environment:create_environment_scripts_only(waypoint_gen)
[1.528s] INFO:colcon.colcon_core.shell:Creating package script '/home/naynn/Documents/fc2025/fc2025/src/install/waypoint_gen/share/waypoint_gen/package.ps1'
[1.528s] INFO:colcon.colcon_core.shell:Creating package descriptor '/home/naynn/Documents/fc2025/fc2025/src/install/waypoint_gen/share/waypoint_gen/package.dsv'
[1.528s] INFO:colcon.colcon_core.shell:Creating package script '/home/naynn/Documents/fc2025/fc2025/src/install/waypoint_gen/share/waypoint_gen/package.sh'
[1.528s] INFO:colcon.colcon_core.shell:Creating package script '/home/naynn/Documents/fc2025/fc2025/src/install/waypoint_gen/share/waypoint_gen/package.bash'
[1.529s] INFO:colcon.colcon_core.shell:Creating package script '/home/naynn/Documents/fc2025/fc2025/src/install/waypoint_gen/share/waypoint_gen/package.zsh'
[1.529s] Level 1:colcon.colcon_core.environment:create_file_with_runtime_dependencies(/home/naynn/Documents/fc2025/fc2025/src/install/waypoint_gen/share/colcon-core/packages/waypoint_gen)
[1.529s] DEBUG:colcon.colcon_parallel_executor.executor.parallel:closing loop
[1.529s] DEBUG:colcon.colcon_parallel_executor.executor.parallel:loop closed
[1.529s] DEBUG:colcon.colcon_parallel_executor.executor.parallel:run_until_complete finished with '0'
[1.529s] DEBUG:colcon.colcon_core.event_reactor:joining thread
[1.534s] INFO:colcon.colcon_core.plugin_system:Skipping extension 'colcon_notification.desktop_notification.terminal_notifier': Not used on non-Darwin systems
[1.534s] INFO:colcon.colcon_core.plugin_system:Skipping extension 'colcon_notification.desktop_notification.win32': Not used on non-Windows systems
[1.534s] INFO:colcon.colcon_notification.desktop_notification:Sending desktop notification using 'notify2'
[1.546s] DEBUG:colcon.colcon_core.event_reactor:joined thread
[1.546s] INFO:colcon.colcon_core.shell:Creating prefix script '/home/naynn/Documents/fc2025/fc2025/src/install/local_setup.ps1'
[1.547s] INFO:colcon.colcon_core.shell:Creating prefix util module '/home/naynn/Documents/fc2025/fc2025/src/install/_local_setup_util_ps1.py'
[1.548s] INFO:colcon.colcon_core.shell:Creating prefix chain script '/home/naynn/Documents/fc2025/fc2025/src/install/setup.ps1'
[1.549s] INFO:colcon.colcon_core.shell:Creating prefix script '/home/naynn/Documents/fc2025/fc2025/src/install/local_setup.sh'
[1.549s] INFO:colcon.colcon_core.shell:Creating prefix util module '/home/naynn/Documents/fc2025/fc2025/src/install/_local_setup_util_sh.py'
[1.549s] INFO:colcon.colcon_core.shell:Creating prefix chain script '/home/naynn/Documents/fc2025/fc2025/src/install/setup.sh'
[1.550s] INFO:colcon.colcon_core.shell:Creating prefix script '/home/naynn/Documents/fc2025/fc2025/src/install/local_setup.bash'
[1.551s] INFO:colcon.colcon_core.shell:Creating prefix chain script '/home/naynn/Documents/fc2025/fc2025/src/install/setup.bash'
[1.551s] INFO:colcon.colcon_core.shell:Creating prefix script '/home/naynn/Documents/fc2025/fc2025/src/install/local_setup.zsh'
[1.551s] INFO:colcon.colcon_core.shell:Creating prefix chain script '/home/naynn/Documents/fc2025/fc2025/src/install/setup.zsh'
