/home/naynn/.local/lib/python3.10/site-packages/setuptools/_distutils/dist.py:270: UserWarning: Unknown distribution option: 'tests_require'
  warnings.warn(msg)
running egg_info
creating ../build/pose/pose.egg-info
writing ../build/pose/pose.egg-info/PKG-INFO
writing dependency_links to ../build/pose/pose.egg-info/dependency_links.txt
writing entry points to ../build/pose/pose.egg-info/entry_points.txt
writing requirements to ../build/pose/pose.egg-info/requires.txt
writing top-level names to ../build/pose/pose.egg-info/top_level.txt
writing manifest file '../build/pose/pose.egg-info/SOURCES.txt'
reading manifest file '../build/pose/pose.egg-info/SOURCES.txt'
adding license file 'LICENSE'
writing manifest file '../build/pose/pose.egg-info/SOURCES.txt'
running build
running build_py
creating /home/naynn/Documents/fc2025/fc2025/src/build/pose/build/lib/pose
copying pose/__init__.py -> /home/naynn/Documents/fc2025/fc2025/src/build/pose/build/lib/pose
copying pose/nodepose.py -> /home/naynn/Documents/fc2025/fc2025/src/build/pose/build/lib/pose
running install
running install_lib
creating /home/naynn/Documents/fc2025/fc2025/src/install/pose/lib/python3.10/site-packages/pose
copying /home/naynn/Documents/fc2025/fc2025/src/build/pose/build/lib/pose/__init__.py -> /home/naynn/Documents/fc2025/fc2025/src/install/pose/lib/python3.10/site-packages/pose
copying /home/naynn/Documents/fc2025/fc2025/src/build/pose/build/lib/pose/nodepose.py -> /home/naynn/Documents/fc2025/fc2025/src/install/pose/lib/python3.10/site-packages/pose
byte-compiling /home/naynn/Documents/fc2025/fc2025/src/install/pose/lib/python3.10/site-packages/pose/__init__.py to __init__.cpython-310.pyc
byte-compiling /home/naynn/Documents/fc2025/fc2025/src/install/pose/lib/python3.10/site-packages/pose/nodepose.py to nodepose.cpython-310.pyc
running install_data
creating /home/naynn/Documents/fc2025/fc2025/src/install/pose/share/ament_index/resource_index/packages
copying resource/pose -> /home/naynn/Documents/fc2025/fc2025/src/install/pose/share/ament_index/resource_index/packages
copying package.xml -> /home/naynn/Documents/fc2025/fc2025/src/install/pose/share/pose
running install_egg_info
Copying ../build/pose/pose.egg-info to /home/naynn/Documents/fc2025/fc2025/src/install/pose/lib/python3.10/site-packages/pose-0.0.0-py3.10.egg-info
running install_scripts
Installing node script to /home/naynn/Documents/fc2025/fc2025/src/install/pose/lib/pose
writing list of installed files to '/home/naynn/Documents/fc2025/fc2025/src/build/pose/install.log'
