[0.843s] Invoking command in '/home/naynn/Documents/fc2025/fc2025/src/pose': PYTHONPATH=/home/naynn/Documents/fc2025/fc2025/src/build/pose/prefix_override:/usr/lib/python3/dist-packages/colcon_core/task/python/colcon_distutils_commands:/home/naynn/Documents/fc2025/fc2025/src/install/pose/lib/python3.10/site-packages:${PYTHONPATH} /usr/bin/python3 -W ignore:setup.py install is deprecated -W ignore:easy_install command is deprecated setup.py egg_info --egg-base ../build/pose build --build-base /home/naynn/Documents/fc2025/fc2025/src/build/pose/build install --record /home/naynn/Documents/fc2025/fc2025/src/build/pose/install.log --single-version-externally-managed install_data
[0.934s] /home/naynn/.local/lib/python3.10/site-packages/setuptools/_distutils/dist.py:270: UserWarning: Unknown distribution option: 'tests_require'
[0.934s]   warnings.warn(msg)
[0.985s] running egg_info
[0.993s] creating ../build/pose/pose.egg-info
[0.993s] writing ../build/pose/pose.egg-info/PKG-INFO
[0.993s] writing dependency_links to ../build/pose/pose.egg-info/dependency_links.txt
[0.994s] writing entry points to ../build/pose/pose.egg-info/entry_points.txt
[0.994s] writing requirements to ../build/pose/pose.egg-info/requires.txt
[0.994s] writing top-level names to ../build/pose/pose.egg-info/top_level.txt
[1.049s] writing manifest file '../build/pose/pose.egg-info/SOURCES.txt'
[1.066s] reading manifest file '../build/pose/pose.egg-info/SOURCES.txt'
[1.066s] adding license file 'LICENSE'
[1.067s] writing manifest file '../build/pose/pose.egg-info/SOURCES.txt'
[1.067s] running build
[1.067s] running build_py
[1.067s] creating /home/naynn/Documents/fc2025/fc2025/src/build/pose/build/lib/pose
[1.067s] copying pose/__init__.py -> /home/naynn/Documents/fc2025/fc2025/src/build/pose/build/lib/pose
[1.067s] copying pose/nodepose.py -> /home/naynn/Documents/fc2025/fc2025/src/build/pose/build/lib/pose
[1.067s] running install
[1.070s] running install_lib
[1.078s] creating /home/naynn/Documents/fc2025/fc2025/src/install/pose/lib/python3.10/site-packages/pose
[1.079s] copying /home/naynn/Documents/fc2025/fc2025/src/build/pose/build/lib/pose/__init__.py -> /home/naynn/Documents/fc2025/fc2025/src/install/pose/lib/python3.10/site-packages/pose
[1.079s] copying /home/naynn/Documents/fc2025/fc2025/src/build/pose/build/lib/pose/nodepose.py -> /home/naynn/Documents/fc2025/fc2025/src/install/pose/lib/python3.10/site-packages/pose
[1.079s] byte-compiling /home/naynn/Documents/fc2025/fc2025/src/install/pose/lib/python3.10/site-packages/pose/__init__.py to __init__.cpython-310.pyc
[1.079s] byte-compiling /home/naynn/Documents/fc2025/fc2025/src/install/pose/lib/python3.10/site-packages/pose/nodepose.py to nodepose.cpython-310.pyc
[1.080s] running install_data
[1.080s] creating /home/naynn/Documents/fc2025/fc2025/src/install/pose/share/ament_index/resource_index/packages
[1.080s] copying resource/pose -> /home/naynn/Documents/fc2025/fc2025/src/install/pose/share/ament_index/resource_index/packages
[1.080s] copying package.xml -> /home/naynn/Documents/fc2025/fc2025/src/install/pose/share/pose
[1.080s] running install_egg_info
[1.090s] Copying ../build/pose/pose.egg-info to /home/naynn/Documents/fc2025/fc2025/src/install/pose/lib/python3.10/site-packages/pose-0.0.0-py3.10.egg-info
[1.090s] running install_scripts
[1.112s] Installing node script to /home/naynn/Documents/fc2025/fc2025/src/install/pose/lib/pose
[1.112s] writing list of installed files to '/home/naynn/Documents/fc2025/fc2025/src/build/pose/install.log'
[1.134s] Invoked command in '/home/naynn/Documents/fc2025/fc2025/src/pose' returned '0': PYTHONPATH=/home/naynn/Documents/fc2025/fc2025/src/build/pose/prefix_override:/usr/lib/python3/dist-packages/colcon_core/task/python/colcon_distutils_commands:/home/naynn/Documents/fc2025/fc2025/src/install/pose/lib/python3.10/site-packages:${PYTHONPATH} /usr/bin/python3 -W ignore:setup.py install is deprecated -W ignore:easy_install command is deprecated setup.py egg_info --egg-base ../build/pose build --build-base /home/naynn/Documents/fc2025/fc2025/src/build/pose/build install --record /home/naynn/Documents/fc2025/fc2025/src/build/pose/install.log --single-version-externally-managed install_data
