/home/naynn/.local/lib/python3.10/site-packages/setuptools/_distutils/dist.py:270: UserWarning: Unknown distribution option: 'tests_require'
  warnings.warn(msg)
running egg_info
writing ../build/vision/vision.egg-info/PKG-INFO
writing dependency_links to ../build/vision/vision.egg-info/dependency_links.txt
writing requirements to ../build/vision/vision.egg-info/requires.txt
writing top-level names to ../build/vision/vision.egg-info/top_level.txt
reading manifest file '../build/vision/vision.egg-info/SOURCES.txt'
adding license file 'LICENSE'
writing manifest file '../build/vision/vision.egg-info/SOURCES.txt'
running build
running build_py
copying vision/__init__.py -> /home/naynn/Documents/fc2025/fc2025/src/build/vision/build/lib/vision
running install
running install_lib
running install_data
copying resource/vision -> /home/naynn/Documents/fc2025/fc2025/src/install/vision/share/ament_index/resource_index/packages
copying package.xml -> /home/naynn/Documents/fc2025/fc2025/src/install/vision/share/vision
running install_egg_info
removing '/home/naynn/Documents/fc2025/fc2025/src/install/vision/lib/python3.10/site-packages/vision-0.0.0-py3.10.egg-info' (and everything under it)
Copying ../build/vision/vision.egg-info to /home/naynn/Documents/fc2025/fc2025/src/install/vision/lib/python3.10/site-packages/vision-0.0.0-py3.10.egg-info
running install_scripts
writing list of installed files to '/home/naynn/Documents/fc2025/fc2025/src/build/vision/install.log'
