[0.432s] Invoking command in '/home/naynn/Documents/fc2025/fc2025/src/visualize': PYTHONPATH=/home/naynn/Documents/fc2025/fc2025/build/visualize/prefix_override:/usr/lib/python3/dist-packages/colcon_core/task/python/colcon_distutils_commands:/home/naynn/Documents/fc2025/fc2025/install/visualize/lib/python3.10/site-packages:${PYTHONPATH} /usr/bin/python3 -W ignore:setup.py install is deprecated -W ignore:easy_install command is deprecated setup.py egg_info --egg-base ../../build/visualize build --build-base /home/naynn/Documents/fc2025/fc2025/build/visualize/build install --record /home/naynn/Documents/fc2025/fc2025/build/visualize/install.log --single-version-externally-managed install_data
[0.578s] running egg_info
[0.586s] writing ../../build/visualize/visualize.egg-info/PKG-INFO
[0.587s] writing dependency_links to ../../build/visualize/visualize.egg-info/dependency_links.txt
[0.587s] writing entry points to ../../build/visualize/visualize.egg-info/entry_points.txt
[0.587s] writing requirements to ../../build/visualize/visualize.egg-info/requires.txt
[0.587s] writing top-level names to ../../build/visualize/visualize.egg-info/top_level.txt
[0.659s] reading manifest file '../../build/visualize/visualize.egg-info/SOURCES.txt'
[0.660s] adding license file 'LICENSE'
[0.660s] writing manifest file '../../build/visualize/visualize.egg-info/SOURCES.txt'
[0.660s] running build
[0.660s] running build_py
[0.661s] copying visualize/__init__.py -> /home/naynn/Documents/fc2025/fc2025/build/visualize/build/lib/visualize
[0.661s] copying visualize/trajectory_node.py -> /home/naynn/Documents/fc2025/fc2025/build/visualize/build/lib/visualize
[0.661s] copying visualize/pose_node.py -> /home/naynn/Documents/fc2025/fc2025/build/visualize/build/lib/visualize
[0.661s] running install
[0.664s] running install_lib
[0.672s] copying /home/naynn/Documents/fc2025/fc2025/build/visualize/build/lib/visualize/trajectory_node.py -> /home/naynn/Documents/fc2025/fc2025/install/visualize/lib/python3.10/site-packages/visualize
[0.672s] copying /home/naynn/Documents/fc2025/fc2025/build/visualize/build/lib/visualize/pose_node.py -> /home/naynn/Documents/fc2025/fc2025/install/visualize/lib/python3.10/site-packages/visualize
[0.672s] byte-compiling /home/naynn/Documents/fc2025/fc2025/install/visualize/lib/python3.10/site-packages/visualize/trajectory_node.py to trajectory_node.cpython-310.pyc
[0.673s] byte-compiling /home/naynn/Documents/fc2025/fc2025/install/visualize/lib/python3.10/site-packages/visualize/pose_node.py to pose_node.cpython-310.pyc
[0.674s] running install_data
[0.674s] copying resource/visualize -> /home/naynn/Documents/fc2025/fc2025/install/visualize/share/ament_index/resource_index/packages
[0.674s] copying package.xml -> /home/naynn/Documents/fc2025/fc2025/install/visualize/share/visualize
[0.674s] copying launch/visualize.launch.py -> /home/naynn/Documents/fc2025/fc2025/install/visualize/share/visualize/launch
[0.675s] running install_egg_info
[0.683s] removing '/home/naynn/Documents/fc2025/fc2025/install/visualize/lib/python3.10/site-packages/visualize-0.0.0-py3.10.egg-info' (and everything under it)
[0.683s] Copying ../../build/visualize/visualize.egg-info to /home/naynn/Documents/fc2025/fc2025/install/visualize/lib/python3.10/site-packages/visualize-0.0.0-py3.10.egg-info
[0.684s] running install_scripts
[0.705s] Installing pose_node script to /home/naynn/Documents/fc2025/fc2025/install/visualize/lib/visualize
[0.705s] Installing trajectory_node script to /home/naynn/Documents/fc2025/fc2025/install/visualize/lib/visualize
[0.705s] writing list of installed files to '/home/naynn/Documents/fc2025/fc2025/build/visualize/install.log'
[0.721s] Invoked command in '/home/naynn/Documents/fc2025/fc2025/src/visualize' returned '0': PYTHONPATH=/home/naynn/Documents/fc2025/fc2025/build/visualize/prefix_override:/usr/lib/python3/dist-packages/colcon_core/task/python/colcon_distutils_commands:/home/naynn/Documents/fc2025/fc2025/install/visualize/lib/python3.10/site-packages:${PYTHONPATH} /usr/bin/python3 -W ignore:setup.py install is deprecated -W ignore:easy_install command is deprecated setup.py egg_info --egg-base ../../build/visualize build --build-base /home/naynn/Documents/fc2025/fc2025/build/visualize/build install --record /home/naynn/Documents/fc2025/fc2025/build/visualize/install.log --single-version-externally-managed install_data
