running egg_info
creating ../build/visualize/visualize.egg-info
writing ../build/visualize/visualize.egg-info/PKG-INFO
writing dependency_links to ../build/visualize/visualize.egg-info/dependency_links.txt
writing entry points to ../build/visualize/visualize.egg-info/entry_points.txt
writing requirements to ../build/visualize/visualize.egg-info/requires.txt
writing top-level names to ../build/visualize/visualize.egg-info/top_level.txt
writing manifest file '../build/visualize/visualize.egg-info/SOURCES.txt'
reading manifest file '../build/visualize/visualize.egg-info/SOURCES.txt'
adding license file 'LICENSE'
writing manifest file '../build/visualize/visualize.egg-info/SOURCES.txt'
running build
running build_py
creating /home/naynn/Documents/fc2025/fc2025/src/build/visualize/build/lib/visualize
copying visualize/__init__.py -> /home/naynn/Documents/fc2025/fc2025/src/build/visualize/build/lib/visualize
copying visualize/trajectory_node.py -> /home/naynn/Documents/fc2025/fc2025/src/build/visualize/build/lib/visualize
copying visualize/pose_node.py -> /home/naynn/Documents/fc2025/fc2025/src/build/visualize/build/lib/visualize
running install
running install_lib
creating /home/naynn/Documents/fc2025/fc2025/src/install/visualize/lib/python3.10/site-packages/visualize
copying /home/naynn/Documents/fc2025/fc2025/src/build/visualize/build/lib/visualize/__init__.py -> /home/naynn/Documents/fc2025/fc2025/src/install/visualize/lib/python3.10/site-packages/visualize
copying /home/naynn/Documents/fc2025/fc2025/src/build/visualize/build/lib/visualize/trajectory_node.py -> /home/naynn/Documents/fc2025/fc2025/src/install/visualize/lib/python3.10/site-packages/visualize
copying /home/naynn/Documents/fc2025/fc2025/src/build/visualize/build/lib/visualize/pose_node.py -> /home/naynn/Documents/fc2025/fc2025/src/install/visualize/lib/python3.10/site-packages/visualize
byte-compiling /home/naynn/Documents/fc2025/fc2025/src/install/visualize/lib/python3.10/site-packages/visualize/__init__.py to __init__.cpython-310.pyc
byte-compiling /home/naynn/Documents/fc2025/fc2025/src/install/visualize/lib/python3.10/site-packages/visualize/trajectory_node.py to trajectory_node.cpython-310.pyc
byte-compiling /home/naynn/Documents/fc2025/fc2025/src/install/visualize/lib/python3.10/site-packages/visualize/pose_node.py to pose_node.cpython-310.pyc
running install_data
creating /home/naynn/Documents/fc2025/fc2025/src/install/visualize/share/ament_index/resource_index/packages
copying resource/visualize -> /home/naynn/Documents/fc2025/fc2025/src/install/visualize/share/ament_index/resource_index/packages
copying package.xml -> /home/naynn/Documents/fc2025/fc2025/src/install/visualize/share/visualize
creating /home/naynn/Documents/fc2025/fc2025/src/install/visualize/share/visualize/launch
copying launch/visualize.launch.py -> /home/naynn/Documents/fc2025/fc2025/src/install/visualize/share/visualize/launch
running install_egg_info
Copying ../build/visualize/visualize.egg-info to /home/naynn/Documents/fc2025/fc2025/src/install/visualize/lib/python3.10/site-packages/visualize-0.0.0-py3.10.egg-info
running install_scripts
Installing pose_node script to /home/naynn/Documents/fc2025/fc2025/src/install/visualize/lib/visualize
Installing trajectory_node script to /home/naynn/Documents/fc2025/fc2025/src/install/visualize/lib/visualize
writing list of installed files to '/home/naynn/Documents/fc2025/fc2025/src/build/visualize/install.log'
