[0.746s] Invoking command in '/home/naynn/Documents/fc2025/fc2025/src/visualize': PYTHONPATH=/home/naynn/Documents/fc2025/fc2025/src/build/visualize/prefix_override:/usr/lib/python3/dist-packages/colcon_core/task/python/colcon_distutils_commands:/home/naynn/Documents/fc2025/fc2025/src/install/visualize/lib/python3.10/site-packages:${PYTHONPATH} /usr/bin/python3 -W ignore:setup.py install is deprecated -W ignore:easy_install command is deprecated setup.py egg_info --egg-base ../build/visualize build --build-base /home/naynn/Documents/fc2025/fc2025/src/build/visualize/build install --record /home/naynn/Documents/fc2025/fc2025/src/build/visualize/install.log --single-version-externally-managed install_data
[0.890s] running egg_info
[0.898s] creating ../build/visualize/visualize.egg-info
[0.898s] writing ../build/visualize/visualize.egg-info/PKG-INFO
[0.899s] writing dependency_links to ../build/visualize/visualize.egg-info/dependency_links.txt
[0.899s] writing entry points to ../build/visualize/visualize.egg-info/entry_points.txt
[0.899s] writing requirements to ../build/visualize/visualize.egg-info/requires.txt
[0.899s] writing top-level names to ../build/visualize/visualize.egg-info/top_level.txt
[0.953s] writing manifest file '../build/visualize/visualize.egg-info/SOURCES.txt'
[0.970s] reading manifest file '../build/visualize/visualize.egg-info/SOURCES.txt'
[0.970s] adding license file 'LICENSE'
[0.971s] writing manifest file '../build/visualize/visualize.egg-info/SOURCES.txt'
[0.971s] running build
[0.971s] running build_py
[0.971s] creating /home/naynn/Documents/fc2025/fc2025/src/build/visualize/build/lib/visualize
[0.971s] copying visualize/__init__.py -> /home/naynn/Documents/fc2025/fc2025/src/build/visualize/build/lib/visualize
[0.971s] copying visualize/trajectory_node.py -> /home/naynn/Documents/fc2025/fc2025/src/build/visualize/build/lib/visualize
[0.971s] copying visualize/pose_node.py -> /home/naynn/Documents/fc2025/fc2025/src/build/visualize/build/lib/visualize
[0.971s] running install
[0.974s] running install_lib
[0.983s] creating /home/naynn/Documents/fc2025/fc2025/src/install/visualize/lib/python3.10/site-packages/visualize
[0.983s] copying /home/naynn/Documents/fc2025/fc2025/src/build/visualize/build/lib/visualize/__init__.py -> /home/naynn/Documents/fc2025/fc2025/src/install/visualize/lib/python3.10/site-packages/visualize
[0.983s] copying /home/naynn/Documents/fc2025/fc2025/src/build/visualize/build/lib/visualize/trajectory_node.py -> /home/naynn/Documents/fc2025/fc2025/src/install/visualize/lib/python3.10/site-packages/visualize
[0.983s] copying /home/naynn/Documents/fc2025/fc2025/src/build/visualize/build/lib/visualize/pose_node.py -> /home/naynn/Documents/fc2025/fc2025/src/install/visualize/lib/python3.10/site-packages/visualize
[0.983s] byte-compiling /home/naynn/Documents/fc2025/fc2025/src/install/visualize/lib/python3.10/site-packages/visualize/__init__.py to __init__.cpython-310.pyc
[0.983s] byte-compiling /home/naynn/Documents/fc2025/fc2025/src/install/visualize/lib/python3.10/site-packages/visualize/trajectory_node.py to trajectory_node.cpython-310.pyc
[0.984s] byte-compiling /home/naynn/Documents/fc2025/fc2025/src/install/visualize/lib/python3.10/site-packages/visualize/pose_node.py to pose_node.cpython-310.pyc
[0.985s] running install_data
[0.985s] creating /home/naynn/Documents/fc2025/fc2025/src/install/visualize/share/ament_index/resource_index/packages
[0.985s] copying resource/visualize -> /home/naynn/Documents/fc2025/fc2025/src/install/visualize/share/ament_index/resource_index/packages
[0.985s] copying package.xml -> /home/naynn/Documents/fc2025/fc2025/src/install/visualize/share/visualize
[0.985s] creating /home/naynn/Documents/fc2025/fc2025/src/install/visualize/share/visualize/launch
[0.985s] copying launch/visualize.launch.py -> /home/naynn/Documents/fc2025/fc2025/src/install/visualize/share/visualize/launch
[0.985s] running install_egg_info
[0.994s] Copying ../build/visualize/visualize.egg-info to /home/naynn/Documents/fc2025/fc2025/src/install/visualize/lib/python3.10/site-packages/visualize-0.0.0-py3.10.egg-info
[0.994s] running install_scripts
[1.017s] Installing pose_node script to /home/naynn/Documents/fc2025/fc2025/src/install/visualize/lib/visualize
[1.017s] Installing trajectory_node script to /home/naynn/Documents/fc2025/fc2025/src/install/visualize/lib/visualize
[1.017s] writing list of installed files to '/home/naynn/Documents/fc2025/fc2025/src/build/visualize/install.log'
[1.041s] Invoked command in '/home/naynn/Documents/fc2025/fc2025/src/visualize' returned '0': PYTHONPATH=/home/naynn/Documents/fc2025/fc2025/src/build/visualize/prefix_override:/usr/lib/python3/dist-packages/colcon_core/task/python/colcon_distutils_commands:/home/naynn/Documents/fc2025/fc2025/src/install/visualize/lib/python3.10/site-packages:${PYTHONPATH} /usr/bin/python3 -W ignore:setup.py install is deprecated -W ignore:easy_install command is deprecated setup.py egg_info --egg-base ../build/visualize build --build-base /home/naynn/Documents/fc2025/fc2025/src/build/visualize/build install --record /home/naynn/Documents/fc2025/fc2025/src/build/visualize/install.log --single-version-externally-managed install_data
