[0.754s] Invoking command in '/home/naynn/Documents/fc2025/fc2025/src/waypoint_gen': PYTHONPATH=/home/naynn/Documents/fc2025/fc2025/src/build/waypoint_gen/prefix_override:/usr/lib/python3/dist-packages/colcon_core/task/python/colcon_distutils_commands:/home/naynn/Documents/fc2025/fc2025/src/install/waypoint_gen/lib/python3.10/site-packages:${PYTHONPATH} /usr/bin/python3 -W ignore:setup.py install is deprecated -W ignore:easy_install command is deprecated setup.py egg_info --egg-base ../build/waypoint_gen build --build-base /home/naynn/Documents/fc2025/fc2025/src/build/waypoint_gen/build install --record /home/naynn/Documents/fc2025/fc2025/src/build/waypoint_gen/install.log --single-version-externally-managed install_data
[0.844s] /home/naynn/.local/lib/python3.10/site-packages/setuptools/_distutils/dist.py:270: UserWarning: Unknown distribution option: 'tests_require'
[0.844s]   warnings.warn(msg)
[0.893s] running egg_info
[0.901s] writing ../build/waypoint_gen/waypoint_gen.egg-info/PKG-INFO
[0.901s] writing dependency_links to ../build/waypoint_gen/waypoint_gen.egg-info/dependency_links.txt
[0.901s] writing entry points to ../build/waypoint_gen/waypoint_gen.egg-info/entry_points.txt
[0.902s] writing requirements to ../build/waypoint_gen/waypoint_gen.egg-info/requires.txt
[0.902s] writing top-level names to ../build/waypoint_gen/waypoint_gen.egg-info/top_level.txt
[0.978s] reading manifest file '../build/waypoint_gen/waypoint_gen.egg-info/SOURCES.txt'
[0.979s] adding license file 'LICENSE'
[0.979s] writing manifest file '../build/waypoint_gen/waypoint_gen.egg-info/SOURCES.txt'
[0.980s] running build
[0.980s] running build_py
[0.980s] copying waypoint_gen/__init__.py -> /home/naynn/Documents/fc2025/fc2025/src/build/waypoint_gen/build/lib/waypoint_gen
[0.980s] copying waypoint_gen/node.py -> /home/naynn/Documents/fc2025/fc2025/src/build/waypoint_gen/build/lib/waypoint_gen
[0.980s] running install
[0.983s] running install_lib
[0.991s] creating /home/naynn/Documents/fc2025/fc2025/src/install/waypoint_gen/lib/python3.10/site-packages/waypoint_gen
[0.991s] copying /home/naynn/Documents/fc2025/fc2025/src/build/waypoint_gen/build/lib/waypoint_gen/__init__.py -> /home/naynn/Documents/fc2025/fc2025/src/install/waypoint_gen/lib/python3.10/site-packages/waypoint_gen
[0.991s] copying /home/naynn/Documents/fc2025/fc2025/src/build/waypoint_gen/build/lib/waypoint_gen/node.py -> /home/naynn/Documents/fc2025/fc2025/src/install/waypoint_gen/lib/python3.10/site-packages/waypoint_gen
[0.992s] byte-compiling /home/naynn/Documents/fc2025/fc2025/src/install/waypoint_gen/lib/python3.10/site-packages/waypoint_gen/__init__.py to __init__.cpython-310.pyc
[0.992s] byte-compiling /home/naynn/Documents/fc2025/fc2025/src/install/waypoint_gen/lib/python3.10/site-packages/waypoint_gen/node.py to node.cpython-310.pyc
[0.993s] running install_data
[0.993s] creating /home/naynn/Documents/fc2025/fc2025/src/install/waypoint_gen/share/ament_index/resource_index/packages
[0.993s] copying resource/waypoint_gen -> /home/naynn/Documents/fc2025/fc2025/src/install/waypoint_gen/share/ament_index/resource_index/packages
[0.993s] copying package.xml -> /home/naynn/Documents/fc2025/fc2025/src/install/waypoint_gen/share/waypoint_gen
[0.993s] running install_egg_info
[1.002s] Copying ../build/waypoint_gen/waypoint_gen.egg-info to /home/naynn/Documents/fc2025/fc2025/src/install/waypoint_gen/lib/python3.10/site-packages/waypoint_gen-0.0.0-py3.10.egg-info
[1.003s] running install_scripts
[1.024s] Installing node script to /home/naynn/Documents/fc2025/fc2025/src/install/waypoint_gen/lib/waypoint_gen
[1.025s] writing list of installed files to '/home/naynn/Documents/fc2025/fc2025/src/build/waypoint_gen/install.log'
[1.050s] Invoked command in '/home/naynn/Documents/fc2025/fc2025/src/waypoint_gen' returned '0': PYTHONPATH=/home/naynn/Documents/fc2025/fc2025/src/build/waypoint_gen/prefix_override:/usr/lib/python3/dist-packages/colcon_core/task/python/colcon_distutils_commands:/home/naynn/Documents/fc2025/fc2025/src/install/waypoint_gen/lib/python3.10/site-packages:${PYTHONPATH} /usr/bin/python3 -W ignore:setup.py install is deprecated -W ignore:easy_install command is deprecated setup.py egg_info --egg-base ../build/waypoint_gen build --build-base /home/naynn/Documents/fc2025/fc2025/src/build/waypoint_gen/build install --record /home/naynn/Documents/fc2025/fc2025/src/build/waypoint_gen/install.log --single-version-externally-managed install_data
