[0.068s] DEBUG:colcon:Command line arguments: ['/usr/bin/colcon', 'build']
[0.068s] DEBUG:colcon:Parsed command line arguments: Namespace(log_base=None, log_level=None, verb_name='build', build_base='build', install_base='install', merge_install=False, symlink_install=False, test_result_base=None, continue_on_error=False, executor='parallel', parallel_workers=16, event_handlers=None, ignore_user_meta=False, metas=['./colcon.meta'], base_paths=['.'], packages_ignore=None, packages_ignore_regex=None, paths=None, packages_up_to=None, packages_up_to_regex=None, packages_above=None, packages_above_and_dependencies=None, packages_above_depth=None, packages_select_by_dep=None, packages_skip_by_dep=None, packages_skip_up_to=None, packages_select_build_failed=False, packages_skip_build_finished=False, packages_select_test_failures=False, packages_skip_test_passed=False, packages_select=None, packages_skip=None, packages_select_regex=None, packages_skip_regex=None, packages_start=None, packages_end=None, allow_overriding=[], cmake_args=None, cmake_target=None, cmake_target_skip_unavailable=False, cmake_clean_cache=False, cmake_clean_first=False, cmake_force_configure=False, ament_cmake_args=None, catkin_cmake_args=None, catkin_skip_building_tests=False, verb_parser=<colcon_defaults.argument_parser.defaults.DefaultArgumentsDecorator object at 0x72996c81d540>, verb_extension=<colcon_core.verb.build.BuildVerb object at 0x72996c96efb0>, main=<bound method BuildVerb.main of <colcon_core.verb.build.BuildVerb object at 0x72996c96efb0>>)
[0.097s] Level 1:colcon.colcon_core.package_discovery:discover_packages(colcon_meta) check parameters
[0.097s] Level 1:colcon.colcon_core.package_discovery:discover_packages(recursive) check parameters
[0.097s] Level 1:colcon.colcon_core.package_discovery:discover_packages(ignore) check parameters
[0.097s] Level 1:colcon.colcon_core.package_discovery:discover_packages(path) check parameters
[0.097s] Level 1:colcon.colcon_core.package_discovery:discover_packages(colcon_meta) discover
[0.097s] Level 1:colcon.colcon_core.package_discovery:discover_packages(recursive) discover
[0.097s] INFO:colcon.colcon_core.package_discovery:Crawling recursively for packages in '/home/naynn/Documents/fc2025/fc2025/src'
[0.097s] Level 1:colcon.colcon_core.package_identification:_identify(.) by extensions ['ignore', 'ignore_ament_install']
[0.097s] Level 1:colcon.colcon_core.package_identification:_identify(.) by extension 'ignore'
[0.097s] Level 1:colcon.colcon_core.package_identification:_identify(.) by extension 'ignore_ament_install'
[0.097s] Level 1:colcon.colcon_core.package_identification:_identify(.) by extensions ['colcon_pkg']
[0.097s] Level 1:colcon.colcon_core.package_identification:_identify(.) by extension 'colcon_pkg'
[0.097s] Level 1:colcon.colcon_core.package_identification:_identify(.) by extensions ['colcon_meta']
[0.097s] Level 1:colcon.colcon_core.package_identification:_identify(.) by extension 'colcon_meta'
[0.097s] Level 1:colcon.colcon_core.package_identification:_identify(.) by extensions ['ros']
[0.097s] Level 1:colcon.colcon_core.package_identification:_identify(.) by extension 'ros'
[0.106s] Level 1:colcon.colcon_core.package_identification:_identify(.) by extensions ['cmake', 'python']
[0.106s] Level 1:colcon.colcon_core.package_identification:_identify(.) by extension 'cmake'
[0.106s] Level 1:colcon.colcon_core.package_identification:_identify(.) by extension 'python'
[0.106s] Level 1:colcon.colcon_core.package_identification:_identify(.) by extensions ['python_setup_py']
[0.107s] Level 1:colcon.colcon_core.package_identification:_identify(.) by extension 'python_setup_py'
[0.107s] Level 1:colcon.colcon_core.package_identification:_identify(build) by extensions ['ignore', 'ignore_ament_install']
[0.107s] Level 1:colcon.colcon_core.package_identification:_identify(build) by extension 'ignore'
[0.107s] Level 1:colcon.colcon_core.package_identification:_identify(build) ignored
[0.107s] Level 1:colcon.colcon_core.package_identification:_identify(install) by extensions ['ignore', 'ignore_ament_install']
[0.107s] Level 1:colcon.colcon_core.package_identification:_identify(install) by extension 'ignore'
[0.107s] Level 1:colcon.colcon_core.package_identification:_identify(install) ignored
[0.107s] Level 1:colcon.colcon_core.package_identification:_identify(log) by extensions ['ignore', 'ignore_ament_install']
[0.107s] Level 1:colcon.colcon_core.package_identification:_identify(log) by extension 'ignore'
[0.107s] Level 1:colcon.colcon_core.package_identification:_identify(log) ignored
[0.107s] Level 1:colcon.colcon_core.package_identification:_identify(node_test) by extensions ['ignore', 'ignore_ament_install']
[0.107s] Level 1:colcon.colcon_core.package_identification:_identify(node_test) by extension 'ignore'
[0.107s] Level 1:colcon.colcon_core.package_identification:_identify(node_test) by extension 'ignore_ament_install'
[0.107s] Level 1:colcon.colcon_core.package_identification:_identify(node_test) by extensions ['colcon_pkg']
[0.107s] Level 1:colcon.colcon_core.package_identification:_identify(node_test) by extension 'colcon_pkg'
[0.107s] Level 1:colcon.colcon_core.package_identification:_identify(node_test) by extensions ['colcon_meta']
[0.107s] Level 1:colcon.colcon_core.package_identification:_identify(node_test) by extension 'colcon_meta'
[0.107s] Level 1:colcon.colcon_core.package_identification:_identify(node_test) by extensions ['ros']
[0.107s] Level 1:colcon.colcon_core.package_identification:_identify(node_test) by extension 'ros'
[0.109s] DEBUG:colcon.colcon_core.package_identification:Package 'node_test' with type 'ros.ament_python' and name 'node_test'
[0.109s] Level 1:colcon.colcon_core.package_identification:_identify(visualize) by extensions ['ignore', 'ignore_ament_install']
[0.109s] Level 1:colcon.colcon_core.package_identification:_identify(visualize) by extension 'ignore'
[0.109s] Level 1:colcon.colcon_core.package_identification:_identify(visualize) by extension 'ignore_ament_install'
[0.109s] Level 1:colcon.colcon_core.package_identification:_identify(visualize) by extensions ['colcon_pkg']
[0.110s] Level 1:colcon.colcon_core.package_identification:_identify(visualize) by extension 'colcon_pkg'
[0.110s] Level 1:colcon.colcon_core.package_identification:_identify(visualize) by extensions ['colcon_meta']
[0.110s] Level 1:colcon.colcon_core.package_identification:_identify(visualize) by extension 'colcon_meta'
[0.110s] Level 1:colcon.colcon_core.package_identification:_identify(visualize) by extensions ['ros']
[0.110s] Level 1:colcon.colcon_core.package_identification:_identify(visualize) by extension 'ros'
[0.110s] DEBUG:colcon.colcon_core.package_identification:Package 'visualize' with type 'ros.ament_python' and name 'visualize'
[0.110s] Level 1:colcon.colcon_core.package_identification:_identify(waypoint_gen) by extensions ['ignore', 'ignore_ament_install']
[0.110s] Level 1:colcon.colcon_core.package_identification:_identify(waypoint_gen) by extension 'ignore'
[0.111s] Level 1:colcon.colcon_core.package_identification:_identify(waypoint_gen) by extension 'ignore_ament_install'
[0.111s] Level 1:colcon.colcon_core.package_identification:_identify(waypoint_gen) by extensions ['colcon_pkg']
[0.111s] Level 1:colcon.colcon_core.package_identification:_identify(waypoint_gen) by extension 'colcon_pkg'
[0.111s] Level 1:colcon.colcon_core.package_identification:_identify(waypoint_gen) by extensions ['colcon_meta']
[0.111s] Level 1:colcon.colcon_core.package_identification:_identify(waypoint_gen) by extension 'colcon_meta'
[0.111s] Level 1:colcon.colcon_core.package_identification:_identify(waypoint_gen) by extensions ['ros']
[0.111s] Level 1:colcon.colcon_core.package_identification:_identify(waypoint_gen) by extension 'ros'
[0.111s] DEBUG:colcon.colcon_core.package_identification:Package 'waypoint_gen' with type 'ros.ament_python' and name 'waypoint_gen'
[0.111s] Level 1:colcon.colcon_core.package_discovery:discover_packages(recursive) using defaults
[0.111s] Level 1:colcon.colcon_core.package_discovery:discover_packages(ignore) discover
[0.111s] Level 1:colcon.colcon_core.package_discovery:discover_packages(ignore) using defaults
[0.111s] Level 1:colcon.colcon_core.package_discovery:discover_packages(path) discover
[0.111s] Level 1:colcon.colcon_core.package_discovery:discover_packages(path) using defaults
[0.126s] Level 1:colcon.colcon_core.package_discovery:discover_packages(prefix_path) check parameters
[0.126s] Level 1:colcon.colcon_core.package_discovery:discover_packages(prefix_path) discover
[0.128s] DEBUG:colcon.colcon_installed_package_information.package_discovery:Found 298 installed packages in /opt/ros/humble
[0.128s] Level 1:colcon.colcon_core.package_discovery:discover_packages(prefix_path) using defaults
[0.150s] Level 5:colcon.colcon_core.verb:set package 'node_test' build argument 'cmake_args' from command line to 'None'
[0.150s] Level 5:colcon.colcon_core.verb:set package 'node_test' build argument 'cmake_target' from command line to 'None'
[0.150s] Level 5:colcon.colcon_core.verb:set package 'node_test' build argument 'cmake_target_skip_unavailable' from command line to 'False'
[0.150s] Level 5:colcon.colcon_core.verb:set package 'node_test' build argument 'cmake_clean_cache' from command line to 'False'
[0.150s] Level 5:colcon.colcon_core.verb:set package 'node_test' build argument 'cmake_clean_first' from command line to 'False'
[0.150s] Level 5:colcon.colcon_core.verb:set package 'node_test' build argument 'cmake_force_configure' from command line to 'False'
[0.150s] Level 5:colcon.colcon_core.verb:set package 'node_test' build argument 'ament_cmake_args' from command line to 'None'
[0.150s] Level 5:colcon.colcon_core.verb:set package 'node_test' build argument 'catkin_cmake_args' from command line to 'None'
[0.150s] Level 5:colcon.colcon_core.verb:set package 'node_test' build argument 'catkin_skip_building_tests' from command line to 'False'
[0.150s] DEBUG:colcon.colcon_core.verb:Building package 'node_test' with the following arguments: {'ament_cmake_args': None, 'build_base': '/home/naynn/Documents/fc2025/fc2025/src/build/node_test', 'catkin_cmake_args': None, 'catkin_skip_building_tests': False, 'cmake_args': None, 'cmake_clean_cache': False, 'cmake_clean_first': False, 'cmake_force_configure': False, 'cmake_target': None, 'cmake_target_skip_unavailable': False, 'install_base': '/home/naynn/Documents/fc2025/fc2025/src/install/node_test', 'merge_install': False, 'path': '/home/naynn/Documents/fc2025/fc2025/src/node_test', 'symlink_install': False, 'test_result_base': None}
[0.150s] Level 5:colcon.colcon_core.verb:set package 'visualize' build argument 'cmake_args' from command line to 'None'
[0.150s] Level 5:colcon.colcon_core.verb:set package 'visualize' build argument 'cmake_target' from command line to 'None'
[0.150s] Level 5:colcon.colcon_core.verb:set package 'visualize' build argument 'cmake_target_skip_unavailable' from command line to 'False'
[0.150s] Level 5:colcon.colcon_core.verb:set package 'visualize' build argument 'cmake_clean_cache' from command line to 'False'
[0.150s] Level 5:colcon.colcon_core.verb:set package 'visualize' build argument 'cmake_clean_first' from command line to 'False'
[0.150s] Level 5:colcon.colcon_core.verb:set package 'visualize' build argument 'cmake_force_configure' from command line to 'False'
[0.150s] Level 5:colcon.colcon_core.verb:set package 'visualize' build argument 'ament_cmake_args' from command line to 'None'
[0.150s] Level 5:colcon.colcon_core.verb:set package 'visualize' build argument 'catkin_cmake_args' from command line to 'None'
[0.150s] Level 5:colcon.colcon_core.verb:set package 'visualize' build argument 'catkin_skip_building_tests' from command line to 'False'
[0.150s] DEBUG:colcon.colcon_core.verb:Building package 'visualize' with the following arguments: {'ament_cmake_args': None, 'build_base': '/home/naynn/Documents/fc2025/fc2025/src/build/visualize', 'catkin_cmake_args': None, 'catkin_skip_building_tests': False, 'cmake_args': None, 'cmake_clean_cache': False, 'cmake_clean_first': False, 'cmake_force_configure': False, 'cmake_target': None, 'cmake_target_skip_unavailable': False, 'install_base': '/home/naynn/Documents/fc2025/fc2025/src/install/visualize', 'merge_install': False, 'path': '/home/naynn/Documents/fc2025/fc2025/src/visualize', 'symlink_install': False, 'test_result_base': None}
[0.150s] Level 5:colcon.colcon_core.verb:set package 'waypoint_gen' build argument 'cmake_args' from command line to 'None'
[0.150s] Level 5:colcon.colcon_core.verb:set package 'waypoint_gen' build argument 'cmake_target' from command line to 'None'
[0.150s] Level 5:colcon.colcon_core.verb:set package 'waypoint_gen' build argument 'cmake_target_skip_unavailable' from command line to 'False'
[0.150s] Level 5:colcon.colcon_core.verb:set package 'waypoint_gen' build argument 'cmake_clean_cache' from command line to 'False'
[0.150s] Level 5:colcon.colcon_core.verb:set package 'waypoint_gen' build argument 'cmake_clean_first' from command line to 'False'
[0.150s] Level 5:colcon.colcon_core.verb:set package 'waypoint_gen' build argument 'cmake_force_configure' from command line to 'False'
[0.150s] Level 5:colcon.colcon_core.verb:set package 'waypoint_gen' build argument 'ament_cmake_args' from command line to 'None'
[0.150s] Level 5:colcon.colcon_core.verb:set package 'waypoint_gen' build argument 'catkin_cmake_args' from command line to 'None'
[0.150s] Level 5:colcon.colcon_core.verb:set package 'waypoint_gen' build argument 'catkin_skip_building_tests' from command line to 'False'
[0.150s] DEBUG:colcon.colcon_core.verb:Building package 'waypoint_gen' with the following arguments: {'ament_cmake_args': None, 'build_base': '/home/naynn/Documents/fc2025/fc2025/src/build/waypoint_gen', 'catkin_cmake_args': None, 'catkin_skip_building_tests': False, 'cmake_args': None, 'cmake_clean_cache': False, 'cmake_clean_first': False, 'cmake_force_configure': False, 'cmake_target': None, 'cmake_target_skip_unavailable': False, 'install_base': '/home/naynn/Documents/fc2025/fc2025/src/install/waypoint_gen', 'merge_install': False, 'path': '/home/naynn/Documents/fc2025/fc2025/src/waypoint_gen', 'symlink_install': False, 'test_result_base': None}
[0.150s] INFO:colcon.colcon_core.executor:Executing jobs using 'parallel' executor
[0.151s] DEBUG:colcon.colcon_parallel_executor.executor.parallel:run_until_complete
[0.151s] INFO:colcon.colcon_ros.task.ament_python.build:Building ROS package in '/home/naynn/Documents/fc2025/fc2025/src/node_test' with build type 'ament_python'
[0.151s] Level 1:colcon.colcon_core.shell:create_environment_hook('node_test', 'ament_prefix_path')
[0.153s] INFO:colcon.colcon_core.plugin_system:Skipping extension 'colcon_core.shell.bat': Not used on non-Windows systems
[0.153s] INFO:colcon.colcon_core.shell:Creating environment hook '/home/naynn/Documents/fc2025/fc2025/src/install/node_test/share/node_test/hook/ament_prefix_path.ps1'
[0.154s] INFO:colcon.colcon_core.shell:Creating environment descriptor '/home/naynn/Documents/fc2025/fc2025/src/install/node_test/share/node_test/hook/ament_prefix_path.dsv'
[0.154s] INFO:colcon.colcon_core.shell:Creating environment hook '/home/naynn/Documents/fc2025/fc2025/src/install/node_test/share/node_test/hook/ament_prefix_path.sh'
[0.154s] INFO:colcon.colcon_core.shell:Skip shell extension 'powershell' for command environment: Not usable outside of PowerShell
[0.155s] DEBUG:colcon.colcon_core.shell:Skip shell extension 'dsv' for command environment
[0.156s] INFO:colcon.colcon_ros.task.ament_python.build:Building ROS package in '/home/naynn/Documents/fc2025/fc2025/src/visualize' with build type 'ament_python'
[0.156s] Level 1:colcon.colcon_core.shell:create_environment_hook('visualize', 'ament_prefix_path')
[0.156s] INFO:colcon.colcon_core.shell:Creating environment hook '/home/naynn/Documents/fc2025/fc2025/src/install/visualize/share/visualize/hook/ament_prefix_path.ps1'
[0.157s] INFO:colcon.colcon_core.shell:Creating environment descriptor '/home/naynn/Documents/fc2025/fc2025/src/install/visualize/share/visualize/hook/ament_prefix_path.dsv'
[0.157s] INFO:colcon.colcon_core.shell:Creating environment hook '/home/naynn/Documents/fc2025/fc2025/src/install/visualize/share/visualize/hook/ament_prefix_path.sh'
[0.157s] INFO:colcon.colcon_core.shell:Skip shell extension 'powershell' for command environment: Not usable outside of PowerShell
[0.157s] DEBUG:colcon.colcon_core.shell:Skip shell extension 'dsv' for command environment
[0.159s] INFO:colcon.colcon_ros.task.ament_python.build:Building ROS package in '/home/naynn/Documents/fc2025/fc2025/src/waypoint_gen' with build type 'ament_python'
[0.159s] Level 1:colcon.colcon_core.shell:create_environment_hook('waypoint_gen', 'ament_prefix_path')
[0.159s] INFO:colcon.colcon_core.shell:Creating environment hook '/home/naynn/Documents/fc2025/fc2025/src/install/waypoint_gen/share/waypoint_gen/hook/ament_prefix_path.ps1'
[0.159s] INFO:colcon.colcon_core.shell:Creating environment descriptor '/home/naynn/Documents/fc2025/fc2025/src/install/waypoint_gen/share/waypoint_gen/hook/ament_prefix_path.dsv'
[0.159s] INFO:colcon.colcon_core.shell:Creating environment hook '/home/naynn/Documents/fc2025/fc2025/src/install/waypoint_gen/share/waypoint_gen/hook/ament_prefix_path.sh'
[0.160s] INFO:colcon.colcon_core.shell:Skip shell extension 'powershell' for command environment: Not usable outside of PowerShell
[0.160s] DEBUG:colcon.colcon_core.shell:Skip shell extension 'dsv' for command environment
[0.281s] INFO:colcon.colcon_core.task.python.build:Building Python package in '/home/naynn/Documents/fc2025/fc2025/src/node_test'
[0.281s] INFO:colcon.colcon_core.shell:Skip shell extension 'powershell' for command environment: Not usable outside of PowerShell
[0.281s] DEBUG:colcon.colcon_core.shell:Skip shell extension 'dsv' for command environment
[0.405s] INFO:colcon.colcon_core.task.python.build:Building Python package in '/home/naynn/Documents/fc2025/fc2025/src/visualize'
[0.405s] INFO:colcon.colcon_core.shell:Skip shell extension 'powershell' for command environment: Not usable outside of PowerShell
[0.405s] DEBUG:colcon.colcon_core.shell:Skip shell extension 'dsv' for command environment
[0.523s] INFO:colcon.colcon_core.task.python.build:Building Python package in '/home/naynn/Documents/fc2025/fc2025/src/waypoint_gen'
[0.523s] INFO:colcon.colcon_core.shell:Skip shell extension 'powershell' for command environment: Not usable outside of PowerShell
[0.523s] DEBUG:colcon.colcon_core.shell:Skip shell extension 'dsv' for command environment
[0.899s] DEBUG:colcon.colcon_core.event_handler.log_command:Invoking command in '/home/naynn/Documents/fc2025/fc2025/src/waypoint_gen': PYTHONPATH=/home/naynn/Documents/fc2025/fc2025/src/build/waypoint_gen/prefix_override:/usr/lib/python3/dist-packages/colcon_core/task/python/colcon_distutils_commands:/home/naynn/Documents/fc2025/fc2025/src/install/waypoint_gen/lib/python3.10/site-packages:${PYTHONPATH} /usr/bin/python3 -W ignore:setup.py install is deprecated -W ignore:easy_install command is deprecated setup.py egg_info --egg-base ../build/waypoint_gen build --build-base /home/naynn/Documents/fc2025/fc2025/src/build/waypoint_gen/build install --record /home/naynn/Documents/fc2025/fc2025/src/build/waypoint_gen/install.log --single-version-externally-managed install_data
[0.901s] DEBUG:colcon.colcon_core.event_handler.log_command:Invoking command in '/home/naynn/Documents/fc2025/fc2025/src/node_test': PYTHONPATH=/home/naynn/Documents/fc2025/fc2025/src/build/node_test/prefix_override:/usr/lib/python3/dist-packages/colcon_core/task/python/colcon_distutils_commands:/home/naynn/Documents/fc2025/fc2025/src/install/node_test/lib/python3.10/site-packages:${PYTHONPATH} /usr/bin/python3 -W ignore:setup.py install is deprecated -W ignore:easy_install command is deprecated setup.py egg_info --egg-base ../build/node_test build --build-base /home/naynn/Documents/fc2025/fc2025/src/build/node_test/build install --record /home/naynn/Documents/fc2025/fc2025/src/build/node_test/install.log --single-version-externally-managed install_data
[0.902s] DEBUG:colcon.colcon_core.event_handler.log_command:Invoking command in '/home/naynn/Documents/fc2025/fc2025/src/visualize': PYTHONPATH=/home/naynn/Documents/fc2025/fc2025/src/build/visualize/prefix_override:/usr/lib/python3/dist-packages/colcon_core/task/python/colcon_distutils_commands:/home/naynn/Documents/fc2025/fc2025/src/install/visualize/lib/python3.10/site-packages:${PYTHONPATH} /usr/bin/python3 -W ignore:setup.py install is deprecated -W ignore:easy_install command is deprecated setup.py egg_info --egg-base ../build/visualize build --build-base /home/naynn/Documents/fc2025/fc2025/src/build/visualize/build install --record /home/naynn/Documents/fc2025/fc2025/src/build/visualize/install.log --single-version-externally-managed install_data
[1.186s] DEBUG:colcon.colcon_core.event_handler.log_command:Invoked command in '/home/naynn/Documents/fc2025/fc2025/src/node_test' returned '0': PYTHONPATH=/home/naynn/Documents/fc2025/fc2025/src/build/node_test/prefix_override:/usr/lib/python3/dist-packages/colcon_core/task/python/colcon_distutils_commands:/home/naynn/Documents/fc2025/fc2025/src/install/node_test/lib/python3.10/site-packages:${PYTHONPATH} /usr/bin/python3 -W ignore:setup.py install is deprecated -W ignore:easy_install command is deprecated setup.py egg_info --egg-base ../build/node_test build --build-base /home/naynn/Documents/fc2025/fc2025/src/build/node_test/build install --record /home/naynn/Documents/fc2025/fc2025/src/build/node_test/install.log --single-version-externally-managed install_data
[1.188s] Level 1:colcon.colcon_core.environment:checking '/home/naynn/Documents/fc2025/fc2025/src/install/node_test' for CMake module files
[1.188s] Level 1:colcon.colcon_core.environment:checking '/home/naynn/Documents/fc2025/fc2025/src/install/node_test' for CMake config files
[1.189s] Level 1:colcon.colcon_core.environment:checking '/home/naynn/Documents/fc2025/fc2025/src/install/node_test/lib'
[1.189s] Level 1:colcon.colcon_core.environment:checking '/home/naynn/Documents/fc2025/fc2025/src/install/node_test/bin'
[1.189s] Level 1:colcon.colcon_core.environment:checking '/home/naynn/Documents/fc2025/fc2025/src/install/node_test/lib/pkgconfig/node_test.pc'
[1.189s] Level 1:colcon.colcon_core.environment:checking '/home/naynn/Documents/fc2025/fc2025/src/install/node_test/lib/python3.10/site-packages'
[1.189s] Level 1:colcon.colcon_core.shell:create_environment_hook('node_test', 'pythonpath')
[1.189s] INFO:colcon.colcon_core.shell:Creating environment hook '/home/naynn/Documents/fc2025/fc2025/src/install/node_test/share/node_test/hook/pythonpath.ps1'
[1.190s] INFO:colcon.colcon_core.shell:Creating environment descriptor '/home/naynn/Documents/fc2025/fc2025/src/install/node_test/share/node_test/hook/pythonpath.dsv'
[1.190s] INFO:colcon.colcon_core.shell:Creating environment hook '/home/naynn/Documents/fc2025/fc2025/src/install/node_test/share/node_test/hook/pythonpath.sh'
[1.190s] Level 1:colcon.colcon_core.environment:checking '/home/naynn/Documents/fc2025/fc2025/src/install/node_test/bin'
[1.190s] Level 1:colcon.colcon_core.environment:create_environment_scripts_only(node_test)
[1.190s] INFO:colcon.colcon_core.shell:Creating package script '/home/naynn/Documents/fc2025/fc2025/src/install/node_test/share/node_test/package.ps1'
[1.191s] INFO:colcon.colcon_core.shell:Creating package descriptor '/home/naynn/Documents/fc2025/fc2025/src/install/node_test/share/node_test/package.dsv'
[1.191s] INFO:colcon.colcon_core.shell:Creating package script '/home/naynn/Documents/fc2025/fc2025/src/install/node_test/share/node_test/package.sh'
[1.192s] INFO:colcon.colcon_core.shell:Creating package script '/home/naynn/Documents/fc2025/fc2025/src/install/node_test/share/node_test/package.bash'
[1.192s] INFO:colcon.colcon_core.shell:Creating package script '/home/naynn/Documents/fc2025/fc2025/src/install/node_test/share/node_test/package.zsh'
[1.193s] Level 1:colcon.colcon_core.environment:create_file_with_runtime_dependencies(/home/naynn/Documents/fc2025/fc2025/src/install/node_test/share/colcon-core/packages/node_test)
[1.193s] Level 1:colcon.colcon_core.environment:checking '/home/naynn/Documents/fc2025/fc2025/src/install/waypoint_gen' for CMake module files
[1.194s] DEBUG:colcon.colcon_core.event_handler.log_command:Invoked command in '/home/naynn/Documents/fc2025/fc2025/src/waypoint_gen' returned '0': PYTHONPATH=/home/naynn/Documents/fc2025/fc2025/src/build/waypoint_gen/prefix_override:/usr/lib/python3/dist-packages/colcon_core/task/python/colcon_distutils_commands:/home/naynn/Documents/fc2025/fc2025/src/install/waypoint_gen/lib/python3.10/site-packages:${PYTHONPATH} /usr/bin/python3 -W ignore:setup.py install is deprecated -W ignore:easy_install command is deprecated setup.py egg_info --egg-base ../build/waypoint_gen build --build-base /home/naynn/Documents/fc2025/fc2025/src/build/waypoint_gen/build install --record /home/naynn/Documents/fc2025/fc2025/src/build/waypoint_gen/install.log --single-version-externally-managed install_data
[1.194s] Level 1:colcon.colcon_core.environment:checking '/home/naynn/Documents/fc2025/fc2025/src/install/waypoint_gen' for CMake config files
[1.194s] Level 1:colcon.colcon_core.environment:checking '/home/naynn/Documents/fc2025/fc2025/src/install/waypoint_gen/lib'
[1.194s] Level 1:colcon.colcon_core.environment:checking '/home/naynn/Documents/fc2025/fc2025/src/install/waypoint_gen/bin'
[1.194s] Level 1:colcon.colcon_core.environment:checking '/home/naynn/Documents/fc2025/fc2025/src/install/waypoint_gen/lib/pkgconfig/waypoint_gen.pc'
[1.194s] Level 1:colcon.colcon_core.environment:checking '/home/naynn/Documents/fc2025/fc2025/src/install/waypoint_gen/lib/python3.10/site-packages'
[1.194s] Level 1:colcon.colcon_core.shell:create_environment_hook('waypoint_gen', 'pythonpath')
[1.195s] INFO:colcon.colcon_core.shell:Creating environment hook '/home/naynn/Documents/fc2025/fc2025/src/install/waypoint_gen/share/waypoint_gen/hook/pythonpath.ps1'
[1.195s] INFO:colcon.colcon_core.shell:Creating environment descriptor '/home/naynn/Documents/fc2025/fc2025/src/install/waypoint_gen/share/waypoint_gen/hook/pythonpath.dsv'
[1.195s] INFO:colcon.colcon_core.shell:Creating environment hook '/home/naynn/Documents/fc2025/fc2025/src/install/waypoint_gen/share/waypoint_gen/hook/pythonpath.sh'
[1.195s] Level 1:colcon.colcon_core.environment:checking '/home/naynn/Documents/fc2025/fc2025/src/install/waypoint_gen/bin'
[1.195s] Level 1:colcon.colcon_core.environment:create_environment_scripts_only(waypoint_gen)
[1.196s] INFO:colcon.colcon_core.shell:Creating package script '/home/naynn/Documents/fc2025/fc2025/src/install/waypoint_gen/share/waypoint_gen/package.ps1'
[1.196s] INFO:colcon.colcon_core.shell:Creating package descriptor '/home/naynn/Documents/fc2025/fc2025/src/install/waypoint_gen/share/waypoint_gen/package.dsv'
[1.196s] INFO:colcon.colcon_core.shell:Creating package script '/home/naynn/Documents/fc2025/fc2025/src/install/waypoint_gen/share/waypoint_gen/package.sh'
[1.196s] INFO:colcon.colcon_core.shell:Creating package script '/home/naynn/Documents/fc2025/fc2025/src/install/waypoint_gen/share/waypoint_gen/package.bash'
[1.196s] INFO:colcon.colcon_core.shell:Creating package script '/home/naynn/Documents/fc2025/fc2025/src/install/waypoint_gen/share/waypoint_gen/package.zsh'
[1.196s] Level 1:colcon.colcon_core.environment:create_file_with_runtime_dependencies(/home/naynn/Documents/fc2025/fc2025/src/install/waypoint_gen/share/colcon-core/packages/waypoint_gen)
[1.197s] Level 1:colcon.colcon_core.environment:checking '/home/naynn/Documents/fc2025/fc2025/src/install/visualize' for CMake module files
[1.197s] DEBUG:colcon.colcon_core.event_handler.log_command:Invoked command in '/home/naynn/Documents/fc2025/fc2025/src/visualize' returned '0': PYTHONPATH=/home/naynn/Documents/fc2025/fc2025/src/build/visualize/prefix_override:/usr/lib/python3/dist-packages/colcon_core/task/python/colcon_distutils_commands:/home/naynn/Documents/fc2025/fc2025/src/install/visualize/lib/python3.10/site-packages:${PYTHONPATH} /usr/bin/python3 -W ignore:setup.py install is deprecated -W ignore:easy_install command is deprecated setup.py egg_info --egg-base ../build/visualize build --build-base /home/naynn/Documents/fc2025/fc2025/src/build/visualize/build install --record /home/naynn/Documents/fc2025/fc2025/src/build/visualize/install.log --single-version-externally-managed install_data
[1.197s] Level 1:colcon.colcon_core.environment:checking '/home/naynn/Documents/fc2025/fc2025/src/install/visualize' for CMake config files
[1.198s] Level 1:colcon.colcon_core.environment:checking '/home/naynn/Documents/fc2025/fc2025/src/install/visualize/lib'
[1.198s] Level 1:colcon.colcon_core.environment:checking '/home/naynn/Documents/fc2025/fc2025/src/install/visualize/bin'
[1.198s] Level 1:colcon.colcon_core.environment:checking '/home/naynn/Documents/fc2025/fc2025/src/install/visualize/lib/pkgconfig/visualize.pc'
[1.198s] Level 1:colcon.colcon_core.environment:checking '/home/naynn/Documents/fc2025/fc2025/src/install/visualize/lib/python3.10/site-packages'
[1.198s] Level 1:colcon.colcon_core.shell:create_environment_hook('visualize', 'pythonpath')
[1.198s] INFO:colcon.colcon_core.shell:Creating environment hook '/home/naynn/Documents/fc2025/fc2025/src/install/visualize/share/visualize/hook/pythonpath.ps1'
[1.198s] INFO:colcon.colcon_core.shell:Creating environment descriptor '/home/naynn/Documents/fc2025/fc2025/src/install/visualize/share/visualize/hook/pythonpath.dsv'
[1.198s] INFO:colcon.colcon_core.shell:Creating environment hook '/home/naynn/Documents/fc2025/fc2025/src/install/visualize/share/visualize/hook/pythonpath.sh'
[1.199s] Level 1:colcon.colcon_core.environment:checking '/home/naynn/Documents/fc2025/fc2025/src/install/visualize/bin'
[1.199s] Level 1:colcon.colcon_core.environment:create_environment_scripts_only(visualize)
[1.199s] INFO:colcon.colcon_core.shell:Creating package script '/home/naynn/Documents/fc2025/fc2025/src/install/visualize/share/visualize/package.ps1'
[1.199s] INFO:colcon.colcon_core.shell:Creating package descriptor '/home/naynn/Documents/fc2025/fc2025/src/install/visualize/share/visualize/package.dsv'
[1.199s] INFO:colcon.colcon_core.shell:Creating package script '/home/naynn/Documents/fc2025/fc2025/src/install/visualize/share/visualize/package.sh'
[1.200s] INFO:colcon.colcon_core.shell:Creating package script '/home/naynn/Documents/fc2025/fc2025/src/install/visualize/share/visualize/package.bash'
[1.200s] INFO:colcon.colcon_core.shell:Creating package script '/home/naynn/Documents/fc2025/fc2025/src/install/visualize/share/visualize/package.zsh'
[1.200s] Level 1:colcon.colcon_core.environment:create_file_with_runtime_dependencies(/home/naynn/Documents/fc2025/fc2025/src/install/visualize/share/colcon-core/packages/visualize)
[1.200s] DEBUG:colcon.colcon_parallel_executor.executor.parallel:closing loop
[1.200s] DEBUG:colcon.colcon_parallel_executor.executor.parallel:loop closed
[1.200s] DEBUG:colcon.colcon_parallel_executor.executor.parallel:run_until_complete finished with '0'
[1.200s] DEBUG:colcon.colcon_core.event_reactor:joining thread
[1.203s] INFO:colcon.colcon_core.plugin_system:Skipping extension 'colcon_notification.desktop_notification.terminal_notifier': Not used on non-Darwin systems
[1.203s] INFO:colcon.colcon_core.plugin_system:Skipping extension 'colcon_notification.desktop_notification.win32': Not used on non-Windows systems
[1.203s] INFO:colcon.colcon_notification.desktop_notification:Sending desktop notification using 'notify2'
[1.215s] DEBUG:colcon.colcon_core.event_reactor:joined thread
[1.215s] INFO:colcon.colcon_core.shell:Creating prefix script '/home/naynn/Documents/fc2025/fc2025/src/install/local_setup.ps1'
[1.216s] INFO:colcon.colcon_core.shell:Creating prefix util module '/home/naynn/Documents/fc2025/fc2025/src/install/_local_setup_util_ps1.py'
[1.217s] INFO:colcon.colcon_core.shell:Creating prefix chain script '/home/naynn/Documents/fc2025/fc2025/src/install/setup.ps1'
[1.217s] INFO:colcon.colcon_core.shell:Creating prefix script '/home/naynn/Documents/fc2025/fc2025/src/install/local_setup.sh'
[1.218s] INFO:colcon.colcon_core.shell:Creating prefix util module '/home/naynn/Documents/fc2025/fc2025/src/install/_local_setup_util_sh.py'
[1.218s] INFO:colcon.colcon_core.shell:Creating prefix chain script '/home/naynn/Documents/fc2025/fc2025/src/install/setup.sh'
[1.219s] INFO:colcon.colcon_core.shell:Creating prefix script '/home/naynn/Documents/fc2025/fc2025/src/install/local_setup.bash'
[1.220s] INFO:colcon.colcon_core.shell:Creating prefix chain script '/home/naynn/Documents/fc2025/fc2025/src/install/setup.bash'
[1.220s] INFO:colcon.colcon_core.shell:Creating prefix script '/home/naynn/Documents/fc2025/fc2025/src/install/local_setup.zsh'
[1.220s] INFO:colcon.colcon_core.shell:Creating prefix chain script '/home/naynn/Documents/fc2025/fc2025/src/install/setup.zsh'
