running egg_info
writing ../build/pose/pose.egg-info/PKG-INFO
writing dependency_links to ../build/pose/pose.egg-info/dependency_links.txt
writing entry points to ../build/pose/pose.egg-info/entry_points.txt
writing requirements to ../build/pose/pose.egg-info/requires.txt
writing top-level names to ../build/pose/pose.egg-info/top_level.txt
reading manifest file '../build/pose/pose.egg-info/SOURCES.txt'
adding license file 'LICENSE'
writing manifest file '../build/pose/pose.egg-info/SOURCES.txt'
running build
running build_py
copying pose/__init__.py -> /home/naynn/Documents/fc2025/fc2025/src/build/pose/build/lib/pose
copying pose/nodepose.py -> /home/naynn/Documents/fc2025/fc2025/src/build/pose/build/lib/pose
running install
running install_lib
byte-compiling /home/naynn/Documents/fc2025/fc2025/src/install/pose/lib/python3.10/site-packages/pose/nodepose.py to nodepose.cpython-310.pyc
running install_data
copying resource/pose -> /home/naynn/Documents/fc2025/fc2025/src/install/pose/share/ament_index/resource_index/packages
copying package.xml -> /home/naynn/Documents/fc2025/fc2025/src/install/pose/share/pose
running install_egg_info
removing '/home/naynn/Documents/fc2025/fc2025/src/install/pose/lib/python3.10/site-packages/pose-0.0.0-py3.10.egg-info' (and everything under it)
Copying ../build/pose/pose.egg-info to /home/naynn/Documents/fc2025/fc2025/src/install/pose/lib/python3.10/site-packages/pose-0.0.0-py3.10.egg-info
running install_scripts
Installing node script to /home/naynn/Documents/fc2025/fc2025/src/install/pose/lib/pose
writing list of installed files to '/home/naynn/Documents/fc2025/fc2025/src/build/pose/install.log'
